ERROR - 2022-09-24 10:11:31 --> mysqli_sql_exception: Duplicate entry '202220222' for key 'identity' in /var/www/vhosts/blissful-napier.87-106-198-119.plesk.page/httpdocs/vendor/codeigniter4/framework/system/Database/MySQLi/Connection.php:292
Stack trace:
#0 /var/www/vhosts/blissful-napier.87-106-198-119.plesk.page/httpdocs/vendor/codeigniter4/framework/system/Database/MySQLi/Connection.php(292): mysqli->query()
#1 /var/www/vhosts/blissful-napier.87-106-198-119.plesk.page/httpdocs/vendor/codeigniter4/framework/system/Database/BaseConnection.php(693): CodeIgniter\Database\MySQLi\Connection->execute()
#2 /var/www/vhosts/blissful-napier.87-106-198-119.plesk.page/httpdocs/vendor/codeigniter4/framework/system/Database/BaseConnection.php(620): CodeIgniter\Database\BaseConnection->simpleQuery()
#3 /var/www/vhosts/blissful-napier.87-106-198-119.plesk.page/httpdocs/vendor/codeigniter4/framework/system/Database/BaseBuilder.php(1916): CodeIgniter\Database\BaseConnection->query()
#4 /var/www/vhosts/blissful-napier.87-106-198-119.plesk.page/httpdocs/vendor/codeigniter4/framework/system/Model.php(279): CodeIgniter\Database\BaseBuilder->insert()
#5 /var/www/vhosts/blissful-napier.87-106-198-119.plesk.page/httpdocs/vendor/codeigniter4/framework/system/BaseModel.php(738): CodeIgniter\Model->doInsert()
#6 /var/www/vhosts/blissful-napier.87-106-198-119.plesk.page/httpdocs/vendor/codeigniter4/framework/system/Model.php(667): CodeIgniter\BaseModel->insert()
#7 /var/www/vhosts/blissful-napier.87-106-198-119.plesk.page/httpdocs/vendor/codeigniter4/framework/system/BaseModel.php(658): CodeIgniter\Model->insert()
#8 /var/www/vhosts/blissful-napier.87-106-198-119.plesk.page/httpdocs/app/Controllers/UserController.php(76): CodeIgniter\BaseModel->save()
#9 /var/www/vhosts/blissful-napier.87-106-198-119.plesk.page/httpdocs/vendor/codeigniter4/framework/system/CodeIgniter.php(907): App\Controllers\UserController->save()
#10 /var/www/vhosts/blissful-napier.87-106-198-119.plesk.page/httpdocs/vendor/codeigniter4/framework/system/CodeIgniter.php(457): CodeIgniter\CodeIgniter->runController()
#11 /var/www/vhosts/blissful-napier.87-106-198-119.plesk.page/httpdocs/vendor/codeigniter4/framework/system/CodeIgniter.php(340): CodeIgniter\CodeIgniter->handleRequest()
#12 /var/www/vhosts/blissful-napier.87-106-198-119.plesk.page/httpdocs/public/index.php(67): CodeIgniter\CodeIgniter->run()
#13 {main}
CRITICAL - 2022-09-24 10:11:31 --> Duplicate entry '202220222' for key 'identity'
in SYSTEMPATH/Database/MySQLi/Connection.php on line 292.
 1 SYSTEMPATH/Database/MySQLi/Connection.php(292): mysqli->query()
 2 SYSTEMPATH/Database/BaseConnection.php(693): CodeIgniter\Database\MySQLi\Connection->execute()
 3 SYSTEMPATH/Database/BaseConnection.php(620): CodeIgniter\Database\BaseConnection->simpleQuery()
 4 SYSTEMPATH/Database/BaseBuilder.php(1916): CodeIgniter\Database\BaseConnection->query()
 5 SYSTEMPATH/Model.php(279): CodeIgniter\Database\BaseBuilder->insert()
 6 SYSTEMPATH/BaseModel.php(738): CodeIgniter\Model->doInsert()
 7 SYSTEMPATH/Model.php(667): CodeIgniter\BaseModel->insert()
 8 SYSTEMPATH/BaseModel.php(658): CodeIgniter\Model->insert()
 9 APPPATH/Controllers/UserController.php(76): CodeIgniter\BaseModel->save()
10 SYSTEMPATH/CodeIgniter.php(907): App\Controllers\UserController->save()
11 SYSTEMPATH/CodeIgniter.php(457): CodeIgniter\CodeIgniter->runController()
12 SYSTEMPATH/CodeIgniter.php(340): CodeIgniter\CodeIgniter->handleRequest()
13 FCPATH/index.php(67): CodeIgniter\CodeIgniter->run()
CRITICAL - 2022-09-24 12:56:07 --> Invalid file: templates/nav.php
in SYSTEMPATH/Exceptions/FrameworkException.php on line 33.
 1 SYSTEMPATH/View/View.php(201): CodeIgniter\Exceptions\FrameworkException::forInvalidFile()
 2 SYSTEMPATH/Common.php(1142): CodeIgniter\View\View->render()
 3 APPPATH/Controllers/Home.php(11): view()
 4 SYSTEMPATH/CodeIgniter.php(907): App\Controllers\Home->index()
 5 SYSTEMPATH/CodeIgniter.php(457): CodeIgniter\CodeIgniter->runController()
 6 SYSTEMPATH/CodeIgniter.php(340): CodeIgniter\CodeIgniter->handleRequest()
 7 FCPATH/index.php(67): CodeIgniter\CodeIgniter->run()
CRITICAL - 2022-09-24 12:56:53 --> Call to a member function findAll() on null
in APPPATH/Controllers/UserController.php on line 11.
 1 SYSTEMPATH/CodeIgniter.php(907): App\Controllers\UserController->list()
 2 SYSTEMPATH/CodeIgniter.php(457): CodeIgniter\CodeIgniter->runController()
 3 SYSTEMPATH/CodeIgniter.php(340): CodeIgniter\CodeIgniter->handleRequest()
 4 FCPATH/index.php(67): CodeIgniter\CodeIgniter->run()
CRITICAL - 2022-09-24 12:59:55 --> Call to a member function findAll() on null
in APPPATH/Controllers/CondoOwnerController.php on line 11.
 1 SYSTEMPATH/CodeIgniter.php(907): App\Controllers\CondoOwnerController->list()
 2 SYSTEMPATH/CodeIgniter.php(457): CodeIgniter\CodeIgniter->runController()
 3 SYSTEMPATH/CodeIgniter.php(340): CodeIgniter\CodeIgniter->handleRequest()
 4 FCPATH/index.php(67): CodeIgniter\CodeIgniter->run()
CRITICAL - 2022-09-24 13:00:52 --> Undefined array key "user_role"
in APPPATH/Views/user/list.php on line 32.
 1 APPPATH/Views/user/list.php(32): CodeIgniter\Debug\Exceptions->errorHandler()
 2 SYSTEMPATH/View/View.php(213): include('APPPATH/Views/user/list.php')
 3 SYSTEMPATH/View/View.php(216): CodeIgniter\View\View->CodeIgniter\View\{closure}()
 4 SYSTEMPATH/Common.php(1142): CodeIgniter\View\View->render()
 5 APPPATH/Controllers/CondoOwnerController.php(14): view()
 6 SYSTEMPATH/CodeIgniter.php(907): App\Controllers\CondoOwnerController->list()
 7 SYSTEMPATH/CodeIgniter.php(457): CodeIgniter\CodeIgniter->runController()
 8 SYSTEMPATH/CodeIgniter.php(340): CodeIgniter\CodeIgniter->handleRequest()
 9 FCPATH/index.php(67): CodeIgniter\CodeIgniter->run()
CRITICAL - 2022-09-24 13:01:15 --> Undefined array key "user_id"
in APPPATH/Views/user/list.php on line 33.
 1 APPPATH/Views/user/list.php(33): CodeIgniter\Debug\Exceptions->errorHandler()
 2 SYSTEMPATH/View/View.php(213): include('APPPATH/Views/user/list.php')
 3 SYSTEMPATH/View/View.php(216): CodeIgniter\View\View->CodeIgniter\View\{closure}()
 4 SYSTEMPATH/Common.php(1142): CodeIgniter\View\View->render()
 5 APPPATH/Controllers/CondoOwnerController.php(14): view()
 6 SYSTEMPATH/CodeIgniter.php(907): App\Controllers\CondoOwnerController->list()
 7 SYSTEMPATH/CodeIgniter.php(457): CodeIgniter\CodeIgniter->runController()
 8 SYSTEMPATH/CodeIgniter.php(340): CodeIgniter\CodeIgniter->handleRequest()
 9 FCPATH/index.php(67): CodeIgniter\CodeIgniter->run()
