CRITICAL - 2022-10-18 00:42:24 --> Class "App\Filters\ReserveAccess" not found
in SYSTEMPATH/Filters/Filters.php on line 166.
 1 SYSTEMPATH/CodeIgniter.php(431): CodeIgniter\Filters\Filters->run()
 2 SYSTEMPATH/CodeIgniter.php(340): CodeIgniter\CodeIgniter->handleRequest()
 3 FCPATH/index.php(68): CodeIgniter\CodeIgniter->run()
CRITICAL - 2022-10-18 00:41:49 --> Undefined variable $items
in APPPATH/Views/reservation/request.php on line 99.
 1 APPPATH/Views/reservation/request.php(99): CodeIgniter\Debug\Exceptions->errorHandler()
 2 SYSTEMPATH/View/View.php(213): include('APPPATH/Views/reservation/request.php')
 3 SYSTEMPATH/View/View.php(216): CodeIgniter\View\View->CodeIgniter\View\{closure}()
 4 SYSTEMPATH/Common.php(1142): CodeIgniter\View\View->render()
 5 APPPATH/Controllers/reservationController.php(57): view()
 6 SYSTEMPATH/CodeIgniter.php(907): App\Controllers\reservationController->request()
 7 SYSTEMPATH/CodeIgniter.php(457): CodeIgniter\CodeIgniter->runController()
 8 SYSTEMPATH/CodeIgniter.php(340): CodeIgniter\CodeIgniter->handleRequest()
 9 FCPATH/index.php(68): CodeIgniter\CodeIgniter->run()
CRITICAL - 2022-10-18 01:52:20 --> Undefined array key "common_area_id"
in APPPATH/Views/reservation/request.php on line 83.
 1 APPPATH/Views/reservation/request.php(83): CodeIgniter\Debug\Exceptions->errorHandler()
 2 SYSTEMPATH/View/View.php(213): include('APPPATH/Views/reservation/request.php')
 3 SYSTEMPATH/View/View.php(216): CodeIgniter\View\View->CodeIgniter\View\{closure}()
 4 SYSTEMPATH/Common.php(1142): CodeIgniter\View\View->render()
 5 APPPATH/Controllers/reservationController.php(57): view()
 6 SYSTEMPATH/CodeIgniter.php(907): App\Controllers\reservationController->request()
 7 SYSTEMPATH/CodeIgniter.php(457): CodeIgniter\CodeIgniter->runController()
 8 SYSTEMPATH/CodeIgniter.php(340): CodeIgniter\CodeIgniter->handleRequest()
 9 FCPATH/index.php(68): CodeIgniter\CodeIgniter->run()
CRITICAL - 2022-10-18 01:52:25 --> Undefined array key "common_area_id"
in APPPATH/Views/reservation/request.php on line 83.
 1 APPPATH/Views/reservation/request.php(83): CodeIgniter\Debug\Exceptions->errorHandler()
 2 SYSTEMPATH/View/View.php(213): include('APPPATH/Views/reservation/request.php')
 3 SYSTEMPATH/View/View.php(216): CodeIgniter\View\View->CodeIgniter\View\{closure}()
 4 SYSTEMPATH/Common.php(1142): CodeIgniter\View\View->render()
 5 APPPATH/Controllers/reservationController.php(57): view()
 6 SYSTEMPATH/CodeIgniter.php(907): App\Controllers\reservationController->request()
 7 SYSTEMPATH/CodeIgniter.php(457): CodeIgniter\CodeIgniter->runController()
 8 SYSTEMPATH/CodeIgniter.php(340): CodeIgniter\CodeIgniter->handleRequest()
 9 FCPATH/index.php(68): CodeIgniter\CodeIgniter->run()
CRITICAL - 2022-10-18 01:52:28 --> Undefined array key "common_area_id"
in APPPATH/Views/reservation/request.php on line 83.
 1 APPPATH/Views/reservation/request.php(83): CodeIgniter\Debug\Exceptions->errorHandler()
 2 SYSTEMPATH/View/View.php(213): include('APPPATH/Views/reservation/request.php')
 3 SYSTEMPATH/View/View.php(216): CodeIgniter\View\View->CodeIgniter\View\{closure}()
 4 SYSTEMPATH/Common.php(1142): CodeIgniter\View\View->render()
 5 APPPATH/Controllers/reservationController.php(57): view()
 6 SYSTEMPATH/CodeIgniter.php(907): App\Controllers\reservationController->request()
 7 SYSTEMPATH/CodeIgniter.php(457): CodeIgniter\CodeIgniter->runController()
 8 SYSTEMPATH/CodeIgniter.php(340): CodeIgniter\CodeIgniter->handleRequest()
 9 FCPATH/index.php(68): CodeIgniter\CodeIgniter->run()
CRITICAL - 2022-10-18 01:52:37 --> Undefined array key "common_area_id"
in APPPATH/Views/reservation/request.php on line 83.
 1 APPPATH/Views/reservation/request.php(83): CodeIgniter\Debug\Exceptions->errorHandler()
 2 SYSTEMPATH/View/View.php(213): include('APPPATH/Views/reservation/request.php')
 3 SYSTEMPATH/View/View.php(216): CodeIgniter\View\View->CodeIgniter\View\{closure}()
 4 SYSTEMPATH/Common.php(1142): CodeIgniter\View\View->render()
 5 APPPATH/Controllers/reservationController.php(57): view()
 6 SYSTEMPATH/CodeIgniter.php(907): App\Controllers\reservationController->request()
 7 SYSTEMPATH/CodeIgniter.php(457): CodeIgniter\CodeIgniter->runController()
 8 SYSTEMPATH/CodeIgniter.php(340): CodeIgniter\CodeIgniter->handleRequest()
 9 FCPATH/index.php(68): CodeIgniter\CodeIgniter->run()
CRITICAL - 2022-10-18 01:53:03 --> Undefined array key "common_area_id"
in APPPATH/Views/reservation/request.php on line 83.
 1 APPPATH/Views/reservation/request.php(83): CodeIgniter\Debug\Exceptions->errorHandler()
 2 SYSTEMPATH/View/View.php(213): include('APPPATH/Views/reservation/request.php')
 3 SYSTEMPATH/View/View.php(216): CodeIgniter\View\View->CodeIgniter\View\{closure}()
 4 SYSTEMPATH/Common.php(1142): CodeIgniter\View\View->render()
 5 APPPATH/Controllers/reservationController.php(57): view()
 6 SYSTEMPATH/CodeIgniter.php(907): App\Controllers\reservationController->request()
 7 SYSTEMPATH/CodeIgniter.php(457): CodeIgniter\CodeIgniter->runController()
 8 SYSTEMPATH/CodeIgniter.php(340): CodeIgniter\CodeIgniter->handleRequest()
 9 FCPATH/index.php(68): CodeIgniter\CodeIgniter->run()
CRITICAL - 2022-10-18 01:53:09 --> Undefined array key "common_area_id"
in APPPATH/Views/reservation/request.php on line 83.
 1 APPPATH/Views/reservation/request.php(83): CodeIgniter\Debug\Exceptions->errorHandler()
 2 SYSTEMPATH/View/View.php(213): include('APPPATH/Views/reservation/request.php')
 3 SYSTEMPATH/View/View.php(216): CodeIgniter\View\View->CodeIgniter\View\{closure}()
 4 SYSTEMPATH/Common.php(1142): CodeIgniter\View\View->render()
 5 APPPATH/Controllers/reservationController.php(57): view()
 6 SYSTEMPATH/CodeIgniter.php(907): App\Controllers\reservationController->request()
 7 SYSTEMPATH/CodeIgniter.php(457): CodeIgniter\CodeIgniter->runController()
 8 SYSTEMPATH/CodeIgniter.php(340): CodeIgniter\CodeIgniter->handleRequest()
 9 FCPATH/index.php(68): CodeIgniter\CodeIgniter->run()
CRITICAL - 2022-10-18 01:53:54 --> Undefined array key "common_area_id"
in APPPATH/Views/reservation/request.php on line 83.
 1 APPPATH/Views/reservation/request.php(83): CodeIgniter\Debug\Exceptions->errorHandler()
 2 SYSTEMPATH/View/View.php(213): include('APPPATH/Views/reservation/request.php')
 3 SYSTEMPATH/View/View.php(216): CodeIgniter\View\View->CodeIgniter\View\{closure}()
 4 SYSTEMPATH/Common.php(1142): CodeIgniter\View\View->render()
 5 APPPATH/Controllers/reservationController.php(57): view()
 6 SYSTEMPATH/CodeIgniter.php(907): App\Controllers\reservationController->request()
 7 SYSTEMPATH/CodeIgniter.php(457): CodeIgniter\CodeIgniter->runController()
 8 SYSTEMPATH/CodeIgniter.php(340): CodeIgniter\CodeIgniter->handleRequest()
 9 FCPATH/index.php(68): CodeIgniter\CodeIgniter->run()
CRITICAL - 2022-10-18 01:55:12 --> Undefined array key "common_area_id"
in APPPATH/Views/reservation/request.php on line 84.
 1 APPPATH/Views/reservation/request.php(84): CodeIgniter\Debug\Exceptions->errorHandler()
 2 SYSTEMPATH/View/View.php(213): include('APPPATH/Views/reservation/request.php')
 3 SYSTEMPATH/View/View.php(216): CodeIgniter\View\View->CodeIgniter\View\{closure}()
 4 SYSTEMPATH/Common.php(1142): CodeIgniter\View\View->render()
 5 APPPATH/Controllers/reservationController.php(57): view()
 6 SYSTEMPATH/CodeIgniter.php(907): App\Controllers\reservationController->request()
 7 SYSTEMPATH/CodeIgniter.php(457): CodeIgniter\CodeIgniter->runController()
 8 SYSTEMPATH/CodeIgniter.php(340): CodeIgniter\CodeIgniter->handleRequest()
 9 FCPATH/index.php(68): CodeIgniter\CodeIgniter->run()
CRITICAL - 2022-10-18 01:57:23 --> Undefined array key "common_area_id"
in APPPATH/Views/reservation/request.php on line 83.
 1 APPPATH/Views/reservation/request.php(83): CodeIgniter\Debug\Exceptions->errorHandler()
 2 SYSTEMPATH/View/View.php(213): include('APPPATH/Views/reservation/request.php')
 3 SYSTEMPATH/View/View.php(216): CodeIgniter\View\View->CodeIgniter\View\{closure}()
 4 SYSTEMPATH/Common.php(1142): CodeIgniter\View\View->render()
 5 APPPATH/Controllers/reservationController.php(58): view()
 6 SYSTEMPATH/CodeIgniter.php(907): App\Controllers\reservationController->request()
 7 SYSTEMPATH/CodeIgniter.php(457): CodeIgniter\CodeIgniter->runController()
 8 SYSTEMPATH/CodeIgniter.php(340): CodeIgniter\CodeIgniter->handleRequest()
 9 FCPATH/index.php(68): CodeIgniter\CodeIgniter->run()
CRITICAL - 2022-10-18 01:58:41 --> Undefined array key "common_area_id"
in APPPATH/Views/reservation/request.php on line 87.
 1 APPPATH/Views/reservation/request.php(87): CodeIgniter\Debug\Exceptions->errorHandler()
 2 SYSTEMPATH/View/View.php(213): include('APPPATH/Views/reservation/request.php')
 3 SYSTEMPATH/View/View.php(216): CodeIgniter\View\View->CodeIgniter\View\{closure}()
 4 SYSTEMPATH/Common.php(1142): CodeIgniter\View\View->render()
 5 APPPATH/Controllers/reservationController.php(58): view()
 6 SYSTEMPATH/CodeIgniter.php(907): App\Controllers\reservationController->request()
 7 SYSTEMPATH/CodeIgniter.php(457): CodeIgniter\CodeIgniter->runController()
 8 SYSTEMPATH/CodeIgniter.php(340): CodeIgniter\CodeIgniter->handleRequest()
 9 FCPATH/index.php(68): CodeIgniter\CodeIgniter->run()
CRITICAL - 2022-10-18 01:58:47 --> Undefined array key "common_area_id"
in APPPATH/Views/reservation/request.php on line 87.
 1 APPPATH/Views/reservation/request.php(87): CodeIgniter\Debug\Exceptions->errorHandler()
 2 SYSTEMPATH/View/View.php(213): include('APPPATH/Views/reservation/request.php')
 3 SYSTEMPATH/View/View.php(216): CodeIgniter\View\View->CodeIgniter\View\{closure}()
 4 SYSTEMPATH/Common.php(1142): CodeIgniter\View\View->render()
 5 APPPATH/Controllers/reservationController.php(58): view()
 6 SYSTEMPATH/CodeIgniter.php(907): App\Controllers\reservationController->request()
 7 SYSTEMPATH/CodeIgniter.php(457): CodeIgniter\CodeIgniter->runController()
 8 SYSTEMPATH/CodeIgniter.php(340): CodeIgniter\CodeIgniter->handleRequest()
 9 FCPATH/index.php(68): CodeIgniter\CodeIgniter->run()
CRITICAL - 2022-10-18 01:59:13 --> Undefined array key "common_area_id"
in APPPATH/Views/reservation/request.php on line 87.
 1 APPPATH/Views/reservation/request.php(87): CodeIgniter\Debug\Exceptions->errorHandler()
 2 SYSTEMPATH/View/View.php(213): include('APPPATH/Views/reservation/request.php')
 3 SYSTEMPATH/View/View.php(216): CodeIgniter\View\View->CodeIgniter\View\{closure}()
 4 SYSTEMPATH/Common.php(1142): CodeIgniter\View\View->render()
 5 APPPATH/Controllers/reservationController.php(57): view()
 6 SYSTEMPATH/CodeIgniter.php(907): App\Controllers\reservationController->request()
 7 SYSTEMPATH/CodeIgniter.php(457): CodeIgniter\CodeIgniter->runController()
 8 SYSTEMPATH/CodeIgniter.php(340): CodeIgniter\CodeIgniter->handleRequest()
 9 FCPATH/index.php(68): CodeIgniter\CodeIgniter->run()
CRITICAL - 2022-10-18 02:00:00 --> Undefined array key "common_area_id"
in APPPATH/Views/reservation/request.php on line 87.
 1 APPPATH/Views/reservation/request.php(87): CodeIgniter\Debug\Exceptions->errorHandler()
 2 SYSTEMPATH/View/View.php(213): include('APPPATH/Views/reservation/request.php')
 3 SYSTEMPATH/View/View.php(216): CodeIgniter\View\View->CodeIgniter\View\{closure}()
 4 SYSTEMPATH/Common.php(1142): CodeIgniter\View\View->render()
 5 APPPATH/Controllers/reservationController.php(57): view()
 6 SYSTEMPATH/CodeIgniter.php(907): App\Controllers\reservationController->request()
 7 SYSTEMPATH/CodeIgniter.php(457): CodeIgniter\CodeIgniter->runController()
 8 SYSTEMPATH/CodeIgniter.php(340): CodeIgniter\CodeIgniter->handleRequest()
 9 FCPATH/index.php(68): CodeIgniter\CodeIgniter->run()
CRITICAL - 2022-10-18 02:02:37 --> Undefined array key "common_area_id"
in APPPATH/Views/reservation/request.php on line 87.
 1 APPPATH/Views/reservation/request.php(87): CodeIgniter\Debug\Exceptions->errorHandler()
 2 SYSTEMPATH/View/View.php(213): include('APPPATH/Views/reservation/request.php')
 3 SYSTEMPATH/View/View.php(216): CodeIgniter\View\View->CodeIgniter\View\{closure}()
 4 SYSTEMPATH/Common.php(1142): CodeIgniter\View\View->render()
 5 APPPATH/Controllers/reservationController.php(57): view()
 6 SYSTEMPATH/CodeIgniter.php(907): App\Controllers\reservationController->request()
 7 SYSTEMPATH/CodeIgniter.php(457): CodeIgniter\CodeIgniter->runController()
 8 SYSTEMPATH/CodeIgniter.php(340): CodeIgniter\CodeIgniter->handleRequest()
 9 FCPATH/index.php(68): CodeIgniter\CodeIgniter->run()
CRITICAL - 2022-10-18 02:03:12 --> Undefined array key "common_area_id"
in APPPATH/Views/reservation/request.php on line 71.
 1 APPPATH/Views/reservation/request.php(71): CodeIgniter\Debug\Exceptions->errorHandler()
 2 SYSTEMPATH/View/View.php(213): include('APPPATH/Views/reservation/request.php')
 3 SYSTEMPATH/View/View.php(216): CodeIgniter\View\View->CodeIgniter\View\{closure}()
 4 SYSTEMPATH/Common.php(1142): CodeIgniter\View\View->render()
 5 APPPATH/Controllers/reservationController.php(57): view()
 6 SYSTEMPATH/CodeIgniter.php(907): App\Controllers\reservationController->request()
 7 SYSTEMPATH/CodeIgniter.php(457): CodeIgniter\CodeIgniter->runController()
 8 SYSTEMPATH/CodeIgniter.php(340): CodeIgniter\CodeIgniter->handleRequest()
 9 FCPATH/index.php(68): CodeIgniter\CodeIgniter->run()
CRITICAL - 2022-10-18 02:03:27 --> Undefined array key "common_area_id"
in APPPATH/Views/reservation/request.php on line 87.
 1 APPPATH/Views/reservation/request.php(87): CodeIgniter\Debug\Exceptions->errorHandler()
 2 SYSTEMPATH/View/View.php(213): include('APPPATH/Views/reservation/request.php')
 3 SYSTEMPATH/View/View.php(216): CodeIgniter\View\View->CodeIgniter\View\{closure}()
 4 SYSTEMPATH/Common.php(1142): CodeIgniter\View\View->render()
 5 APPPATH/Controllers/reservationController.php(57): view()
 6 SYSTEMPATH/CodeIgniter.php(907): App\Controllers\reservationController->request()
 7 SYSTEMPATH/CodeIgniter.php(457): CodeIgniter\CodeIgniter->runController()
 8 SYSTEMPATH/CodeIgniter.php(340): CodeIgniter\CodeIgniter->handleRequest()
 9 FCPATH/index.php(68): CodeIgniter\CodeIgniter->run()
CRITICAL - 2022-10-18 02:04:00 --> Undefined array key "common_area_id"
in APPPATH/Views/reservation/request.php on line 87.
 1 APPPATH/Views/reservation/request.php(87): CodeIgniter\Debug\Exceptions->errorHandler()
 2 SYSTEMPATH/View/View.php(213): include('APPPATH/Views/reservation/request.php')
 3 SYSTEMPATH/View/View.php(216): CodeIgniter\View\View->CodeIgniter\View\{closure}()
 4 SYSTEMPATH/Common.php(1142): CodeIgniter\View\View->render()
 5 APPPATH/Controllers/reservationController.php(57): view()
 6 SYSTEMPATH/CodeIgniter.php(907): App\Controllers\reservationController->request()
 7 SYSTEMPATH/CodeIgniter.php(457): CodeIgniter\CodeIgniter->runController()
 8 SYSTEMPATH/CodeIgniter.php(340): CodeIgniter\CodeIgniter->handleRequest()
 9 FCPATH/index.php(68): CodeIgniter\CodeIgniter->run()
CRITICAL - 2022-10-18 02:07:17 --> Undefined array key "common_area_id"
in APPPATH/Views/reservation/request.php on line 83.
 1 APPPATH/Views/reservation/request.php(83): CodeIgniter\Debug\Exceptions->errorHandler()
 2 SYSTEMPATH/View/View.php(213): include('APPPATH/Views/reservation/request.php')
 3 SYSTEMPATH/View/View.php(216): CodeIgniter\View\View->CodeIgniter\View\{closure}()
 4 SYSTEMPATH/Common.php(1142): CodeIgniter\View\View->render()
 5 APPPATH/Controllers/reservationController.php(57): view()
 6 SYSTEMPATH/CodeIgniter.php(907): App\Controllers\reservationController->request()
 7 SYSTEMPATH/CodeIgniter.php(457): CodeIgniter\CodeIgniter->runController()
 8 SYSTEMPATH/CodeIgniter.php(340): CodeIgniter\CodeIgniter->handleRequest()
 9 FCPATH/index.php(68): CodeIgniter\CodeIgniter->run()
CRITICAL - 2022-10-18 02:07:49 --> Undefined array key "common_area_id"
in APPPATH/Views/reservation/request.php on line 83.
 1 APPPATH/Views/reservation/request.php(83): CodeIgniter\Debug\Exceptions->errorHandler()
 2 SYSTEMPATH/View/View.php(213): include('APPPATH/Views/reservation/request.php')
 3 SYSTEMPATH/View/View.php(216): CodeIgniter\View\View->CodeIgniter\View\{closure}()
 4 SYSTEMPATH/Common.php(1142): CodeIgniter\View\View->render()
 5 APPPATH/Controllers/reservationController.php(57): view()
 6 SYSTEMPATH/CodeIgniter.php(907): App\Controllers\reservationController->request()
 7 SYSTEMPATH/CodeIgniter.php(457): CodeIgniter\CodeIgniter->runController()
 8 SYSTEMPATH/CodeIgniter.php(340): CodeIgniter\CodeIgniter->handleRequest()
 9 FCPATH/index.php(68): CodeIgniter\CodeIgniter->run()
CRITICAL - 2022-10-18 02:07:59 --> Undefined array key "common_area_id"
in APPPATH/Views/reservation/request.php on line 81.
 1 APPPATH/Views/reservation/request.php(81): CodeIgniter\Debug\Exceptions->errorHandler()
 2 SYSTEMPATH/View/View.php(213): include('APPPATH/Views/reservation/request.php')
 3 SYSTEMPATH/View/View.php(216): CodeIgniter\View\View->CodeIgniter\View\{closure}()
 4 SYSTEMPATH/Common.php(1142): CodeIgniter\View\View->render()
 5 APPPATH/Controllers/reservationController.php(57): view()
 6 SYSTEMPATH/CodeIgniter.php(907): App\Controllers\reservationController->request()
 7 SYSTEMPATH/CodeIgniter.php(457): CodeIgniter\CodeIgniter->runController()
 8 SYSTEMPATH/CodeIgniter.php(340): CodeIgniter\CodeIgniter->handleRequest()
 9 FCPATH/index.php(68): CodeIgniter\CodeIgniter->run()
CRITICAL - 2022-10-18 02:08:15 --> Undefined array key "common_area_id"
in APPPATH/Views/reservation/request.php on line 82.
 1 APPPATH/Views/reservation/request.php(82): CodeIgniter\Debug\Exceptions->errorHandler()
 2 SYSTEMPATH/View/View.php(213): include('APPPATH/Views/reservation/request.php')
 3 SYSTEMPATH/View/View.php(216): CodeIgniter\View\View->CodeIgniter\View\{closure}()
 4 SYSTEMPATH/Common.php(1142): CodeIgniter\View\View->render()
 5 APPPATH/Controllers/reservationController.php(57): view()
 6 SYSTEMPATH/CodeIgniter.php(907): App\Controllers\reservationController->request()
 7 SYSTEMPATH/CodeIgniter.php(457): CodeIgniter\CodeIgniter->runController()
 8 SYSTEMPATH/CodeIgniter.php(340): CodeIgniter\CodeIgniter->handleRequest()
 9 FCPATH/index.php(68): CodeIgniter\CodeIgniter->run()
CRITICAL - 2022-10-18 02:09:02 --> Undefined array key "common_area_id"
in APPPATH/Views/reservation/request.php on line 54.
 1 APPPATH/Views/reservation/request.php(54): CodeIgniter\Debug\Exceptions->errorHandler()
 2 SYSTEMPATH/View/View.php(213): include('APPPATH/Views/reservation/request.php')
 3 SYSTEMPATH/View/View.php(216): CodeIgniter\View\View->CodeIgniter\View\{closure}()
 4 SYSTEMPATH/Common.php(1142): CodeIgniter\View\View->render()
 5 APPPATH/Controllers/reservationController.php(57): view()
 6 SYSTEMPATH/CodeIgniter.php(907): App\Controllers\reservationController->request()
 7 SYSTEMPATH/CodeIgniter.php(457): CodeIgniter\CodeIgniter->runController()
 8 SYSTEMPATH/CodeIgniter.php(340): CodeIgniter\CodeIgniter->handleRequest()
 9 FCPATH/index.php(68): CodeIgniter\CodeIgniter->run()
CRITICAL - 2022-10-18 02:12:15 --> Undefined array key "common_area_id"
in APPPATH/Views/reservation/request.php on line 83.
 1 APPPATH/Views/reservation/request.php(83): CodeIgniter\Debug\Exceptions->errorHandler()
 2 SYSTEMPATH/View/View.php(213): include('APPPATH/Views/reservation/request.php')
 3 SYSTEMPATH/View/View.php(216): CodeIgniter\View\View->CodeIgniter\View\{closure}()
 4 SYSTEMPATH/Common.php(1142): CodeIgniter\View\View->render()
 5 APPPATH/Controllers/reservationController.php(57): view()
 6 SYSTEMPATH/CodeIgniter.php(907): App\Controllers\reservationController->request()
 7 SYSTEMPATH/CodeIgniter.php(457): CodeIgniter\CodeIgniter->runController()
 8 SYSTEMPATH/CodeIgniter.php(340): CodeIgniter\CodeIgniter->handleRequest()
 9 FCPATH/index.php(68): CodeIgniter\CodeIgniter->run()
CRITICAL - 2022-10-18 02:12:51 --> Undefined array key "common_area_id"
in APPPATH/Views/reservation/request.php on line 84.
 1 APPPATH/Views/reservation/request.php(84): CodeIgniter\Debug\Exceptions->errorHandler()
 2 SYSTEMPATH/View/View.php(213): include('APPPATH/Views/reservation/request.php')
 3 SYSTEMPATH/View/View.php(216): CodeIgniter\View\View->CodeIgniter\View\{closure}()
 4 SYSTEMPATH/Common.php(1142): CodeIgniter\View\View->render()
 5 APPPATH/Controllers/reservationController.php(57): view()
 6 SYSTEMPATH/CodeIgniter.php(907): App\Controllers\reservationController->request()
 7 SYSTEMPATH/CodeIgniter.php(457): CodeIgniter\CodeIgniter->runController()
 8 SYSTEMPATH/CodeIgniter.php(340): CodeIgniter\CodeIgniter->handleRequest()
 9 FCPATH/index.php(68): CodeIgniter\CodeIgniter->run()
