CRITICAL - 2022-09-15 00:42:08 --> Cannot modify header information - headers already sent by (output started at /var/www/vhosts/blissful-napier.87-106-198-119.plesk.page/httpdocs/app/Config/Events.php:32)
in SYSTEMPATH/Debug/Toolbar.php on line 453.
 1 [internal function]: CodeIgniter\Debug\Exceptions->errorHandler()
 2 SYSTEMPATH/Debug/Toolbar.php(453): header()
 3 APPPATH/Config/Events.php(46): CodeIgniter\Debug\Toolbar->respond()
 4 SYSTEMPATH/Events/Events.php(149): CodeIgniter\Events\Events::Config\{closure}()
 5 SYSTEMPATH/CodeIgniter.php(317): CodeIgniter\Events\Events::trigger()
 6 FCPATH/index.php(70): CodeIgniter\CodeIgniter->run()
CRITICAL - 2022-09-15 00:42:59 --> Cannot modify header information - headers already sent by (output started at /var/www/vhosts/blissful-napier.87-106-198-119.plesk.page/httpdocs/app/Config/Events.php:32)
in SYSTEMPATH/Debug/Toolbar.php on line 453.
 1 [internal function]: CodeIgniter\Debug\Exceptions->errorHandler()
 2 SYSTEMPATH/Debug/Toolbar.php(453): header()
 3 APPPATH/Config/Events.php(46): CodeIgniter\Debug\Toolbar->respond()
 4 SYSTEMPATH/Events/Events.php(149): CodeIgniter\Events\Events::Config\{closure}()
 5 SYSTEMPATH/CodeIgniter.php(317): CodeIgniter\Events\Events::trigger()
 6 FCPATH/index.php(70): CodeIgniter\CodeIgniter->run()
CRITICAL - 2022-09-15 00:43:01 --> Cannot modify header information - headers already sent by (output started at /var/www/vhosts/blissful-napier.87-106-198-119.plesk.page/httpdocs/app/Config/Events.php:32)
in SYSTEMPATH/Debug/Toolbar.php on line 453.
 1 [internal function]: CodeIgniter\Debug\Exceptions->errorHandler()
 2 SYSTEMPATH/Debug/Toolbar.php(453): header()
 3 APPPATH/Config/Events.php(46): CodeIgniter\Debug\Toolbar->respond()
 4 SYSTEMPATH/Events/Events.php(149): CodeIgniter\Events\Events::Config\{closure}()
 5 SYSTEMPATH/CodeIgniter.php(317): CodeIgniter\Events\Events::trigger()
 6 FCPATH/index.php(70): CodeIgniter\CodeIgniter->run()
CRITICAL - 2022-09-15 00:43:06 --> Cannot modify header information - headers already sent by (output started at /var/www/vhosts/blissful-napier.87-106-198-119.plesk.page/httpdocs/app/Config/Events.php:32)
in SYSTEMPATH/Debug/Toolbar.php on line 453.
 1 [internal function]: CodeIgniter\Debug\Exceptions->errorHandler()
 2 SYSTEMPATH/Debug/Toolbar.php(453): header()
 3 APPPATH/Config/Events.php(46): CodeIgniter\Debug\Toolbar->respond()
 4 SYSTEMPATH/Events/Events.php(149): CodeIgniter\Events\Events::Config\{closure}()
 5 SYSTEMPATH/CodeIgniter.php(317): CodeIgniter\Events\Events::trigger()
 6 FCPATH/index.php(70): CodeIgniter\CodeIgniter->run()
CRITICAL - 2022-09-15 00:43:30 --> Cannot modify header information - headers already sent by (output started at /var/www/vhosts/blissful-napier.87-106-198-119.plesk.page/httpdocs/app/Config/Events.php:32)
in SYSTEMPATH/Debug/Toolbar.php on line 453.
 1 [internal function]: CodeIgniter\Debug\Exceptions->errorHandler()
 2 SYSTEMPATH/Debug/Toolbar.php(453): header()
 3 APPPATH/Config/Events.php(46): CodeIgniter\Debug\Toolbar->respond()
 4 SYSTEMPATH/Events/Events.php(149): CodeIgniter\Events\Events::Config\{closure}()
 5 SYSTEMPATH/CodeIgniter.php(317): CodeIgniter\Events\Events::trigger()
 6 FCPATH/index.php(70): CodeIgniter\CodeIgniter->run()
