CRITICAL - 2022-10-01 01:25:57 --> Undefined variable $relations
in APPPATH/Views/authorized/form.php on line 21.
 1 APPPATH/Views/authorized/form.php(21): CodeIgniter\Debug\Exceptions->errorHandler()
 2 SYSTEMPATH/View/View.php(213): include('APPPATH/Views/authorized/form.php')
 3 SYSTEMPATH/View/View.php(216): CodeIgniter\View\View->CodeIgniter\View\{closure}()
 4 SYSTEMPATH/Common.php(1142): CodeIgniter\View\View->render()
 5 APPPATH/Controllers/authorizedController.php(26): view()
 6 SYSTEMPATH/CodeIgniter.php(907): App\Controllers\authorizedController->new()
 7 SYSTEMPATH/CodeIgniter.php(457): CodeIgniter\CodeIgniter->runController()
 8 SYSTEMPATH/CodeIgniter.php(340): CodeIgniter\CodeIgniter->handleRequest()
 9 FCPATH/index.php(68): CodeIgniter\CodeIgniter->run()
CRITICAL - 2022-10-01 14:56:22 --> Class "CI_Controller" not found
in APPPATH/Controllers/Login.php on line 2.
 1 SYSTEMPATH/Autoloader/Autoloader.php(282): include_once()
 2 SYSTEMPATH/Autoloader/Autoloader.php(259): CodeIgniter\Autoloader\Autoloader->includeFile()
 3 SYSTEMPATH/Autoloader/Autoloader.php(237): CodeIgniter\Autoloader\Autoloader->loadInNamespace()
 4 [internal function]: CodeIgniter\Autoloader\Autoloader->loadClass()
 5 SYSTEMPATH/CodeIgniter.php(857): class_exists()
 6 SYSTEMPATH/CodeIgniter.php(444): CodeIgniter\CodeIgniter->startController()
 7 SYSTEMPATH/CodeIgniter.php(340): CodeIgniter\CodeIgniter->handleRequest()
 8 FCPATH/index.php(68): CodeIgniter\CodeIgniter->run()
CRITICAL - 2022-10-01 14:56:42 --> Class "Base_Controller" not found
in APPPATH/Controllers/Login.php on line 2.
 1 SYSTEMPATH/Autoloader/Autoloader.php(282): include_once()
 2 SYSTEMPATH/Autoloader/Autoloader.php(259): CodeIgniter\Autoloader\Autoloader->includeFile()
 3 SYSTEMPATH/Autoloader/Autoloader.php(237): CodeIgniter\Autoloader\Autoloader->loadInNamespace()
 4 [internal function]: CodeIgniter\Autoloader\Autoloader->loadClass()
 5 SYSTEMPATH/CodeIgniter.php(857): class_exists()
 6 SYSTEMPATH/CodeIgniter.php(444): CodeIgniter\CodeIgniter->startController()
 7 SYSTEMPATH/CodeIgniter.php(340): CodeIgniter\CodeIgniter->handleRequest()
 8 FCPATH/index.php(68): CodeIgniter\CodeIgniter->run()
CRITICAL - 2022-10-01 14:57:08 --> Class "BaseController" not found
in APPPATH/Controllers/Login.php on line 2.
 1 SYSTEMPATH/Autoloader/Autoloader.php(282): include_once()
 2 SYSTEMPATH/Autoloader/Autoloader.php(259): CodeIgniter\Autoloader\Autoloader->includeFile()
 3 SYSTEMPATH/Autoloader/Autoloader.php(237): CodeIgniter\Autoloader\Autoloader->loadInNamespace()
 4 [internal function]: CodeIgniter\Autoloader\Autoloader->loadClass()
 5 SYSTEMPATH/CodeIgniter.php(857): class_exists()
 6 SYSTEMPATH/CodeIgniter.php(444): CodeIgniter\CodeIgniter->startController()
 7 SYSTEMPATH/CodeIgniter.php(340): CodeIgniter\CodeIgniter->handleRequest()
 8 FCPATH/index.php(68): CodeIgniter\CodeIgniter->run()
CRITICAL - 2022-10-01 14:57:59 --> Cannot call constructor
in APPPATH/Controllers/Login.php on line 8.
 1 SYSTEMPATH/CodeIgniter.php(869): App\Controllers\Login->__construct()
 2 SYSTEMPATH/CodeIgniter.php(448): CodeIgniter\CodeIgniter->createController()
 3 SYSTEMPATH/CodeIgniter.php(340): CodeIgniter\CodeIgniter->handleRequest()
 4 FCPATH/index.php(68): CodeIgniter\CodeIgniter->run()
CRITICAL - 2022-10-01 14:58:24 --> Undefined property: App\Controllers\Login::$load
in APPPATH/Controllers/Login.php on line 8.
 1 APPPATH/Controllers/Login.php(8): CodeIgniter\Debug\Exceptions->errorHandler()
 2 SYSTEMPATH/CodeIgniter.php(869): App\Controllers\Login->__construct()
 3 SYSTEMPATH/CodeIgniter.php(448): CodeIgniter\CodeIgniter->createController()
 4 SYSTEMPATH/CodeIgniter.php(340): CodeIgniter\CodeIgniter->handleRequest()
 5 FCPATH/index.php(68): CodeIgniter\CodeIgniter->run()
CRITICAL - 2022-10-01 14:58:29 --> Undefined property: App\Controllers\Login::$load
in APPPATH/Controllers/Login.php on line 9.
 1 APPPATH/Controllers/Login.php(9): CodeIgniter\Debug\Exceptions->errorHandler()
 2 SYSTEMPATH/CodeIgniter.php(869): App\Controllers\Login->__construct()
 3 SYSTEMPATH/CodeIgniter.php(448): CodeIgniter\CodeIgniter->createController()
 4 SYSTEMPATH/CodeIgniter.php(340): CodeIgniter\CodeIgniter->handleRequest()
 5 FCPATH/index.php(68): CodeIgniter\CodeIgniter->run()
CRITICAL - 2022-10-01 14:58:41 --> Undefined property: App\Controllers\Login::$load
in APPPATH/Controllers/Login.php on line 10.
 1 APPPATH/Controllers/Login.php(10): CodeIgniter\Debug\Exceptions->errorHandler()
 2 SYSTEMPATH/CodeIgniter.php(907): App\Controllers\Login->index()
 3 SYSTEMPATH/CodeIgniter.php(457): CodeIgniter\CodeIgniter->runController()
 4 SYSTEMPATH/CodeIgniter.php(340): CodeIgniter\CodeIgniter->handleRequest()
 5 FCPATH/index.php(68): CodeIgniter\CodeIgniter->run()
CRITICAL - 2022-10-01 14:59:09 --> Undefined property: App\Controllers\Login::$load
in APPPATH/Controllers/Login.php on line 10.
 1 APPPATH/Controllers/Login.php(10): CodeIgniter\Debug\Exceptions->errorHandler()
 2 SYSTEMPATH/CodeIgniter.php(907): App\Controllers\Login->index()
 3 SYSTEMPATH/CodeIgniter.php(457): CodeIgniter\CodeIgniter->runController()
 4 SYSTEMPATH/CodeIgniter.php(340): CodeIgniter\CodeIgniter->handleRequest()
 5 FCPATH/index.php(68): CodeIgniter\CodeIgniter->run()
CRITICAL - 2022-10-01 14:59:15 --> Undefined property: App\Controllers\Login::$load
in APPPATH/Controllers/Login.php on line 10.
 1 APPPATH/Controllers/Login.php(10): CodeIgniter\Debug\Exceptions->errorHandler()
 2 SYSTEMPATH/CodeIgniter.php(907): App\Controllers\Login->index()
 3 SYSTEMPATH/CodeIgniter.php(457): CodeIgniter\CodeIgniter->runController()
 4 SYSTEMPATH/CodeIgniter.php(340): CodeIgniter\CodeIgniter->handleRequest()
 5 FCPATH/index.php(68): CodeIgniter\CodeIgniter->run()
CRITICAL - 2022-10-01 15:00:39 --> Declaration of App\Models\Login_model::update($data) must be compatible with CodeIgniter\Model::update($id = null, $data = null): bool
in APPPATH/Models/Login_model.php on line 49.
 1 [internal function]: CodeIgniter\Debug\Exceptions->shutdownHandler()
CRITICAL - 2022-10-01 15:07:13 --> You must set the database table to be used with your query.
in SYSTEMPATH/Database/BaseConnection.php on line 872.
 1 SYSTEMPATH/Model.php(587): CodeIgniter\Database\BaseConnection->table()
 2 SYSTEMPATH/Model.php(735): CodeIgniter\Model->builder()
 3 APPPATH/Models/Login_model.php(8): CodeIgniter\Model->__get()
 4 APPPATH/Controllers/Login.php(17): App\Models\Login_model->ingresar()
 5 SYSTEMPATH/CodeIgniter.php(907): App\Controllers\Login->ingresar()
 6 SYSTEMPATH/CodeIgniter.php(457): CodeIgniter\CodeIgniter->runController()
 7 SYSTEMPATH/CodeIgniter.php(340): CodeIgniter\CodeIgniter->handleRequest()
 8 FCPATH/index.php(68): CodeIgniter\CodeIgniter->run()
CRITICAL - 2022-10-01 15:08:50 --> You must set the database table to be used with your query.
in SYSTEMPATH/Database/BaseConnection.php on line 872.
 1 SYSTEMPATH/Model.php(587): CodeIgniter\Database\BaseConnection->table()
 2 SYSTEMPATH/Model.php(735): CodeIgniter\Model->builder()
 3 APPPATH/Models/Login_model.php(13): CodeIgniter\Model->__get()
 4 APPPATH/Controllers/Login.php(17): App\Models\Login_model->ingresar()
 5 SYSTEMPATH/CodeIgniter.php(907): App\Controllers\Login->ingresar()
 6 SYSTEMPATH/CodeIgniter.php(457): CodeIgniter\CodeIgniter->runController()
 7 SYSTEMPATH/CodeIgniter.php(340): CodeIgniter\CodeIgniter->handleRequest()
 8 FCPATH/index.php(68): CodeIgniter\CodeIgniter->run()
ERROR - 2022-10-01 15:10:43 --> mysqli_sql_exception: Table 'Condguard.usuarios' doesn't exist in /var/www/vhosts/blissful-napier.87-106-198-119.plesk.page/httpdocs/vendor/codeigniter4/framework/system/Database/MySQLi/Connection.php:292
Stack trace:
#0 /var/www/vhosts/blissful-napier.87-106-198-119.plesk.page/httpdocs/vendor/codeigniter4/framework/system/Database/MySQLi/Connection.php(292): mysqli->query()
#1 /var/www/vhosts/blissful-napier.87-106-198-119.plesk.page/httpdocs/vendor/codeigniter4/framework/system/Database/BaseConnection.php(693): CodeIgniter\Database\MySQLi\Connection->execute()
#2 /var/www/vhosts/blissful-napier.87-106-198-119.plesk.page/httpdocs/vendor/codeigniter4/framework/system/Database/BaseConnection.php(620): CodeIgniter\Database\BaseConnection->simpleQuery()
#3 /var/www/vhosts/blissful-napier.87-106-198-119.plesk.page/httpdocs/app/Models/Login_model.php(15): CodeIgniter\Database\BaseConnection->query()
#4 /var/www/vhosts/blissful-napier.87-106-198-119.plesk.page/httpdocs/app/Controllers/Login.php(17): App\Models\Login_model->ingresar()
#5 /var/www/vhosts/blissful-napier.87-106-198-119.plesk.page/httpdocs/vendor/codeigniter4/framework/system/CodeIgniter.php(907): App\Controllers\Login->ingresar()
#6 /var/www/vhosts/blissful-napier.87-106-198-119.plesk.page/httpdocs/vendor/codeigniter4/framework/system/CodeIgniter.php(457): CodeIgniter\CodeIgniter->runController()
#7 /var/www/vhosts/blissful-napier.87-106-198-119.plesk.page/httpdocs/vendor/codeigniter4/framework/system/CodeIgniter.php(340): CodeIgniter\CodeIgniter->handleRequest()
#8 /var/www/vhosts/blissful-napier.87-106-198-119.plesk.page/httpdocs/public/index.php(68): CodeIgniter\CodeIgniter->run()
#9 {main}
CRITICAL - 2022-10-01 15:10:43 --> Table 'Condguard.usuarios' doesn't exist
in SYSTEMPATH/Database/MySQLi/Connection.php on line 292.
 1 SYSTEMPATH/Database/MySQLi/Connection.php(292): mysqli->query()
 2 SYSTEMPATH/Database/BaseConnection.php(693): CodeIgniter\Database\MySQLi\Connection->execute()
 3 SYSTEMPATH/Database/BaseConnection.php(620): CodeIgniter\Database\BaseConnection->simpleQuery()
 4 APPPATH/Models/Login_model.php(15): CodeIgniter\Database\BaseConnection->query()
 5 APPPATH/Controllers/Login.php(17): App\Models\Login_model->ingresar()
 6 SYSTEMPATH/CodeIgniter.php(907): App\Controllers\Login->ingresar()
 7 SYSTEMPATH/CodeIgniter.php(457): CodeIgniter\CodeIgniter->runController()
 8 SYSTEMPATH/CodeIgniter.php(340): CodeIgniter\CodeIgniter->handleRequest()
 9 FCPATH/index.php(68): CodeIgniter\CodeIgniter->run()
ERROR - 2022-10-01 15:10:45 --> mysqli_sql_exception: Table 'Condguard.usuarios' doesn't exist in /var/www/vhosts/blissful-napier.87-106-198-119.plesk.page/httpdocs/vendor/codeigniter4/framework/system/Database/MySQLi/Connection.php:292
Stack trace:
#0 /var/www/vhosts/blissful-napier.87-106-198-119.plesk.page/httpdocs/vendor/codeigniter4/framework/system/Database/MySQLi/Connection.php(292): mysqli->query()
#1 /var/www/vhosts/blissful-napier.87-106-198-119.plesk.page/httpdocs/vendor/codeigniter4/framework/system/Database/BaseConnection.php(693): CodeIgniter\Database\MySQLi\Connection->execute()
#2 /var/www/vhosts/blissful-napier.87-106-198-119.plesk.page/httpdocs/vendor/codeigniter4/framework/system/Database/BaseConnection.php(620): CodeIgniter\Database\BaseConnection->simpleQuery()
#3 /var/www/vhosts/blissful-napier.87-106-198-119.plesk.page/httpdocs/app/Models/Login_model.php(15): CodeIgniter\Database\BaseConnection->query()
#4 /var/www/vhosts/blissful-napier.87-106-198-119.plesk.page/httpdocs/app/Controllers/Login.php(17): App\Models\Login_model->ingresar()
#5 /var/www/vhosts/blissful-napier.87-106-198-119.plesk.page/httpdocs/vendor/codeigniter4/framework/system/CodeIgniter.php(907): App\Controllers\Login->ingresar()
#6 /var/www/vhosts/blissful-napier.87-106-198-119.plesk.page/httpdocs/vendor/codeigniter4/framework/system/CodeIgniter.php(457): CodeIgniter\CodeIgniter->runController()
#7 /var/www/vhosts/blissful-napier.87-106-198-119.plesk.page/httpdocs/vendor/codeigniter4/framework/system/CodeIgniter.php(340): CodeIgniter\CodeIgniter->handleRequest()
#8 /var/www/vhosts/blissful-napier.87-106-198-119.plesk.page/httpdocs/public/index.php(68): CodeIgniter\CodeIgniter->run()
#9 {main}
CRITICAL - 2022-10-01 15:10:45 --> Table 'Condguard.usuarios' doesn't exist
in SYSTEMPATH/Database/MySQLi/Connection.php on line 292.
 1 SYSTEMPATH/Database/MySQLi/Connection.php(292): mysqli->query()
 2 SYSTEMPATH/Database/BaseConnection.php(693): CodeIgniter\Database\MySQLi\Connection->execute()
 3 SYSTEMPATH/Database/BaseConnection.php(620): CodeIgniter\Database\BaseConnection->simpleQuery()
 4 APPPATH/Models/Login_model.php(15): CodeIgniter\Database\BaseConnection->query()
 5 APPPATH/Controllers/Login.php(17): App\Models\Login_model->ingresar()
 6 SYSTEMPATH/CodeIgniter.php(907): App\Controllers\Login->ingresar()
 7 SYSTEMPATH/CodeIgniter.php(457): CodeIgniter\CodeIgniter->runController()
 8 SYSTEMPATH/CodeIgniter.php(340): CodeIgniter\CodeIgniter->handleRequest()
 9 FCPATH/index.php(68): CodeIgniter\CodeIgniter->run()
ERROR - 2022-10-01 15:11:32 --> mysqli_sql_exception: Table 'Condguard.usuarios' doesn't exist in /var/www/vhosts/blissful-napier.87-106-198-119.plesk.page/httpdocs/vendor/codeigniter4/framework/system/Database/MySQLi/Connection.php:292
Stack trace:
#0 /var/www/vhosts/blissful-napier.87-106-198-119.plesk.page/httpdocs/vendor/codeigniter4/framework/system/Database/MySQLi/Connection.php(292): mysqli->query()
#1 /var/www/vhosts/blissful-napier.87-106-198-119.plesk.page/httpdocs/vendor/codeigniter4/framework/system/Database/BaseConnection.php(693): CodeIgniter\Database\MySQLi\Connection->execute()
#2 /var/www/vhosts/blissful-napier.87-106-198-119.plesk.page/httpdocs/vendor/codeigniter4/framework/system/Database/BaseConnection.php(620): CodeIgniter\Database\BaseConnection->simpleQuery()
#3 /var/www/vhosts/blissful-napier.87-106-198-119.plesk.page/httpdocs/app/Models/Login_model.php(15): CodeIgniter\Database\BaseConnection->query()
#4 /var/www/vhosts/blissful-napier.87-106-198-119.plesk.page/httpdocs/app/Controllers/Login.php(17): App\Models\Login_model->ingresar()
#5 /var/www/vhosts/blissful-napier.87-106-198-119.plesk.page/httpdocs/vendor/codeigniter4/framework/system/CodeIgniter.php(907): App\Controllers\Login->ingresar()
#6 /var/www/vhosts/blissful-napier.87-106-198-119.plesk.page/httpdocs/vendor/codeigniter4/framework/system/CodeIgniter.php(457): CodeIgniter\CodeIgniter->runController()
#7 /var/www/vhosts/blissful-napier.87-106-198-119.plesk.page/httpdocs/vendor/codeigniter4/framework/system/CodeIgniter.php(340): CodeIgniter\CodeIgniter->handleRequest()
#8 /var/www/vhosts/blissful-napier.87-106-198-119.plesk.page/httpdocs/public/index.php(68): CodeIgniter\CodeIgniter->run()
#9 {main}
CRITICAL - 2022-10-01 15:11:32 --> Table 'Condguard.usuarios' doesn't exist
in SYSTEMPATH/Database/MySQLi/Connection.php on line 292.
 1 SYSTEMPATH/Database/MySQLi/Connection.php(292): mysqli->query()
 2 SYSTEMPATH/Database/BaseConnection.php(693): CodeIgniter\Database\MySQLi\Connection->execute()
 3 SYSTEMPATH/Database/BaseConnection.php(620): CodeIgniter\Database\BaseConnection->simpleQuery()
 4 APPPATH/Models/Login_model.php(15): CodeIgniter\Database\BaseConnection->query()
 5 APPPATH/Controllers/Login.php(17): App\Models\Login_model->ingresar()
 6 SYSTEMPATH/CodeIgniter.php(907): App\Controllers\Login->ingresar()
 7 SYSTEMPATH/CodeIgniter.php(457): CodeIgniter\CodeIgniter->runController()
 8 SYSTEMPATH/CodeIgniter.php(340): CodeIgniter\CodeIgniter->handleRequest()
 9 FCPATH/index.php(68): CodeIgniter\CodeIgniter->run()
ERROR - 2022-10-01 15:11:33 --> mysqli_sql_exception: Table 'Condguard.usuarios' doesn't exist in /var/www/vhosts/blissful-napier.87-106-198-119.plesk.page/httpdocs/vendor/codeigniter4/framework/system/Database/MySQLi/Connection.php:292
Stack trace:
#0 /var/www/vhosts/blissful-napier.87-106-198-119.plesk.page/httpdocs/vendor/codeigniter4/framework/system/Database/MySQLi/Connection.php(292): mysqli->query()
#1 /var/www/vhosts/blissful-napier.87-106-198-119.plesk.page/httpdocs/vendor/codeigniter4/framework/system/Database/BaseConnection.php(693): CodeIgniter\Database\MySQLi\Connection->execute()
#2 /var/www/vhosts/blissful-napier.87-106-198-119.plesk.page/httpdocs/vendor/codeigniter4/framework/system/Database/BaseConnection.php(620): CodeIgniter\Database\BaseConnection->simpleQuery()
#3 /var/www/vhosts/blissful-napier.87-106-198-119.plesk.page/httpdocs/app/Models/Login_model.php(15): CodeIgniter\Database\BaseConnection->query()
#4 /var/www/vhosts/blissful-napier.87-106-198-119.plesk.page/httpdocs/app/Controllers/Login.php(17): App\Models\Login_model->ingresar()
#5 /var/www/vhosts/blissful-napier.87-106-198-119.plesk.page/httpdocs/vendor/codeigniter4/framework/system/CodeIgniter.php(907): App\Controllers\Login->ingresar()
#6 /var/www/vhosts/blissful-napier.87-106-198-119.plesk.page/httpdocs/vendor/codeigniter4/framework/system/CodeIgniter.php(457): CodeIgniter\CodeIgniter->runController()
#7 /var/www/vhosts/blissful-napier.87-106-198-119.plesk.page/httpdocs/vendor/codeigniter4/framework/system/CodeIgniter.php(340): CodeIgniter\CodeIgniter->handleRequest()
#8 /var/www/vhosts/blissful-napier.87-106-198-119.plesk.page/httpdocs/public/index.php(68): CodeIgniter\CodeIgniter->run()
#9 {main}
CRITICAL - 2022-10-01 15:11:33 --> Table 'Condguard.usuarios' doesn't exist
in SYSTEMPATH/Database/MySQLi/Connection.php on line 292.
 1 SYSTEMPATH/Database/MySQLi/Connection.php(292): mysqli->query()
 2 SYSTEMPATH/Database/BaseConnection.php(693): CodeIgniter\Database\MySQLi\Connection->execute()
 3 SYSTEMPATH/Database/BaseConnection.php(620): CodeIgniter\Database\BaseConnection->simpleQuery()
 4 APPPATH/Models/Login_model.php(15): CodeIgniter\Database\BaseConnection->query()
 5 APPPATH/Controllers/Login.php(17): App\Models\Login_model->ingresar()
 6 SYSTEMPATH/CodeIgniter.php(907): App\Controllers\Login->ingresar()
 7 SYSTEMPATH/CodeIgniter.php(457): CodeIgniter\CodeIgniter->runController()
 8 SYSTEMPATH/CodeIgniter.php(340): CodeIgniter\CodeIgniter->handleRequest()
 9 FCPATH/index.php(68): CodeIgniter\CodeIgniter->run()
ERROR - 2022-10-01 15:11:36 --> mysqli_sql_exception: Table 'Condguard.usuarios' doesn't exist in /var/www/vhosts/blissful-napier.87-106-198-119.plesk.page/httpdocs/vendor/codeigniter4/framework/system/Database/MySQLi/Connection.php:292
Stack trace:
#0 /var/www/vhosts/blissful-napier.87-106-198-119.plesk.page/httpdocs/vendor/codeigniter4/framework/system/Database/MySQLi/Connection.php(292): mysqli->query()
#1 /var/www/vhosts/blissful-napier.87-106-198-119.plesk.page/httpdocs/vendor/codeigniter4/framework/system/Database/BaseConnection.php(693): CodeIgniter\Database\MySQLi\Connection->execute()
#2 /var/www/vhosts/blissful-napier.87-106-198-119.plesk.page/httpdocs/vendor/codeigniter4/framework/system/Database/BaseConnection.php(620): CodeIgniter\Database\BaseConnection->simpleQuery()
#3 /var/www/vhosts/blissful-napier.87-106-198-119.plesk.page/httpdocs/app/Models/Login_model.php(15): CodeIgniter\Database\BaseConnection->query()
#4 /var/www/vhosts/blissful-napier.87-106-198-119.plesk.page/httpdocs/app/Controllers/Login.php(17): App\Models\Login_model->ingresar()
#5 /var/www/vhosts/blissful-napier.87-106-198-119.plesk.page/httpdocs/vendor/codeigniter4/framework/system/CodeIgniter.php(907): App\Controllers\Login->ingresar()
#6 /var/www/vhosts/blissful-napier.87-106-198-119.plesk.page/httpdocs/vendor/codeigniter4/framework/system/CodeIgniter.php(457): CodeIgniter\CodeIgniter->runController()
#7 /var/www/vhosts/blissful-napier.87-106-198-119.plesk.page/httpdocs/vendor/codeigniter4/framework/system/CodeIgniter.php(340): CodeIgniter\CodeIgniter->handleRequest()
#8 /var/www/vhosts/blissful-napier.87-106-198-119.plesk.page/httpdocs/public/index.php(68): CodeIgniter\CodeIgniter->run()
#9 {main}
CRITICAL - 2022-10-01 15:11:36 --> Table 'Condguard.usuarios' doesn't exist
in SYSTEMPATH/Database/MySQLi/Connection.php on line 292.
 1 SYSTEMPATH/Database/MySQLi/Connection.php(292): mysqli->query()
 2 SYSTEMPATH/Database/BaseConnection.php(693): CodeIgniter\Database\MySQLi\Connection->execute()
 3 SYSTEMPATH/Database/BaseConnection.php(620): CodeIgniter\Database\BaseConnection->simpleQuery()
 4 APPPATH/Models/Login_model.php(15): CodeIgniter\Database\BaseConnection->query()
 5 APPPATH/Controllers/Login.php(17): App\Models\Login_model->ingresar()
 6 SYSTEMPATH/CodeIgniter.php(907): App\Controllers\Login->ingresar()
 7 SYSTEMPATH/CodeIgniter.php(457): CodeIgniter\CodeIgniter->runController()
 8 SYSTEMPATH/CodeIgniter.php(340): CodeIgniter\CodeIgniter->handleRequest()
 9 FCPATH/index.php(68): CodeIgniter\CodeIgniter->run()
ERROR - 2022-10-01 15:12:22 --> mysqli_sql_exception: Table 'Condguard.usuarios' doesn't exist in /var/www/vhosts/blissful-napier.87-106-198-119.plesk.page/httpdocs/vendor/codeigniter4/framework/system/Database/MySQLi/Connection.php:292
Stack trace:
#0 /var/www/vhosts/blissful-napier.87-106-198-119.plesk.page/httpdocs/vendor/codeigniter4/framework/system/Database/MySQLi/Connection.php(292): mysqli->query()
#1 /var/www/vhosts/blissful-napier.87-106-198-119.plesk.page/httpdocs/vendor/codeigniter4/framework/system/Database/BaseConnection.php(693): CodeIgniter\Database\MySQLi\Connection->execute()
#2 /var/www/vhosts/blissful-napier.87-106-198-119.plesk.page/httpdocs/app/Models/Login_model.php(15): CodeIgniter\Database\BaseConnection->simpleQuery()
#3 /var/www/vhosts/blissful-napier.87-106-198-119.plesk.page/httpdocs/app/Controllers/Login.php(17): App\Models\Login_model->ingresar()
#4 /var/www/vhosts/blissful-napier.87-106-198-119.plesk.page/httpdocs/vendor/codeigniter4/framework/system/CodeIgniter.php(907): App\Controllers\Login->ingresar()
#5 /var/www/vhosts/blissful-napier.87-106-198-119.plesk.page/httpdocs/vendor/codeigniter4/framework/system/CodeIgniter.php(457): CodeIgniter\CodeIgniter->runController()
#6 /var/www/vhosts/blissful-napier.87-106-198-119.plesk.page/httpdocs/vendor/codeigniter4/framework/system/CodeIgniter.php(340): CodeIgniter\CodeIgniter->handleRequest()
#7 /var/www/vhosts/blissful-napier.87-106-198-119.plesk.page/httpdocs/public/index.php(68): CodeIgniter\CodeIgniter->run()
#8 {main}
CRITICAL - 2022-10-01 15:12:22 --> Table 'Condguard.usuarios' doesn't exist
in SYSTEMPATH/Database/MySQLi/Connection.php on line 292.
 1 SYSTEMPATH/Database/MySQLi/Connection.php(292): mysqli->query()
 2 SYSTEMPATH/Database/BaseConnection.php(693): CodeIgniter\Database\MySQLi\Connection->execute()
 3 APPPATH/Models/Login_model.php(15): CodeIgniter\Database\BaseConnection->simpleQuery()
 4 APPPATH/Controllers/Login.php(17): App\Models\Login_model->ingresar()
 5 SYSTEMPATH/CodeIgniter.php(907): App\Controllers\Login->ingresar()
 6 SYSTEMPATH/CodeIgniter.php(457): CodeIgniter\CodeIgniter->runController()
 7 SYSTEMPATH/CodeIgniter.php(340): CodeIgniter\CodeIgniter->handleRequest()
 8 FCPATH/index.php(68): CodeIgniter\CodeIgniter->run()
ERROR - 2022-10-01 15:12:24 --> mysqli_sql_exception: Table 'Condguard.usuarios' doesn't exist in /var/www/vhosts/blissful-napier.87-106-198-119.plesk.page/httpdocs/vendor/codeigniter4/framework/system/Database/MySQLi/Connection.php:292
Stack trace:
#0 /var/www/vhosts/blissful-napier.87-106-198-119.plesk.page/httpdocs/vendor/codeigniter4/framework/system/Database/MySQLi/Connection.php(292): mysqli->query()
#1 /var/www/vhosts/blissful-napier.87-106-198-119.plesk.page/httpdocs/vendor/codeigniter4/framework/system/Database/BaseConnection.php(693): CodeIgniter\Database\MySQLi\Connection->execute()
#2 /var/www/vhosts/blissful-napier.87-106-198-119.plesk.page/httpdocs/app/Models/Login_model.php(15): CodeIgniter\Database\BaseConnection->simpleQuery()
#3 /var/www/vhosts/blissful-napier.87-106-198-119.plesk.page/httpdocs/app/Controllers/Login.php(17): App\Models\Login_model->ingresar()
#4 /var/www/vhosts/blissful-napier.87-106-198-119.plesk.page/httpdocs/vendor/codeigniter4/framework/system/CodeIgniter.php(907): App\Controllers\Login->ingresar()
#5 /var/www/vhosts/blissful-napier.87-106-198-119.plesk.page/httpdocs/vendor/codeigniter4/framework/system/CodeIgniter.php(457): CodeIgniter\CodeIgniter->runController()
#6 /var/www/vhosts/blissful-napier.87-106-198-119.plesk.page/httpdocs/vendor/codeigniter4/framework/system/CodeIgniter.php(340): CodeIgniter\CodeIgniter->handleRequest()
#7 /var/www/vhosts/blissful-napier.87-106-198-119.plesk.page/httpdocs/public/index.php(68): CodeIgniter\CodeIgniter->run()
#8 {main}
CRITICAL - 2022-10-01 15:12:24 --> Table 'Condguard.usuarios' doesn't exist
in SYSTEMPATH/Database/MySQLi/Connection.php on line 292.
 1 SYSTEMPATH/Database/MySQLi/Connection.php(292): mysqli->query()
 2 SYSTEMPATH/Database/BaseConnection.php(693): CodeIgniter\Database\MySQLi\Connection->execute()
 3 APPPATH/Models/Login_model.php(15): CodeIgniter\Database\BaseConnection->simpleQuery()
 4 APPPATH/Controllers/Login.php(17): App\Models\Login_model->ingresar()
 5 SYSTEMPATH/CodeIgniter.php(907): App\Controllers\Login->ingresar()
 6 SYSTEMPATH/CodeIgniter.php(457): CodeIgniter\CodeIgniter->runController()
 7 SYSTEMPATH/CodeIgniter.php(340): CodeIgniter\CodeIgniter->handleRequest()
 8 FCPATH/index.php(68): CodeIgniter\CodeIgniter->run()
CRITICAL - 2022-10-01 15:13:41 --> Call to undefined method mysqli_result::num_rows()
in APPPATH/Models/Login_model.php on line 18.
 1 APPPATH/Controllers/Login.php(17): App\Models\Login_model->ingresar()
 2 SYSTEMPATH/CodeIgniter.php(907): App\Controllers\Login->ingresar()
 3 SYSTEMPATH/CodeIgniter.php(457): CodeIgniter\CodeIgniter->runController()
 4 SYSTEMPATH/CodeIgniter.php(340): CodeIgniter\CodeIgniter->handleRequest()
 5 FCPATH/index.php(68): CodeIgniter\CodeIgniter->run()
CRITICAL - 2022-10-01 15:14:28 --> Call to undefined method mysqli_result::countAll()
in APPPATH/Models/Login_model.php on line 18.
 1 APPPATH/Controllers/Login.php(17): App\Models\Login_model->ingresar()
 2 SYSTEMPATH/CodeIgniter.php(907): App\Controllers\Login->ingresar()
 3 SYSTEMPATH/CodeIgniter.php(457): CodeIgniter\CodeIgniter->runController()
 4 SYSTEMPATH/CodeIgniter.php(340): CodeIgniter\CodeIgniter->handleRequest()
 5 FCPATH/index.php(68): CodeIgniter\CodeIgniter->run()
CRITICAL - 2022-10-01 15:14:30 --> Call to undefined method mysqli_result::countAll()
in APPPATH/Models/Login_model.php on line 18.
 1 APPPATH/Controllers/Login.php(17): App\Models\Login_model->ingresar()
 2 SYSTEMPATH/CodeIgniter.php(907): App\Controllers\Login->ingresar()
 3 SYSTEMPATH/CodeIgniter.php(457): CodeIgniter\CodeIgniter->runController()
 4 SYSTEMPATH/CodeIgniter.php(340): CodeIgniter\CodeIgniter->handleRequest()
 5 FCPATH/index.php(68): CodeIgniter\CodeIgniter->run()
CRITICAL - 2022-10-01 15:14:51 --> Call to undefined method mysqli_result::countAll()
in APPPATH/Models/Login_model.php on line 18.
 1 APPPATH/Controllers/Login.php(17): App\Models\Login_model->ingresar()
 2 SYSTEMPATH/CodeIgniter.php(907): App\Controllers\Login->ingresar()
 3 SYSTEMPATH/CodeIgniter.php(457): CodeIgniter\CodeIgniter->runController()
 4 SYSTEMPATH/CodeIgniter.php(340): CodeIgniter\CodeIgniter->handleRequest()
 5 FCPATH/index.php(68): CodeIgniter\CodeIgniter->run()
CRITICAL - 2022-10-01 15:15:11 --> Call to undefined method mysqli_result::num_rows()
in APPPATH/Models/Login_model.php on line 18.
 1 APPPATH/Controllers/Login.php(17): App\Models\Login_model->ingresar()
 2 SYSTEMPATH/CodeIgniter.php(907): App\Controllers\Login->ingresar()
 3 SYSTEMPATH/CodeIgniter.php(457): CodeIgniter\CodeIgniter->runController()
 4 SYSTEMPATH/CodeIgniter.php(340): CodeIgniter\CodeIgniter->handleRequest()
 5 FCPATH/index.php(68): CodeIgniter\CodeIgniter->run()
CRITICAL - 2022-10-01 15:16:09 --> Call to undefined method mysqli_result::getNumRows()
in APPPATH/Models/Login_model.php on line 17.
 1 APPPATH/Controllers/Login.php(17): App\Models\Login_model->ingresar()
 2 SYSTEMPATH/CodeIgniter.php(907): App\Controllers\Login->ingresar()
 3 SYSTEMPATH/CodeIgniter.php(457): CodeIgniter\CodeIgniter->runController()
 4 SYSTEMPATH/CodeIgniter.php(340): CodeIgniter\CodeIgniter->handleRequest()
 5 FCPATH/index.php(68): CodeIgniter\CodeIgniter->run()
CRITICAL - 2022-10-01 15:16:46 --> Call to undefined method mysqli_result::getNumRows()
in APPPATH/Models/Login_model.php on line 17.
 1 APPPATH/Controllers/Login.php(17): App\Models\Login_model->ingresar()
 2 SYSTEMPATH/CodeIgniter.php(907): App\Controllers\Login->ingresar()
 3 SYSTEMPATH/CodeIgniter.php(457): CodeIgniter\CodeIgniter->runController()
 4 SYSTEMPATH/CodeIgniter.php(340): CodeIgniter\CodeIgniter->handleRequest()
 5 FCPATH/index.php(68): CodeIgniter\CodeIgniter->run()
CRITICAL - 2022-10-01 15:18:05 --> Call to undefined method mysqli_result::row_array()
in APPPATH/Models/Login_model.php on line 18.
 1 APPPATH/Controllers/Login.php(17): App\Models\Login_model->ingresar()
 2 SYSTEMPATH/CodeIgniter.php(907): App\Controllers\Login->ingresar()
 3 SYSTEMPATH/CodeIgniter.php(457): CodeIgniter\CodeIgniter->runController()
 4 SYSTEMPATH/CodeIgniter.php(340): CodeIgniter\CodeIgniter->handleRequest()
 5 FCPATH/index.php(68): CodeIgniter\CodeIgniter->run()
CRITICAL - 2022-10-01 15:18:07 --> Call to undefined method mysqli_result::row_array()
in APPPATH/Models/Login_model.php on line 18.
 1 APPPATH/Controllers/Login.php(17): App\Models\Login_model->ingresar()
 2 SYSTEMPATH/CodeIgniter.php(907): App\Controllers\Login->ingresar()
 3 SYSTEMPATH/CodeIgniter.php(457): CodeIgniter\CodeIgniter->runController()
 4 SYSTEMPATH/CodeIgniter.php(340): CodeIgniter\CodeIgniter->handleRequest()
 5 FCPATH/index.php(68): CodeIgniter\CodeIgniter->run()
CRITICAL - 2022-10-01 15:18:19 --> Call to undefined method CodeIgniter\Database\MySQLi\Result::row_array()
in APPPATH/Models/Login_model.php on line 18.
 1 APPPATH/Controllers/Login.php(17): App\Models\Login_model->ingresar()
 2 SYSTEMPATH/CodeIgniter.php(907): App\Controllers\Login->ingresar()
 3 SYSTEMPATH/CodeIgniter.php(457): CodeIgniter\CodeIgniter->runController()
 4 SYSTEMPATH/CodeIgniter.php(340): CodeIgniter\CodeIgniter->handleRequest()
 5 FCPATH/index.php(68): CodeIgniter\CodeIgniter->run()
CRITICAL - 2022-10-01 15:18:38 --> Call to undefined method CodeIgniter\Database\MySQLi\Result::num_rows()
in APPPATH/Models/Login_model.php on line 19.
 1 APPPATH/Controllers/Login.php(17): App\Models\Login_model->ingresar()
 2 SYSTEMPATH/CodeIgniter.php(907): App\Controllers\Login->ingresar()
 3 SYSTEMPATH/CodeIgniter.php(457): CodeIgniter\CodeIgniter->runController()
 4 SYSTEMPATH/CodeIgniter.php(340): CodeIgniter\CodeIgniter->handleRequest()
 5 FCPATH/index.php(68): CodeIgniter\CodeIgniter->run()
CRITICAL - 2022-10-01 15:18:40 --> Call to undefined method CodeIgniter\Database\MySQLi\Result::num_rows()
in APPPATH/Models/Login_model.php on line 19.
 1 APPPATH/Controllers/Login.php(17): App\Models\Login_model->ingresar()
 2 SYSTEMPATH/CodeIgniter.php(907): App\Controllers\Login->ingresar()
 3 SYSTEMPATH/CodeIgniter.php(457): CodeIgniter\CodeIgniter->runController()
 4 SYSTEMPATH/CodeIgniter.php(340): CodeIgniter\CodeIgniter->handleRequest()
 5 FCPATH/index.php(68): CodeIgniter\CodeIgniter->run()
CRITICAL - 2022-10-01 15:18:52 --> Call to undefined method CodeIgniter\Database\MySQLi\Result::num_rows()
in APPPATH/Models/Login_model.php on line 19.
 1 APPPATH/Controllers/Login.php(17): App\Models\Login_model->ingresar()
 2 SYSTEMPATH/CodeIgniter.php(907): App\Controllers\Login->ingresar()
 3 SYSTEMPATH/CodeIgniter.php(457): CodeIgniter\CodeIgniter->runController()
 4 SYSTEMPATH/CodeIgniter.php(340): CodeIgniter\CodeIgniter->handleRequest()
 5 FCPATH/index.php(68): CodeIgniter\CodeIgniter->run()
CRITICAL - 2022-10-01 15:19:32 --> Call to undefined method CodeIgniter\Database\MySQLi\Result::row_array()
in APPPATH/Models/Login_model.php on line 18.
 1 APPPATH/Controllers/Login.php(17): App\Models\Login_model->ingresar()
 2 SYSTEMPATH/CodeIgniter.php(907): App\Controllers\Login->ingresar()
 3 SYSTEMPATH/CodeIgniter.php(457): CodeIgniter\CodeIgniter->runController()
 4 SYSTEMPATH/CodeIgniter.php(340): CodeIgniter\CodeIgniter->handleRequest()
 5 FCPATH/index.php(68): CodeIgniter\CodeIgniter->run()
CRITICAL - 2022-10-01 15:21:10 --> Call to undefined method CodeIgniter\Database\MySQLi\Result::row_array()
in APPPATH/Models/Login_model.php on line 19.
 1 APPPATH/Controllers/Login.php(17): App\Models\Login_model->ingresar()
 2 SYSTEMPATH/CodeIgniter.php(907): App\Controllers\Login->ingresar()
 3 SYSTEMPATH/CodeIgniter.php(457): CodeIgniter\CodeIgniter->runController()
 4 SYSTEMPATH/CodeIgniter.php(340): CodeIgniter\CodeIgniter->handleRequest()
 5 FCPATH/index.php(68): CodeIgniter\CodeIgniter->run()
CRITICAL - 2022-10-01 15:21:21 --> Call to undefined method CodeIgniter\Database\MySQLi\Result::row_array()
in APPPATH/Models/Login_model.php on line 19.
 1 APPPATH/Controllers/Login.php(17): App\Models\Login_model->ingresar()
 2 SYSTEMPATH/CodeIgniter.php(907): App\Controllers\Login->ingresar()
 3 SYSTEMPATH/CodeIgniter.php(457): CodeIgniter\CodeIgniter->runController()
 4 SYSTEMPATH/CodeIgniter.php(340): CodeIgniter\CodeIgniter->handleRequest()
 5 FCPATH/index.php(68): CodeIgniter\CodeIgniter->run()
ERROR - 2022-10-01 15:21:34 --> mysqli_sql_exception: Table 'Condguard.usuarios' doesn't exist in /var/www/vhosts/blissful-napier.87-106-198-119.plesk.page/httpdocs/vendor/codeigniter4/framework/system/Database/MySQLi/Connection.php:292
Stack trace:
#0 /var/www/vhosts/blissful-napier.87-106-198-119.plesk.page/httpdocs/vendor/codeigniter4/framework/system/Database/MySQLi/Connection.php(292): mysqli->query()
#1 /var/www/vhosts/blissful-napier.87-106-198-119.plesk.page/httpdocs/vendor/codeigniter4/framework/system/Database/BaseConnection.php(693): CodeIgniter\Database\MySQLi\Connection->execute()
#2 /var/www/vhosts/blissful-napier.87-106-198-119.plesk.page/httpdocs/vendor/codeigniter4/framework/system/Database/BaseConnection.php(620): CodeIgniter\Database\BaseConnection->simpleQuery()
#3 /var/www/vhosts/blissful-napier.87-106-198-119.plesk.page/httpdocs/app/Models/Login_model.php(23): CodeIgniter\Database\BaseConnection->query()
#4 /var/www/vhosts/blissful-napier.87-106-198-119.plesk.page/httpdocs/app/Controllers/Login.php(17): App\Models\Login_model->ingresar()
#5 /var/www/vhosts/blissful-napier.87-106-198-119.plesk.page/httpdocs/vendor/codeigniter4/framework/system/CodeIgniter.php(907): App\Controllers\Login->ingresar()
#6 /var/www/vhosts/blissful-napier.87-106-198-119.plesk.page/httpdocs/vendor/codeigniter4/framework/system/CodeIgniter.php(457): CodeIgniter\CodeIgniter->runController()
#7 /var/www/vhosts/blissful-napier.87-106-198-119.plesk.page/httpdocs/vendor/codeigniter4/framework/system/CodeIgniter.php(340): CodeIgniter\CodeIgniter->handleRequest()
#8 /var/www/vhosts/blissful-napier.87-106-198-119.plesk.page/httpdocs/public/index.php(68): CodeIgniter\CodeIgniter->run()
#9 {main}
CRITICAL - 2022-10-01 15:21:34 --> Table 'Condguard.usuarios' doesn't exist
in SYSTEMPATH/Database/MySQLi/Connection.php on line 292.
 1 SYSTEMPATH/Database/MySQLi/Connection.php(292): mysqli->query()
 2 SYSTEMPATH/Database/BaseConnection.php(693): CodeIgniter\Database\MySQLi\Connection->execute()
 3 SYSTEMPATH/Database/BaseConnection.php(620): CodeIgniter\Database\BaseConnection->simpleQuery()
 4 APPPATH/Models/Login_model.php(23): CodeIgniter\Database\BaseConnection->query()
 5 APPPATH/Controllers/Login.php(17): App\Models\Login_model->ingresar()
 6 SYSTEMPATH/CodeIgniter.php(907): App\Controllers\Login->ingresar()
 7 SYSTEMPATH/CodeIgniter.php(457): CodeIgniter\CodeIgniter->runController()
 8 SYSTEMPATH/CodeIgniter.php(340): CodeIgniter\CodeIgniter->handleRequest()
 9 FCPATH/index.php(68): CodeIgniter\CodeIgniter->run()
CRITICAL - 2022-10-01 15:22:18 --> Call to undefined method CodeIgniter\Database\MySQLi\Result::num_rows()
in APPPATH/Models/Login_model.php on line 24.
 1 APPPATH/Controllers/Login.php(17): App\Models\Login_model->ingresar()
 2 SYSTEMPATH/CodeIgniter.php(907): App\Controllers\Login->ingresar()
 3 SYSTEMPATH/CodeIgniter.php(457): CodeIgniter\CodeIgniter->runController()
 4 SYSTEMPATH/CodeIgniter.php(340): CodeIgniter\CodeIgniter->handleRequest()
 5 FCPATH/index.php(68): CodeIgniter\CodeIgniter->run()
CRITICAL - 2022-10-01 15:22:39 --> Undefined variable $row
in APPPATH/Models/Login_model.php on line 29.
 1 APPPATH/Models/Login_model.php(29): CodeIgniter\Debug\Exceptions->errorHandler()
 2 APPPATH/Controllers/Login.php(17): App\Models\Login_model->ingresar()
 3 SYSTEMPATH/CodeIgniter.php(907): App\Controllers\Login->ingresar()
 4 SYSTEMPATH/CodeIgniter.php(457): CodeIgniter\CodeIgniter->runController()
 5 SYSTEMPATH/CodeIgniter.php(340): CodeIgniter\CodeIgniter->handleRequest()
 6 FCPATH/index.php(68): CodeIgniter\CodeIgniter->run()
CRITICAL - 2022-10-01 15:29:02 --> Undefined array key "condo_owner_id"
in APPPATH/Models/Login_model.php on line 24.
 1 APPPATH/Models/Login_model.php(24): CodeIgniter\Debug\Exceptions->errorHandler()
 2 APPPATH/Controllers/Login.php(17): App\Models\Login_model->ingresar()
 3 SYSTEMPATH/CodeIgniter.php(907): App\Controllers\Login->ingresar()
 4 SYSTEMPATH/CodeIgniter.php(457): CodeIgniter\CodeIgniter->runController()
 5 SYSTEMPATH/CodeIgniter.php(340): CodeIgniter\CodeIgniter->handleRequest()
 6 FCPATH/index.php(68): CodeIgniter\CodeIgniter->run()
CRITICAL - 2022-10-01 15:31:56 --> Undefined global variable $_SESSION
in APPPATH/Controllers/Login.php on line 22.
 1 APPPATH/Controllers/Login.php(22): CodeIgniter\Debug\Exceptions->errorHandler()
 2 SYSTEMPATH/CodeIgniter.php(907): App\Controllers\Login->ver_usuario()
 3 SYSTEMPATH/CodeIgniter.php(457): CodeIgniter\CodeIgniter->runController()
 4 SYSTEMPATH/CodeIgniter.php(340): CodeIgniter\CodeIgniter->handleRequest()
 5 FCPATH/index.php(68): CodeIgniter\CodeIgniter->run()
CRITICAL - 2022-10-01 15:32:09 --> Undefined global variable $_SESSION
in APPPATH/Controllers/Login.php on line 22.
 1 APPPATH/Controllers/Login.php(22): CodeIgniter\Debug\Exceptions->errorHandler()
 2 SYSTEMPATH/CodeIgniter.php(907): App\Controllers\Login->ver_usuario()
 3 SYSTEMPATH/CodeIgniter.php(457): CodeIgniter\CodeIgniter->runController()
 4 SYSTEMPATH/CodeIgniter.php(340): CodeIgniter\CodeIgniter->handleRequest()
 5 FCPATH/index.php(68): CodeIgniter\CodeIgniter->run()
CRITICAL - 2022-10-01 15:33:27 --> session_destroy(): Trying to destroy uninitialized session
in APPPATH/Controllers/Login.php on line 29.
 1 [internal function]: CodeIgniter\Debug\Exceptions->errorHandler()
 2 APPPATH/Controllers/Login.php(29): session_destroy()
 3 SYSTEMPATH/CodeIgniter.php(907): App\Controllers\Login->salir()
 4 SYSTEMPATH/CodeIgniter.php(457): CodeIgniter\CodeIgniter->runController()
 5 SYSTEMPATH/CodeIgniter.php(340): CodeIgniter\CodeIgniter->handleRequest()
 6 FCPATH/index.php(68): CodeIgniter\CodeIgniter->run()
CRITICAL - 2022-10-01 15:33:59 --> Undefined array key "usuario"
in APPPATH/Controllers/Login.php on line 23.
 1 APPPATH/Controllers/Login.php(23): CodeIgniter\Debug\Exceptions->errorHandler()
 2 SYSTEMPATH/CodeIgniter.php(907): App\Controllers\Login->ver_usuario()
 3 SYSTEMPATH/CodeIgniter.php(457): CodeIgniter\CodeIgniter->runController()
 4 SYSTEMPATH/CodeIgniter.php(340): CodeIgniter\CodeIgniter->handleRequest()
 5 FCPATH/index.php(68): CodeIgniter\CodeIgniter->run()
CRITICAL - 2022-10-01 15:48:47 --> Undefined array key "condo_owner"
in APPPATH/Models/Login_model.php on line 37.
 1 APPPATH/Models/Login_model.php(37): CodeIgniter\Debug\Exceptions->errorHandler()
 2 APPPATH/Controllers/Login.php(17): App\Models\Login_model->ingresar()
 3 SYSTEMPATH/CodeIgniter.php(907): App\Controllers\Login->ingresar()
 4 SYSTEMPATH/CodeIgniter.php(457): CodeIgniter\CodeIgniter->runController()
 5 SYSTEMPATH/CodeIgniter.php(340): CodeIgniter\CodeIgniter->handleRequest()
 6 FCPATH/index.php(68): CodeIgniter\CodeIgniter->run()
CRITICAL - 2022-10-01 20:41:20 --> syntax error, unexpected token "}"
in APPPATH/Controllers/Test.php on line 11.
 1 SYSTEMPATH/Autoloader/Autoloader.php(259): CodeIgniter\Autoloader\Autoloader->includeFile()
 2 SYSTEMPATH/Autoloader/Autoloader.php(237): CodeIgniter\Autoloader\Autoloader->loadInNamespace()
 3 [internal function]: CodeIgniter\Autoloader\Autoloader->loadClass()
 4 SYSTEMPATH/Router/AutoRouterImproved.php(264): class_exists()
 5 SYSTEMPATH/Router/AutoRouterImproved.php(115): CodeIgniter\Router\AutoRouterImproved->scanControllers()
 6 SYSTEMPATH/Router/Router.php(499): CodeIgniter\Router\AutoRouterImproved->getRoute()
 7 SYSTEMPATH/Router/Router.php(205): CodeIgniter\Router\Router->autoRoute()
 8 SYSTEMPATH/CodeIgniter.php(782): CodeIgniter\Router\Router->handle()
 9 SYSTEMPATH/CodeIgniter.php(406): CodeIgniter\CodeIgniter->tryToRouteIt()
10 SYSTEMPATH/CodeIgniter.php(340): CodeIgniter\CodeIgniter->handleRequest()
11 FCPATH/index.php(68): CodeIgniter\CodeIgniter->run()
CRITICAL - 2022-10-01 21:11:42 --> You must set the database table to be used with your query.
in SYSTEMPATH/Database/BaseConnection.php on line 872.
 1 SYSTEMPATH/Model.php(587): CodeIgniter\Database\BaseConnection->table()
 2 SYSTEMPATH/Model.php(764): CodeIgniter\Model->builder()
 3 APPPATH/Controllers/Super.php(9): CodeIgniter\Model->__call()
 4 SYSTEMPATH/CodeIgniter.php(907): App\Controllers\Super->getIndex()
 5 SYSTEMPATH/CodeIgniter.php(457): CodeIgniter\CodeIgniter->runController()
 6 SYSTEMPATH/CodeIgniter.php(340): CodeIgniter\CodeIgniter->handleRequest()
 7 FCPATH/index.php(68): CodeIgniter\CodeIgniter->run()
CRITICAL - 2022-10-01 21:12:08 --> You must set the database table to be used with your query.
in SYSTEMPATH/Database/BaseConnection.php on line 872.
 1 SYSTEMPATH/Model.php(587): CodeIgniter\Database\BaseConnection->table()
 2 SYSTEMPATH/Model.php(764): CodeIgniter\Model->builder()
 3 APPPATH/Controllers/Super.php(9): CodeIgniter\Model->__call()
 4 SYSTEMPATH/CodeIgniter.php(907): App\Controllers\Super->getIndex()
 5 SYSTEMPATH/CodeIgniter.php(457): CodeIgniter\CodeIgniter->runController()
 6 SYSTEMPATH/CodeIgniter.php(340): CodeIgniter\CodeIgniter->handleRequest()
 7 FCPATH/index.php(68): CodeIgniter\CodeIgniter->run()
