ERROR - 2022-09-23 15:45:32 --> Error connecting to the database: mysqli_sql_exception: Access denied for user ''@'localhost' (using password: NO) in /var/www/vhosts/blissful-napier.87-106-198-119.plesk.page/httpdocs/vendor/codeigniter4/framework/system/Database/MySQLi/Connection.php:171
Stack trace:
#0 /var/www/vhosts/blissful-napier.87-106-198-119.plesk.page/httpdocs/vendor/codeigniter4/framework/system/Database/MySQLi/Connection.php(171): mysqli->real_connect()
#1 /var/www/vhosts/blissful-napier.87-106-198-119.plesk.page/httpdocs/vendor/codeigniter4/framework/system/Database/BaseConnection.php(382): CodeIgniter\Database\MySQLi\Connection->connect()
#2 /var/www/vhosts/blissful-napier.87-106-198-119.plesk.page/httpdocs/vendor/codeigniter4/framework/system/Database/BaseConnection.php(588): CodeIgniter\Database\BaseConnection->initialize()
#3 /var/www/vhosts/blissful-napier.87-106-198-119.plesk.page/httpdocs/vendor/codeigniter4/framework/system/Database/BaseBuilder.php(2079): CodeIgniter\Database\BaseConnection->query()
#4 /var/www/vhosts/blissful-napier.87-106-198-119.plesk.page/httpdocs/vendor/codeigniter4/framework/system/Model.php(398): CodeIgniter\Database\BaseBuilder->update()
#5 /var/www/vhosts/blissful-napier.87-106-198-119.plesk.page/httpdocs/vendor/codeigniter4/framework/system/BaseModel.php(963): CodeIgniter\Model->doDelete()
#6 /var/www/vhosts/blissful-napier.87-106-198-119.plesk.page/httpdocs/app/Controllers/UserController.php(48): CodeIgniter\BaseModel->delete()
#7 /var/www/vhosts/blissful-napier.87-106-198-119.plesk.page/httpdocs/vendor/codeigniter4/framework/system/CodeIgniter.php(907): App\Controllers\UserController->delete()
#8 /var/www/vhosts/blissful-napier.87-106-198-119.plesk.page/httpdocs/vendor/codeigniter4/framework/system/CodeIgniter.php(457): CodeIgniter\CodeIgniter->runController()
#9 /var/www/vhosts/blissful-napier.87-106-198-119.plesk.page/httpdocs/vendor/codeigniter4/framework/system/CodeIgniter.php(340): CodeIgniter\CodeIgniter->handleRequest()
#10 /var/www/vhosts/blissful-napier.87-106-198-119.plesk.page/httpdocs/public/index.php(67): CodeIgniter\CodeIgniter->run()
#11 {main}

Next CodeIgniter\Database\Exceptions\DatabaseException: Access denied for user ''@'localhost' (using password: NO) in /var/www/vhosts/blissful-napier.87-106-198-119.plesk.page/httpdocs/vendor/codeigniter4/framework/system/Database/MySQLi/Connection.php:215
Stack trace:
#0 /var/www/vhosts/blissful-napier.87-106-198-119.plesk.page/httpdocs/vendor/codeigniter4/framework/system/Database/BaseConnection.php(382): CodeIgniter\Database\MySQLi\Connection->connect()
#1 /var/www/vhosts/blissful-napier.87-106-198-119.plesk.page/httpdocs/vendor/codeigniter4/framework/system/Database/BaseConnection.php(588): CodeIgniter\Database\BaseConnection->initialize()
#2 /var/www/vhosts/blissful-napier.87-106-198-119.plesk.page/httpdocs/vendor/codeigniter4/framework/system/Database/BaseBuilder.php(2079): CodeIgniter\Database\BaseConnection->query()
#3 /var/www/vhosts/blissful-napier.87-106-198-119.plesk.page/httpdocs/vendor/codeigniter4/framework/system/Model.php(398): CodeIgniter\Database\BaseBuilder->update()
#4 /var/www/vhosts/blissful-napier.87-106-198-119.plesk.page/httpdocs/vendor/codeigniter4/framework/system/BaseModel.php(963): CodeIgniter\Model->doDelete()
#5 /var/www/vhosts/blissful-napier.87-106-198-119.plesk.page/httpdocs/app/Controllers/UserController.php(48): CodeIgniter\BaseModel->delete()
#6 /var/www/vhosts/blissful-napier.87-106-198-119.plesk.page/httpdocs/vendor/codeigniter4/framework/system/CodeIgniter.php(907): App\Controllers\UserController->delete()
#7 /var/www/vhosts/blissful-napier.87-106-198-119.plesk.page/httpdocs/vendor/codeigniter4/framework/system/CodeIgniter.php(457): CodeIgniter\CodeIgniter->runController()
#8 /var/www/vhosts/blissful-napier.87-106-198-119.plesk.page/httpdocs/vendor/codeigniter4/framework/system/CodeIgniter.php(340): CodeIgniter\CodeIgniter->handleRequest()
#9 /var/www/vhosts/blissful-napier.87-106-198-119.plesk.page/httpdocs/public/index.php(67): CodeIgniter\CodeIgniter->run()
#10 {main}
CRITICAL - 2022-09-23 15:45:32 --> Unable to connect to the database.
Main connection [MySQLi]: Access denied for user ''@'localhost' (using password: NO)
in SYSTEMPATH/Database/BaseConnection.php on line 418.
 1 SYSTEMPATH/Database/BaseConnection.php(588): CodeIgniter\Database\BaseConnection->initialize()
 2 SYSTEMPATH/Database/BaseBuilder.php(2079): CodeIgniter\Database\BaseConnection->query()
 3 SYSTEMPATH/Model.php(398): CodeIgniter\Database\BaseBuilder->update()
 4 SYSTEMPATH/BaseModel.php(963): CodeIgniter\Model->doDelete()
 5 APPPATH/Controllers/UserController.php(48): CodeIgniter\BaseModel->delete()
 6 SYSTEMPATH/CodeIgniter.php(907): App\Controllers\UserController->delete()
 7 SYSTEMPATH/CodeIgniter.php(457): CodeIgniter\CodeIgniter->runController()
 8 SYSTEMPATH/CodeIgniter.php(340): CodeIgniter\CodeIgniter->handleRequest()
 9 FCPATH/index.php(67): CodeIgniter\CodeIgniter->run()
CRITICAL - 2022-09-23 15:46:12 --> Undefined variable $totalTime
in SYSTEMPATH/Debug/Toolbar/Views/toolbar.tpl.php on line 40.
 1 SYSTEMPATH/Debug/Toolbar/Views/toolbar.tpl.php(40): CodeIgniter\Debug\Exceptions->errorHandler()
 2 SYSTEMPATH/Debug/Toolbar.php(515): include('SYSTEMPATH/Debug/Toolbar/Views/toolbar.tpl.php')
 3 SYSTEMPATH/Debug/Toolbar.php(478): CodeIgniter\Debug\Toolbar->format()
 4 APPPATH/Config/Events.php(46): CodeIgniter\Debug\Toolbar->respond()
 5 SYSTEMPATH/Events/Events.php(149): CodeIgniter\Events\Events::Config\{closure}()
 6 SYSTEMPATH/CodeIgniter.php(317): CodeIgniter\Events\Events::trigger()
 7 FCPATH/index.php(67): CodeIgniter\CodeIgniter->run()
CRITICAL - 2022-09-23 17:46:00 --> min_lenght is not a valid rule.
in SYSTEMPATH/Validation/Validation.php on line 323.
 1 SYSTEMPATH/Validation/Validation.php(323): CodeIgniter\Validation\Exceptions\ValidationException::forRuleNotFound()
 2 SYSTEMPATH/Validation/Validation.php(175): CodeIgniter\Validation\Validation->processRules()
 3 SYSTEMPATH/BaseModel.php(1350): CodeIgniter\Validation\Validation->run()
 4 SYSTEMPATH/BaseModel.php(707): CodeIgniter\BaseModel->validate()
 5 SYSTEMPATH/Model.php(667): CodeIgniter\BaseModel->insert()
 6 SYSTEMPATH/BaseModel.php(658): CodeIgniter\Model->insert()
 7 APPPATH/Controllers/UserController.php(72): CodeIgniter\BaseModel->save()
 8 SYSTEMPATH/CodeIgniter.php(907): App\Controllers\UserController->save()
 9 SYSTEMPATH/CodeIgniter.php(457): CodeIgniter\CodeIgniter->runController()
10 SYSTEMPATH/CodeIgniter.php(340): CodeIgniter\CodeIgniter->handleRequest()
11 FCPATH/index.php(67): CodeIgniter\CodeIgniter->run()
CRITICAL - 2022-09-23 17:48:55 --> min_lenght is not a valid rule.
in SYSTEMPATH/Validation/Validation.php on line 323.
 1 SYSTEMPATH/Validation/Validation.php(323): CodeIgniter\Validation\Exceptions\ValidationException::forRuleNotFound()
 2 SYSTEMPATH/Validation/Validation.php(175): CodeIgniter\Validation\Validation->processRules()
 3 SYSTEMPATH/BaseModel.php(1350): CodeIgniter\Validation\Validation->run()
 4 SYSTEMPATH/BaseModel.php(707): CodeIgniter\BaseModel->validate()
 5 SYSTEMPATH/Model.php(667): CodeIgniter\BaseModel->insert()
 6 SYSTEMPATH/BaseModel.php(658): CodeIgniter\Model->insert()
 7 APPPATH/Controllers/UserController.php(72): CodeIgniter\BaseModel->save()
 8 SYSTEMPATH/CodeIgniter.php(907): App\Controllers\UserController->save()
 9 SYSTEMPATH/CodeIgniter.php(457): CodeIgniter\CodeIgniter->runController()
10 SYSTEMPATH/CodeIgniter.php(340): CodeIgniter\CodeIgniter->handleRequest()
11 FCPATH/index.php(67): CodeIgniter\CodeIgniter->run()
CRITICAL - 2022-09-23 17:49:08 --> min_lenght is not a valid rule.
in SYSTEMPATH/Validation/Validation.php on line 323.
 1 SYSTEMPATH/Validation/Validation.php(323): CodeIgniter\Validation\Exceptions\ValidationException::forRuleNotFound()
 2 SYSTEMPATH/Validation/Validation.php(175): CodeIgniter\Validation\Validation->processRules()
 3 SYSTEMPATH/BaseModel.php(1350): CodeIgniter\Validation\Validation->run()
 4 SYSTEMPATH/BaseModel.php(707): CodeIgniter\BaseModel->validate()
 5 SYSTEMPATH/Model.php(667): CodeIgniter\BaseModel->insert()
 6 SYSTEMPATH/BaseModel.php(658): CodeIgniter\Model->insert()
 7 APPPATH/Controllers/UserController.php(72): CodeIgniter\BaseModel->save()
 8 SYSTEMPATH/CodeIgniter.php(907): App\Controllers\UserController->save()
 9 SYSTEMPATH/CodeIgniter.php(457): CodeIgniter\CodeIgniter->runController()
10 SYSTEMPATH/CodeIgniter.php(340): CodeIgniter\CodeIgniter->handleRequest()
11 FCPATH/index.php(67): CodeIgniter\CodeIgniter->run()
CRITICAL - 2022-09-23 17:50:10 --> min_lenght is not a valid rule.
in SYSTEMPATH/Validation/Validation.php on line 323.
 1 SYSTEMPATH/Validation/Validation.php(323): CodeIgniter\Validation\Exceptions\ValidationException::forRuleNotFound()
 2 SYSTEMPATH/Validation/Validation.php(175): CodeIgniter\Validation\Validation->processRules()
 3 SYSTEMPATH/BaseModel.php(1350): CodeIgniter\Validation\Validation->run()
 4 SYSTEMPATH/BaseModel.php(707): CodeIgniter\BaseModel->validate()
 5 SYSTEMPATH/Model.php(667): CodeIgniter\BaseModel->insert()
 6 SYSTEMPATH/BaseModel.php(658): CodeIgniter\Model->insert()
 7 APPPATH/Controllers/UserController.php(72): CodeIgniter\BaseModel->save()
 8 SYSTEMPATH/CodeIgniter.php(907): App\Controllers\UserController->save()
 9 SYSTEMPATH/CodeIgniter.php(457): CodeIgniter\CodeIgniter->runController()
10 SYSTEMPATH/CodeIgniter.php(340): CodeIgniter\CodeIgniter->handleRequest()
11 FCPATH/index.php(67): CodeIgniter\CodeIgniter->run()
ERROR - 2022-09-23 20:16:42 --> mysqli_sql_exception: Duplicate entry '101110111' for key 'identity' in /var/www/vhosts/blissful-napier.87-106-198-119.plesk.page/httpdocs/vendor/codeigniter4/framework/system/Database/MySQLi/Connection.php:292
Stack trace:
#0 /var/www/vhosts/blissful-napier.87-106-198-119.plesk.page/httpdocs/vendor/codeigniter4/framework/system/Database/MySQLi/Connection.php(292): mysqli->query()
#1 /var/www/vhosts/blissful-napier.87-106-198-119.plesk.page/httpdocs/vendor/codeigniter4/framework/system/Database/BaseConnection.php(693): CodeIgniter\Database\MySQLi\Connection->execute()
#2 /var/www/vhosts/blissful-napier.87-106-198-119.plesk.page/httpdocs/vendor/codeigniter4/framework/system/Database/BaseConnection.php(620): CodeIgniter\Database\BaseConnection->simpleQuery()
#3 /var/www/vhosts/blissful-napier.87-106-198-119.plesk.page/httpdocs/vendor/codeigniter4/framework/system/Database/BaseBuilder.php(1916): CodeIgniter\Database\BaseConnection->query()
#4 /var/www/vhosts/blissful-napier.87-106-198-119.plesk.page/httpdocs/vendor/codeigniter4/framework/system/Model.php(279): CodeIgniter\Database\BaseBuilder->insert()
#5 /var/www/vhosts/blissful-napier.87-106-198-119.plesk.page/httpdocs/vendor/codeigniter4/framework/system/BaseModel.php(738): CodeIgniter\Model->doInsert()
#6 /var/www/vhosts/blissful-napier.87-106-198-119.plesk.page/httpdocs/vendor/codeigniter4/framework/system/Model.php(667): CodeIgniter\BaseModel->insert()
#7 /var/www/vhosts/blissful-napier.87-106-198-119.plesk.page/httpdocs/vendor/codeigniter4/framework/system/BaseModel.php(658): CodeIgniter\Model->insert()
#8 /var/www/vhosts/blissful-napier.87-106-198-119.plesk.page/httpdocs/app/Controllers/UserController.php(76): CodeIgniter\BaseModel->save()
#9 /var/www/vhosts/blissful-napier.87-106-198-119.plesk.page/httpdocs/vendor/codeigniter4/framework/system/CodeIgniter.php(907): App\Controllers\UserController->save()
#10 /var/www/vhosts/blissful-napier.87-106-198-119.plesk.page/httpdocs/vendor/codeigniter4/framework/system/CodeIgniter.php(457): CodeIgniter\CodeIgniter->runController()
#11 /var/www/vhosts/blissful-napier.87-106-198-119.plesk.page/httpdocs/vendor/codeigniter4/framework/system/CodeIgniter.php(340): CodeIgniter\CodeIgniter->handleRequest()
#12 /var/www/vhosts/blissful-napier.87-106-198-119.plesk.page/httpdocs/public/index.php(67): CodeIgniter\CodeIgniter->run()
#13 {main}
CRITICAL - 2022-09-23 20:16:42 --> Duplicate entry '101110111' for key 'identity'
in SYSTEMPATH/Database/MySQLi/Connection.php on line 292.
 1 SYSTEMPATH/Database/MySQLi/Connection.php(292): mysqli->query()
 2 SYSTEMPATH/Database/BaseConnection.php(693): CodeIgniter\Database\MySQLi\Connection->execute()
 3 SYSTEMPATH/Database/BaseConnection.php(620): CodeIgniter\Database\BaseConnection->simpleQuery()
 4 SYSTEMPATH/Database/BaseBuilder.php(1916): CodeIgniter\Database\BaseConnection->query()
 5 SYSTEMPATH/Model.php(279): CodeIgniter\Database\BaseBuilder->insert()
 6 SYSTEMPATH/BaseModel.php(738): CodeIgniter\Model->doInsert()
 7 SYSTEMPATH/Model.php(667): CodeIgniter\BaseModel->insert()
 8 SYSTEMPATH/BaseModel.php(658): CodeIgniter\Model->insert()
 9 APPPATH/Controllers/UserController.php(76): CodeIgniter\BaseModel->save()
10 SYSTEMPATH/CodeIgniter.php(907): App\Controllers\UserController->save()
11 SYSTEMPATH/CodeIgniter.php(457): CodeIgniter\CodeIgniter->runController()
12 SYSTEMPATH/CodeIgniter.php(340): CodeIgniter\CodeIgniter->handleRequest()
13 FCPATH/index.php(67): CodeIgniter\CodeIgniter->run()
ERROR - 2022-09-23 23:32:06 --> mysqli_sql_exception: Duplicate entry '303330333' for key 'identity' in /var/www/vhosts/blissful-napier.87-106-198-119.plesk.page/httpdocs/vendor/codeigniter4/framework/system/Database/MySQLi/Connection.php:292
Stack trace:
#0 /var/www/vhosts/blissful-napier.87-106-198-119.plesk.page/httpdocs/vendor/codeigniter4/framework/system/Database/MySQLi/Connection.php(292): mysqli->query()
#1 /var/www/vhosts/blissful-napier.87-106-198-119.plesk.page/httpdocs/vendor/codeigniter4/framework/system/Database/BaseConnection.php(693): CodeIgniter\Database\MySQLi\Connection->execute()
#2 /var/www/vhosts/blissful-napier.87-106-198-119.plesk.page/httpdocs/vendor/codeigniter4/framework/system/Database/BaseConnection.php(620): CodeIgniter\Database\BaseConnection->simpleQuery()
#3 /var/www/vhosts/blissful-napier.87-106-198-119.plesk.page/httpdocs/vendor/codeigniter4/framework/system/Database/BaseBuilder.php(1916): CodeIgniter\Database\BaseConnection->query()
#4 /var/www/vhosts/blissful-napier.87-106-198-119.plesk.page/httpdocs/vendor/codeigniter4/framework/system/Model.php(279): CodeIgniter\Database\BaseBuilder->insert()
#5 /var/www/vhosts/blissful-napier.87-106-198-119.plesk.page/httpdocs/vendor/codeigniter4/framework/system/BaseModel.php(738): CodeIgniter\Model->doInsert()
#6 /var/www/vhosts/blissful-napier.87-106-198-119.plesk.page/httpdocs/vendor/codeigniter4/framework/system/Model.php(667): CodeIgniter\BaseModel->insert()
#7 /var/www/vhosts/blissful-napier.87-106-198-119.plesk.page/httpdocs/vendor/codeigniter4/framework/system/BaseModel.php(658): CodeIgniter\Model->insert()
#8 /var/www/vhosts/blissful-napier.87-106-198-119.plesk.page/httpdocs/app/Controllers/UserController.php(76): CodeIgniter\BaseModel->save()
#9 /var/www/vhosts/blissful-napier.87-106-198-119.plesk.page/httpdocs/vendor/codeigniter4/framework/system/CodeIgniter.php(907): App\Controllers\UserController->save()
#10 /var/www/vhosts/blissful-napier.87-106-198-119.plesk.page/httpdocs/vendor/codeigniter4/framework/system/CodeIgniter.php(457): CodeIgniter\CodeIgniter->runController()
#11 /var/www/vhosts/blissful-napier.87-106-198-119.plesk.page/httpdocs/vendor/codeigniter4/framework/system/CodeIgniter.php(340): CodeIgniter\CodeIgniter->handleRequest()
#12 /var/www/vhosts/blissful-napier.87-106-198-119.plesk.page/httpdocs/public/index.php(67): CodeIgniter\CodeIgniter->run()
#13 {main}
CRITICAL - 2022-09-23 23:32:06 --> Duplicate entry '303330333' for key 'identity'
in SYSTEMPATH/Database/MySQLi/Connection.php on line 292.
 1 SYSTEMPATH/Database/MySQLi/Connection.php(292): mysqli->query()
 2 SYSTEMPATH/Database/BaseConnection.php(693): CodeIgniter\Database\MySQLi\Connection->execute()
 3 SYSTEMPATH/Database/BaseConnection.php(620): CodeIgniter\Database\BaseConnection->simpleQuery()
 4 SYSTEMPATH/Database/BaseBuilder.php(1916): CodeIgniter\Database\BaseConnection->query()
 5 SYSTEMPATH/Model.php(279): CodeIgniter\Database\BaseBuilder->insert()
 6 SYSTEMPATH/BaseModel.php(738): CodeIgniter\Model->doInsert()
 7 SYSTEMPATH/Model.php(667): CodeIgniter\BaseModel->insert()
 8 SYSTEMPATH/BaseModel.php(658): CodeIgniter\Model->insert()
 9 APPPATH/Controllers/UserController.php(76): CodeIgniter\BaseModel->save()
10 SYSTEMPATH/CodeIgniter.php(907): App\Controllers\UserController->save()
11 SYSTEMPATH/CodeIgniter.php(457): CodeIgniter\CodeIgniter->runController()
12 SYSTEMPATH/CodeIgniter.php(340): CodeIgniter\CodeIgniter->handleRequest()
13 FCPATH/index.php(67): CodeIgniter\CodeIgniter->run()
