CRITICAL - 2022-10-15 18:28:19 --> Call to a member function where() on null
in APPPATH/Controllers/loginController.php on line 26.
 1 SYSTEMPATH/CodeIgniter.php(907): App\Controllers\loginController->signin()
 2 SYSTEMPATH/CodeIgniter.php(457): CodeIgniter\CodeIgniter->runController()
 3 SYSTEMPATH/CodeIgniter.php(340): CodeIgniter\CodeIgniter->handleRequest()
 4 FCPATH/index.php(68): CodeIgniter\CodeIgniter->run()
CRITICAL - 2022-10-15 18:28:40 --> Call to a member function where() on null
in APPPATH/Controllers/loginController.php on line 26.
 1 SYSTEMPATH/CodeIgniter.php(907): App\Controllers\loginController->signin()
 2 SYSTEMPATH/CodeIgniter.php(457): CodeIgniter\CodeIgniter->runController()
 3 SYSTEMPATH/CodeIgniter.php(340): CodeIgniter\CodeIgniter->handleRequest()
 4 FCPATH/index.php(68): CodeIgniter\CodeIgniter->run()
CRITICAL - 2022-10-15 18:29:38 --> Call to a member function where() on null
in APPPATH/Controllers/loginController.php on line 26.
 1 SYSTEMPATH/CodeIgniter.php(907): App\Controllers\loginController->signin()
 2 SYSTEMPATH/CodeIgniter.php(457): CodeIgniter\CodeIgniter->runController()
 3 SYSTEMPATH/CodeIgniter.php(340): CodeIgniter\CodeIgniter->handleRequest()
 4 FCPATH/index.php(68): CodeIgniter\CodeIgniter->run()
CRITICAL - 2022-10-15 18:30:09 --> Call to a member function where() on null
in APPPATH/Controllers/loginController.php on line 26.
 1 SYSTEMPATH/CodeIgniter.php(907): App\Controllers\loginController->signin()
 2 SYSTEMPATH/CodeIgniter.php(457): CodeIgniter\CodeIgniter->runController()
 3 SYSTEMPATH/CodeIgniter.php(340): CodeIgniter\CodeIgniter->handleRequest()
 4 FCPATH/index.php(68): CodeIgniter\CodeIgniter->run()
CRITICAL - 2022-10-15 18:33:19 --> Call to a member function where() on null
in APPPATH/Controllers/loginController.php on line 26.
 1 SYSTEMPATH/CodeIgniter.php(907): App\Controllers\loginController->signin()
 2 SYSTEMPATH/CodeIgniter.php(457): CodeIgniter\CodeIgniter->runController()
 3 SYSTEMPATH/CodeIgniter.php(340): CodeIgniter\CodeIgniter->handleRequest()
 4 FCPATH/index.php(68): CodeIgniter\CodeIgniter->run()
CRITICAL - 2022-10-15 18:33:59 --> Call to a member function where() on null
in APPPATH/Controllers/loginController.php on line 26.
 1 SYSTEMPATH/CodeIgniter.php(907): App\Controllers\loginController->signin()
 2 SYSTEMPATH/CodeIgniter.php(457): CodeIgniter\CodeIgniter->runController()
 3 SYSTEMPATH/CodeIgniter.php(340): CodeIgniter\CodeIgniter->handleRequest()
 4 FCPATH/index.php(68): CodeIgniter\CodeIgniter->run()
CRITICAL - 2022-10-15 18:35:46 --> Call to a member function where() on null
in APPPATH/Controllers/loginController.php on line 26.
 1 SYSTEMPATH/CodeIgniter.php(907): App\Controllers\loginController->signin()
 2 SYSTEMPATH/CodeIgniter.php(457): CodeIgniter\CodeIgniter->runController()
 3 SYSTEMPATH/CodeIgniter.php(340): CodeIgniter\CodeIgniter->handleRequest()
 4 FCPATH/index.php(68): CodeIgniter\CodeIgniter->run()
CRITICAL - 2022-10-15 18:38:43 --> Undefined variable $totalTime
in SYSTEMPATH/Debug/Toolbar/Views/toolbar.tpl.php on line 40.
 1 SYSTEMPATH/Debug/Toolbar/Views/toolbar.tpl.php(40): CodeIgniter\Debug\Exceptions->errorHandler()
 2 SYSTEMPATH/Debug/Toolbar.php(515): include('SYSTEMPATH/Debug/Toolbar/Views/toolbar.tpl.php')
 3 SYSTEMPATH/Debug/Toolbar.php(478): CodeIgniter\Debug\Toolbar->format()
 4 APPPATH/Config/Events.php(46): CodeIgniter\Debug\Toolbar->respond()
 5 SYSTEMPATH/Events/Events.php(149): CodeIgniter\Events\Events::Config\{closure}()
 6 SYSTEMPATH/CodeIgniter.php(317): CodeIgniter\Events\Events::trigger()
 7 FCPATH/index.php(68): CodeIgniter\CodeIgniter->run()
CRITICAL - 2022-10-15 18:38:53 --> Call to a member function where() on null
in APPPATH/Controllers/loginController.php on line 26.
 1 SYSTEMPATH/CodeIgniter.php(907): App\Controllers\loginController->signin()
 2 SYSTEMPATH/CodeIgniter.php(457): CodeIgniter\CodeIgniter->runController()
 3 SYSTEMPATH/CodeIgniter.php(340): CodeIgniter\CodeIgniter->handleRequest()
 4 FCPATH/index.php(68): CodeIgniter\CodeIgniter->run()
CRITICAL - 2022-10-15 18:41:35 --> Call to a member function where() on null
in APPPATH/Controllers/loginController.php on line 26.
 1 SYSTEMPATH/CodeIgniter.php(907): App\Controllers\loginController->signin()
 2 SYSTEMPATH/CodeIgniter.php(457): CodeIgniter\CodeIgniter->runController()
 3 SYSTEMPATH/CodeIgniter.php(340): CodeIgniter\CodeIgniter->handleRequest()
 4 FCPATH/index.php(68): CodeIgniter\CodeIgniter->run()
CRITICAL - 2022-10-15 18:41:46 --> Call to a member function where() on null
in APPPATH/Controllers/loginController.php on line 26.
 1 SYSTEMPATH/CodeIgniter.php(907): App\Controllers\loginController->signin()
 2 SYSTEMPATH/CodeIgniter.php(457): CodeIgniter\CodeIgniter->runController()
 3 SYSTEMPATH/CodeIgniter.php(340): CodeIgniter\CodeIgniter->handleRequest()
 4 FCPATH/index.php(68): CodeIgniter\CodeIgniter->run()
CRITICAL - 2022-10-15 18:42:28 --> Call to a member function where() on null
in APPPATH/Controllers/loginController.php on line 26.
 1 SYSTEMPATH/CodeIgniter.php(907): App\Controllers\loginController->signin()
 2 SYSTEMPATH/CodeIgniter.php(457): CodeIgniter\CodeIgniter->runController()
 3 SYSTEMPATH/CodeIgniter.php(340): CodeIgniter\CodeIgniter->handleRequest()
 4 FCPATH/index.php(68): CodeIgniter\CodeIgniter->run()
CRITICAL - 2022-10-15 18:44:58 --> Call to a member function where() on null
in APPPATH/Controllers/loginController.php on line 26.
 1 SYSTEMPATH/CodeIgniter.php(907): App\Controllers\loginController->signin()
 2 SYSTEMPATH/CodeIgniter.php(457): CodeIgniter\CodeIgniter->runController()
 3 SYSTEMPATH/CodeIgniter.php(340): CodeIgniter\CodeIgniter->handleRequest()
 4 FCPATH/index.php(68): CodeIgniter\CodeIgniter->run()
CRITICAL - 2022-10-15 19:09:46 --> Object of class CodeIgniter\Validation\Validation could not be converted to string
in APPPATH/Views/common_area/form.php on line 75.
 1 SYSTEMPATH/View/View.php(213): include()
 2 SYSTEMPATH/View/View.php(216): CodeIgniter\View\View->CodeIgniter\View\{closure}()
 3 SYSTEMPATH/Common.php(1142): CodeIgniter\View\View->render()
 4 APPPATH/Controllers/common_areaController.php(55): view()
 5 APPPATH/Controllers/common_areaController.php(115): App\Controllers\common_areaController->new()
 6 SYSTEMPATH/CodeIgniter.php(907): App\Controllers\common_areaController->save()
 7 SYSTEMPATH/CodeIgniter.php(457): CodeIgniter\CodeIgniter->runController()
 8 SYSTEMPATH/CodeIgniter.php(340): CodeIgniter\CodeIgniter->handleRequest()
 9 FCPATH/index.php(68): CodeIgniter\CodeIgniter->run()
CRITICAL - 2022-10-15 20:37:20 --> Undefined variable $items
in APPPATH/Views/common_area/form.php on line 19.
 1 APPPATH/Views/common_area/form.php(19): CodeIgniter\Debug\Exceptions->errorHandler()
 2 SYSTEMPATH/View/View.php(213): include('APPPATH/Views/common_area/form.php')
 3 SYSTEMPATH/View/View.php(216): CodeIgniter\View\View->CodeIgniter\View\{closure}()
 4 SYSTEMPATH/Common.php(1142): CodeIgniter\View\View->render()
 5 APPPATH/Controllers/common_areaController.php(55): view()
 6 SYSTEMPATH/CodeIgniter.php(907): App\Controllers\common_areaController->new()
 7 SYSTEMPATH/CodeIgniter.php(457): CodeIgniter\CodeIgniter->runController()
 8 SYSTEMPATH/CodeIgniter.php(340): CodeIgniter\CodeIgniter->handleRequest()
 9 FCPATH/index.php(68): CodeIgniter\CodeIgniter->run()
CRITICAL - 2022-10-15 20:56:56 --> Undefined property: App\Controllers\common_areaController::$load
in APPPATH/Controllers/common_areaController.php on line 44.
 1 APPPATH/Controllers/common_areaController.php(44): CodeIgniter\Debug\Exceptions->errorHandler()
 2 SYSTEMPATH/CodeIgniter.php(907): App\Controllers\common_areaController->new()
 3 SYSTEMPATH/CodeIgniter.php(457): CodeIgniter\CodeIgniter->runController()
 4 SYSTEMPATH/CodeIgniter.php(340): CodeIgniter\CodeIgniter->handleRequest()
 5 FCPATH/index.php(68): CodeIgniter\CodeIgniter->run()
CRITICAL - 2022-10-15 23:03:55 --> |is_image is not a valid rule.
in SYSTEMPATH/Validation/Validation.php on line 323.
 1 SYSTEMPATH/Validation/Validation.php(323): CodeIgniter\Validation\Exceptions\ValidationException::forRuleNotFound()
 2 SYSTEMPATH/Validation/Validation.php(175): CodeIgniter\Validation\Validation->processRules()
 3 SYSTEMPATH/Controller.php(140): CodeIgniter\Validation\Validation->run()
 4 APPPATH/Controllers/common_areaController.php(132): CodeIgniter\Controller->validate()
 5 SYSTEMPATH/CodeIgniter.php(907): App\Controllers\common_areaController->save()
 6 SYSTEMPATH/CodeIgniter.php(457): CodeIgniter\CodeIgniter->runController()
 7 SYSTEMPATH/CodeIgniter.php(340): CodeIgniter\CodeIgniter->handleRequest()
 8 FCPATH/index.php(68): CodeIgniter\CodeIgniter->run()
CRITICAL - 2022-10-15 23:17:59 --> Object of class CodeIgniter\Validation\Validation could not be converted to string
in APPPATH/Controllers/common_areaController.php on line 95.
 1 SYSTEMPATH/CodeIgniter.php(907): App\Controllers\common_areaController->save()
 2 SYSTEMPATH/CodeIgniter.php(457): CodeIgniter\CodeIgniter->runController()
 3 SYSTEMPATH/CodeIgniter.php(340): CodeIgniter\CodeIgniter->handleRequest()
 4 FCPATH/index.php(68): CodeIgniter\CodeIgniter->run()
CRITICAL - 2022-10-15 23:56:45 --> Array to string conversion
in APPPATH/Controllers/common_areaController.php on line 98.
 1 APPPATH/Controllers/common_areaController.php(98): CodeIgniter\Debug\Exceptions->errorHandler()
 2 SYSTEMPATH/CodeIgniter.php(907): App\Controllers\common_areaController->save()
 3 SYSTEMPATH/CodeIgniter.php(457): CodeIgniter\CodeIgniter->runController()
 4 SYSTEMPATH/CodeIgniter.php(340): CodeIgniter\CodeIgniter->handleRequest()
 5 FCPATH/index.php(68): CodeIgniter\CodeIgniter->run()
