CRITICAL - 2022-10-16 00:19:57 --> Call to a member function listErrors() on null
in APPPATH/Controllers/common_areaController.php on line 99.
 1 SYSTEMPATH/CodeIgniter.php(907): App\Controllers\common_areaController->save()
 2 SYSTEMPATH/CodeIgniter.php(457): CodeIgniter\CodeIgniter->runController()
 3 SYSTEMPATH/CodeIgniter.php(340): CodeIgniter\CodeIgniter->handleRequest()
 4 FCPATH/index.php(68): CodeIgniter\CodeIgniter->run()
CRITICAL - 2022-10-16 00:20:26 --> Call to a member function listErrors() on null
in APPPATH/Controllers/common_areaController.php on line 99.
 1 SYSTEMPATH/CodeIgniter.php(907): App\Controllers\common_areaController->save()
 2 SYSTEMPATH/CodeIgniter.php(457): CodeIgniter\CodeIgniter->runController()
 3 SYSTEMPATH/CodeIgniter.php(340): CodeIgniter\CodeIgniter->handleRequest()
 4 FCPATH/index.php(68): CodeIgniter\CodeIgniter->run()
CRITICAL - 2022-10-16 00:21:53 --> Call to a member function move() on null
in APPPATH/Controllers/common_areaController.php on line 104.
 1 SYSTEMPATH/CodeIgniter.php(907): App\Controllers\common_areaController->save()
 2 SYSTEMPATH/CodeIgniter.php(457): CodeIgniter\CodeIgniter->runController()
 3 SYSTEMPATH/CodeIgniter.php(340): CodeIgniter\CodeIgniter->handleRequest()
 4 FCPATH/index.php(68): CodeIgniter\CodeIgniter->run()
CRITICAL - 2022-10-16 00:23:44 --> Call to a member function move() on null
in APPPATH/Controllers/common_areaController.php on line 102.
 1 SYSTEMPATH/CodeIgniter.php(907): App\Controllers\common_areaController->save()
 2 SYSTEMPATH/CodeIgniter.php(457): CodeIgniter\CodeIgniter->runController()
 3 SYSTEMPATH/CodeIgniter.php(340): CodeIgniter\CodeIgniter->handleRequest()
 4 FCPATH/index.php(68): CodeIgniter\CodeIgniter->run()
CRITICAL - 2022-10-16 00:25:36 -->  is not a valid rule.
in SYSTEMPATH/Validation/Validation.php on line 323.
 1 SYSTEMPATH/Validation/Validation.php(323): CodeIgniter\Validation\Exceptions\ValidationException::forRuleNotFound()
 2 SYSTEMPATH/Validation/Validation.php(175): CodeIgniter\Validation\Validation->processRules()
 3 SYSTEMPATH/Controller.php(140): CodeIgniter\Validation\Validation->run()
 4 APPPATH/Controllers/common_areaController.php(112): CodeIgniter\Controller->validate()
 5 SYSTEMPATH/CodeIgniter.php(907): App\Controllers\common_areaController->save()
 6 SYSTEMPATH/CodeIgniter.php(457): CodeIgniter\CodeIgniter->runController()
 7 SYSTEMPATH/CodeIgniter.php(340): CodeIgniter\CodeIgniter->handleRequest()
 8 FCPATH/index.php(68): CodeIgniter\CodeIgniter->run()
CRITICAL - 2022-10-16 00:26:16 --> Call to a member function move() on null
in APPPATH/Controllers/common_areaController.php on line 118.
 1 SYSTEMPATH/CodeIgniter.php(907): App\Controllers\common_areaController->save()
 2 SYSTEMPATH/CodeIgniter.php(457): CodeIgniter\CodeIgniter->runController()
 3 SYSTEMPATH/CodeIgniter.php(340): CodeIgniter\CodeIgniter->handleRequest()
 4 FCPATH/index.php(68): CodeIgniter\CodeIgniter->run()
CRITICAL - 2022-10-16 00:28:50 --> Call to a member function move() on null
in APPPATH/Controllers/common_areaController.php on line 118.
 1 SYSTEMPATH/CodeIgniter.php(907): App\Controllers\common_areaController->save()
 2 SYSTEMPATH/CodeIgniter.php(457): CodeIgniter\CodeIgniter->runController()
 3 SYSTEMPATH/CodeIgniter.php(340): CodeIgniter\CodeIgniter->handleRequest()
 4 FCPATH/index.php(68): CodeIgniter\CodeIgniter->run()
CRITICAL - 2022-10-16 00:50:05 --> Call to a member function move() on null
in APPPATH/Controllers/common_areaController.php on line 90.
 1 SYSTEMPATH/CodeIgniter.php(907): App\Controllers\common_areaController->save()
 2 SYSTEMPATH/CodeIgniter.php(457): CodeIgniter\CodeIgniter->runController()
 3 SYSTEMPATH/CodeIgniter.php(340): CodeIgniter\CodeIgniter->handleRequest()
 4 FCPATH/index.php(68): CodeIgniter\CodeIgniter->run()
CRITICAL - 2022-10-16 01:26:16 --> The original file is not a valid file.
in SYSTEMPATH/HTTP/Files/UploadedFile.php on line 137.
 1 SYSTEMPATH/HTTP/Files/UploadedFile.php(137): CodeIgniter\HTTP\Exceptions\HTTPException::forInvalidFile()
 2 APPPATH/Controllers/common_areaController.php(87): CodeIgniter\HTTP\Files\UploadedFile->move()
 3 SYSTEMPATH/CodeIgniter.php(907): App\Controllers\common_areaController->save()
 4 SYSTEMPATH/CodeIgniter.php(457): CodeIgniter\CodeIgniter->runController()
 5 SYSTEMPATH/CodeIgniter.php(340): CodeIgniter\CodeIgniter->handleRequest()
 6 FCPATH/index.php(68): CodeIgniter\CodeIgniter->run()
CRITICAL - 2022-10-16 01:32:31 --> The original file is not a valid file.
in SYSTEMPATH/HTTP/Files/UploadedFile.php on line 137.
 1 SYSTEMPATH/HTTP/Files/UploadedFile.php(137): CodeIgniter\HTTP\Exceptions\HTTPException::forInvalidFile()
 2 APPPATH/Controllers/common_areaController.php(87): CodeIgniter\HTTP\Files\UploadedFile->move()
 3 SYSTEMPATH/CodeIgniter.php(907): App\Controllers\common_areaController->save()
 4 SYSTEMPATH/CodeIgniter.php(457): CodeIgniter\CodeIgniter->runController()
 5 SYSTEMPATH/CodeIgniter.php(340): CodeIgniter\CodeIgniter->handleRequest()
 6 FCPATH/index.php(68): CodeIgniter\CodeIgniter->run()
CRITICAL - 2022-10-16 23:31:37 --> Trying to access array offset on value of type null
in APPPATH/Controllers/common_areaController.php on line 71.
 1 APPPATH/Controllers/common_areaController.php(71): CodeIgniter\Debug\Exceptions->errorHandler()
 2 SYSTEMPATH/CodeIgniter.php(907): App\Controllers\common_areaController->edit()
 3 SYSTEMPATH/CodeIgniter.php(457): CodeIgniter\CodeIgniter->runController()
 4 SYSTEMPATH/CodeIgniter.php(340): CodeIgniter\CodeIgniter->handleRequest()
 5 FCPATH/index.php(68): CodeIgniter\CodeIgniter->run()
CRITICAL - 2022-10-16 23:47:25 --> Trying to access array offset on value of type null
in APPPATH/Views/common_area/form.php on line 75.
 1 APPPATH/Views/common_area/form.php(75): CodeIgniter\Debug\Exceptions->errorHandler()
 2 SYSTEMPATH/View/View.php(213): include('APPPATH/Views/common_area/form.php')
 3 SYSTEMPATH/View/View.php(216): CodeIgniter\View\View->CodeIgniter\View\{closure}()
 4 SYSTEMPATH/Common.php(1142): CodeIgniter\View\View->render()
 5 APPPATH/Controllers/common_areaController.php(81): view()
 6 SYSTEMPATH/CodeIgniter.php(907): App\Controllers\common_areaController->edit()
 7 SYSTEMPATH/CodeIgniter.php(457): CodeIgniter\CodeIgniter->runController()
 8 SYSTEMPATH/CodeIgniter.php(340): CodeIgniter\CodeIgniter->handleRequest()
 9 FCPATH/index.php(68): CodeIgniter\CodeIgniter->run()
