CRITICAL - 2022-09-26 05:08:16 --> Undefined variable $items
in APPPATH/Views/administrator/list.php on line 51.
 1 APPPATH/Views/administrator/list.php(51): CodeIgniter\Debug\Exceptions->errorHandler()
 2 SYSTEMPATH/View/View.php(213): include('APPPATH/Views/administrator/list.php')
 3 SYSTEMPATH/View/View.php(216): CodeIgniter\View\View->CodeIgniter\View\{closure}()
 4 SYSTEMPATH/Common.php(1142): CodeIgniter\View\View->render()
 5 APPPATH/Controllers/AdministratorController.php(15): view()
 6 SYSTEMPATH/CodeIgniter.php(907): App\Controllers\AdministratorController->index()
 7 SYSTEMPATH/CodeIgniter.php(457): CodeIgniter\CodeIgniter->runController()
 8 SYSTEMPATH/CodeIgniter.php(340): CodeIgniter\CodeIgniter->handleRequest()
 9 FCPATH/index.php(68): CodeIgniter\CodeIgniter->run()
CRITICAL - 2022-09-26 06:02:12 --> Undefined variable $items
in APPPATH/Views/administrator/list.php on line 53.
 1 APPPATH/Views/administrator/list.php(53): CodeIgniter\Debug\Exceptions->errorHandler()
 2 SYSTEMPATH/View/View.php(213): include('APPPATH/Views/administrator/list.php')
 3 SYSTEMPATH/View/View.php(216): CodeIgniter\View\View->CodeIgniter\View\{closure}()
 4 SYSTEMPATH/Common.php(1142): CodeIgniter\View\View->render()
 5 APPPATH/Controllers/AdministratorController.php(46): view()
 6 SYSTEMPATH/CodeIgniter.php(907): App\Controllers\AdministratorController->save()
 7 SYSTEMPATH/CodeIgniter.php(457): CodeIgniter\CodeIgniter->runController()
 8 SYSTEMPATH/CodeIgniter.php(340): CodeIgniter\CodeIgniter->handleRequest()
 9 FCPATH/index.php(68): CodeIgniter\CodeIgniter->run()
CRITICAL - 2022-09-26 06:02:52 --> Undefined array key "administrator_id "
in APPPATH/Views/administrator/list.php on line 60.
 1 APPPATH/Views/administrator/list.php(60): CodeIgniter\Debug\Exceptions->errorHandler()
 2 SYSTEMPATH/View/View.php(213): include('APPPATH/Views/administrator/list.php')
 3 SYSTEMPATH/View/View.php(216): CodeIgniter\View\View->CodeIgniter\View\{closure}()
 4 SYSTEMPATH/Common.php(1142): CodeIgniter\View\View->render()
 5 APPPATH/Controllers/AdministratorController.php(46): view()
 6 SYSTEMPATH/CodeIgniter.php(907): App\Controllers\AdministratorController->save()
 7 SYSTEMPATH/CodeIgniter.php(457): CodeIgniter\CodeIgniter->runController()
 8 SYSTEMPATH/CodeIgniter.php(340): CodeIgniter\CodeIgniter->handleRequest()
 9 FCPATH/index.php(68): CodeIgniter\CodeIgniter->run()
CRITICAL - 2022-09-26 06:09:24 --> Undefined variable $item
in APPPATH/Views/administrator/list.php on line 38.
 1 APPPATH/Views/administrator/list.php(38): CodeIgniter\Debug\Exceptions->errorHandler()
 2 SYSTEMPATH/View/View.php(213): include('APPPATH/Views/administrator/list.php')
 3 SYSTEMPATH/View/View.php(216): CodeIgniter\View\View->CodeIgniter\View\{closure}()
 4 SYSTEMPATH/Common.php(1142): CodeIgniter\View\View->render()
 5 APPPATH/Controllers/AdministratorController.php(15): view()
 6 SYSTEMPATH/CodeIgniter.php(907): App\Controllers\AdministratorController->index()
 7 SYSTEMPATH/CodeIgniter.php(457): CodeIgniter\CodeIgniter->runController()
 8 SYSTEMPATH/CodeIgniter.php(340): CodeIgniter\CodeIgniter->handleRequest()
 9 FCPATH/index.php(68): CodeIgniter\CodeIgniter->run()
CRITICAL - 2022-09-26 06:11:12 --> syntax error, unexpected token ";", expecting ")"
in APPPATH/Views/administrator/list.php on line 38.
 1 SYSTEMPATH/View/View.php(216): CodeIgniter\View\View->CodeIgniter\View\{closure}()
 2 SYSTEMPATH/Common.php(1142): CodeIgniter\View\View->render()
 3 APPPATH/Controllers/AdministratorController.php(15): view()
 4 SYSTEMPATH/CodeIgniter.php(907): App\Controllers\AdministratorController->index()
 5 SYSTEMPATH/CodeIgniter.php(457): CodeIgniter\CodeIgniter->runController()
 6 SYSTEMPATH/CodeIgniter.php(340): CodeIgniter\CodeIgniter->handleRequest()
 7 FCPATH/index.php(68): CodeIgniter\CodeIgniter->run()
CRITICAL - 2022-09-26 06:23:24 --> Trying to access array offset on value of type null
in APPPATH/Views/administrator/edit.php on line 50.
 1 APPPATH/Views/administrator/edit.php(50): CodeIgniter\Debug\Exceptions->errorHandler()
 2 SYSTEMPATH/View/View.php(213): include('APPPATH/Views/administrator/edit.php')
 3 SYSTEMPATH/View/View.php(216): CodeIgniter\View\View->CodeIgniter\View\{closure}()
 4 SYSTEMPATH/Common.php(1142): CodeIgniter\View\View->render()
 5 APPPATH/Controllers/AdministratorController.php(35): view()
 6 SYSTEMPATH/CodeIgniter.php(907): App\Controllers\AdministratorController->edit()
 7 SYSTEMPATH/CodeIgniter.php(457): CodeIgniter\CodeIgniter->runController()
 8 SYSTEMPATH/CodeIgniter.php(340): CodeIgniter\CodeIgniter->handleRequest()
 9 FCPATH/index.php(68): CodeIgniter\CodeIgniter->run()
CRITICAL - 2022-09-26 06:27:28 --> Invalid file: administrator.php
in SYSTEMPATH/Exceptions/FrameworkException.php on line 33.
 1 SYSTEMPATH/View/View.php(201): CodeIgniter\Exceptions\FrameworkException::forInvalidFile()
 2 SYSTEMPATH/Common.php(1142): CodeIgniter\View\View->render()
 3 APPPATH/Controllers/AdministratorController.php(58): view()
 4 SYSTEMPATH/CodeIgniter.php(907): App\Controllers\AdministratorController->save()
 5 SYSTEMPATH/CodeIgniter.php(457): CodeIgniter\CodeIgniter->runController()
 6 SYSTEMPATH/CodeIgniter.php(340): CodeIgniter\CodeIgniter->handleRequest()
 7 FCPATH/index.php(68): CodeIgniter\CodeIgniter->run()
CRITICAL - 2022-09-26 06:27:32 --> Invalid file: administrator.php
in SYSTEMPATH/Exceptions/FrameworkException.php on line 33.
 1 SYSTEMPATH/View/View.php(201): CodeIgniter\Exceptions\FrameworkException::forInvalidFile()
 2 SYSTEMPATH/Common.php(1142): CodeIgniter\View\View->render()
 3 APPPATH/Controllers/AdministratorController.php(58): view()
 4 SYSTEMPATH/CodeIgniter.php(907): App\Controllers\AdministratorController->save()
 5 SYSTEMPATH/CodeIgniter.php(457): CodeIgniter\CodeIgniter->runController()
 6 SYSTEMPATH/CodeIgniter.php(340): CodeIgniter\CodeIgniter->handleRequest()
 7 FCPATH/index.php(68): CodeIgniter\CodeIgniter->run()
CRITICAL - 2022-09-26 06:34:38 --> Invalid file: administratir/list.php
in SYSTEMPATH/Exceptions/FrameworkException.php on line 33.
 1 SYSTEMPATH/View/View.php(201): CodeIgniter\Exceptions\FrameworkException::forInvalidFile()
 2 SYSTEMPATH/Common.php(1142): CodeIgniter\View\View->render()
 3 APPPATH/Controllers/AdministratorController.php(67): view()
 4 SYSTEMPATH/CodeIgniter.php(907): App\Controllers\AdministratorController->delete()
 5 SYSTEMPATH/CodeIgniter.php(457): CodeIgniter\CodeIgniter->runController()
 6 SYSTEMPATH/CodeIgniter.php(340): CodeIgniter\CodeIgniter->handleRequest()
 7 FCPATH/index.php(68): CodeIgniter\CodeIgniter->run()
CRITICAL - 2022-09-26 17:17:51 --> Class "Home" does not exist
in SYSTEMPATH/Debug/Toolbar/Collectors/Routes.php on line 71.
 1 SYSTEMPATH/Debug/Toolbar/Collectors/Routes.php(71): ReflectionMethod->__construct()
 2 SYSTEMPATH/Debug/Toolbar/Collectors/BaseCollector.php(222): CodeIgniter\Debug\Toolbar\Collectors\Routes->display()
 3 SYSTEMPATH/Debug/Toolbar.php(93): CodeIgniter\Debug\Toolbar\Collectors\BaseCollector->getAsArray()
 4 SYSTEMPATH/Debug/Toolbar.php(376): CodeIgniter\Debug\Toolbar->run()
 5 SYSTEMPATH/Filters/DebugToolbar.php(40): CodeIgniter\Debug\Toolbar->prepare()
 6 SYSTEMPATH/Filters/Filters.php(196): CodeIgniter\Filters\DebugToolbar->after()
 7 SYSTEMPATH/CodeIgniter.php(477): CodeIgniter\Filters\Filters->run()
 8 SYSTEMPATH/CodeIgniter.php(340): CodeIgniter\CodeIgniter->handleRequest()
 9 FCPATH/index.php(68): CodeIgniter\CodeIgniter->run()
CRITICAL - 2022-09-26 17:17:52 --> Class "Home" does not exist
in SYSTEMPATH/Debug/Toolbar/Collectors/Routes.php on line 71.
 1 SYSTEMPATH/Debug/Toolbar/Collectors/Routes.php(71): ReflectionMethod->__construct()
 2 SYSTEMPATH/Debug/Toolbar/Collectors/BaseCollector.php(222): CodeIgniter\Debug\Toolbar\Collectors\Routes->display()
 3 SYSTEMPATH/Debug/Toolbar.php(93): CodeIgniter\Debug\Toolbar\Collectors\BaseCollector->getAsArray()
 4 SYSTEMPATH/Debug/Toolbar.php(376): CodeIgniter\Debug\Toolbar->run()
 5 SYSTEMPATH/Filters/DebugToolbar.php(40): CodeIgniter\Debug\Toolbar->prepare()
 6 SYSTEMPATH/Filters/Filters.php(196): CodeIgniter\Filters\DebugToolbar->after()
 7 SYSTEMPATH/CodeIgniter.php(477): CodeIgniter\Filters\Filters->run()
 8 SYSTEMPATH/CodeIgniter.php(340): CodeIgniter\CodeIgniter->handleRequest()
 9 FCPATH/index.php(68): CodeIgniter\CodeIgniter->run()
CRITICAL - 2022-09-26 17:17:56 --> Class "Home" does not exist
in SYSTEMPATH/Debug/Toolbar/Collectors/Routes.php on line 71.
 1 SYSTEMPATH/Debug/Toolbar/Collectors/Routes.php(71): ReflectionMethod->__construct()
 2 SYSTEMPATH/Debug/Toolbar/Collectors/BaseCollector.php(222): CodeIgniter\Debug\Toolbar\Collectors\Routes->display()
 3 SYSTEMPATH/Debug/Toolbar.php(93): CodeIgniter\Debug\Toolbar\Collectors\BaseCollector->getAsArray()
 4 SYSTEMPATH/Debug/Toolbar.php(376): CodeIgniter\Debug\Toolbar->run()
 5 SYSTEMPATH/Filters/DebugToolbar.php(40): CodeIgniter\Debug\Toolbar->prepare()
 6 SYSTEMPATH/Filters/Filters.php(196): CodeIgniter\Filters\DebugToolbar->after()
 7 SYSTEMPATH/CodeIgniter.php(477): CodeIgniter\Filters\Filters->run()
 8 SYSTEMPATH/CodeIgniter.php(340): CodeIgniter\CodeIgniter->handleRequest()
 9 FCPATH/index.php(68): CodeIgniter\CodeIgniter->run()
ERROR - 2022-09-26 19:41:45 --> mysqli_sql_exception: Cannot add or update a child row: a foreign key constraint fails (`Condguard`.`authorized`, CONSTRAINT `authorized_condo_owner_id` FOREIGN KEY (`condo_owner_id`) REFERENCES `condo_owner` (`condo_owner_id`) ON DELETE CASCADE ON UPDATE CASCADE) in /var/www/vhosts/blissful-napier.87-106-198-119.plesk.page/httpdocs/vendor/codeigniter4/framework/system/Database/MySQLi/Connection.php:292
Stack trace:
#0 /var/www/vhosts/blissful-napier.87-106-198-119.plesk.page/httpdocs/vendor/codeigniter4/framework/system/Database/MySQLi/Connection.php(292): mysqli->query()
#1 /var/www/vhosts/blissful-napier.87-106-198-119.plesk.page/httpdocs/vendor/codeigniter4/framework/system/Database/BaseConnection.php(693): CodeIgniter\Database\MySQLi\Connection->execute()
#2 /var/www/vhosts/blissful-napier.87-106-198-119.plesk.page/httpdocs/vendor/codeigniter4/framework/system/Database/BaseConnection.php(620): CodeIgniter\Database\BaseConnection->simpleQuery()
#3 /var/www/vhosts/blissful-napier.87-106-198-119.plesk.page/httpdocs/vendor/codeigniter4/framework/system/Database/BaseBuilder.php(1916): CodeIgniter\Database\BaseConnection->query()
#4 /var/www/vhosts/blissful-napier.87-106-198-119.plesk.page/httpdocs/vendor/codeigniter4/framework/system/Model.php(279): CodeIgniter\Database\BaseBuilder->insert()
#5 /var/www/vhosts/blissful-napier.87-106-198-119.plesk.page/httpdocs/vendor/codeigniter4/framework/system/BaseModel.php(738): CodeIgniter\Model->doInsert()
#6 /var/www/vhosts/blissful-napier.87-106-198-119.plesk.page/httpdocs/vendor/codeigniter4/framework/system/Model.php(667): CodeIgniter\BaseModel->insert()
#7 /var/www/vhosts/blissful-napier.87-106-198-119.plesk.page/httpdocs/vendor/codeigniter4/framework/system/BaseModel.php(658): CodeIgniter\Model->insert()
#8 /var/www/vhosts/blissful-napier.87-106-198-119.plesk.page/httpdocs/app/Controllers/authorizedController.php(53): CodeIgniter\BaseModel->save()
#9 /var/www/vhosts/blissful-napier.87-106-198-119.plesk.page/httpdocs/vendor/codeigniter4/framework/system/CodeIgniter.php(907): App\Controllers\authorizedController->save()
#10 /var/www/vhosts/blissful-napier.87-106-198-119.plesk.page/httpdocs/vendor/codeigniter4/framework/system/CodeIgniter.php(457): CodeIgniter\CodeIgniter->runController()
#11 /var/www/vhosts/blissful-napier.87-106-198-119.plesk.page/httpdocs/vendor/codeigniter4/framework/system/CodeIgniter.php(340): CodeIgniter\CodeIgniter->handleRequest()
#12 /var/www/vhosts/blissful-napier.87-106-198-119.plesk.page/httpdocs/public/index.php(68): CodeIgniter\CodeIgniter->run()
#13 {main}
CRITICAL - 2022-09-26 19:41:45 --> Cannot add or update a child row: a foreign key constraint fails (`Condguard`.`authorized`, CONSTRAINT `authorized_condo_owner_id` FOREIGN KEY (`condo_owner_id`) REFERENCES `condo_owner` (`condo_owner_id`) ON DELETE CASCADE ON UPDATE CASCADE)
in SYSTEMPATH/Database/MySQLi/Connection.php on line 292.
 1 SYSTEMPATH/Database/MySQLi/Connection.php(292): mysqli->query()
 2 SYSTEMPATH/Database/BaseConnection.php(693): CodeIgniter\Database\MySQLi\Connection->execute()
 3 SYSTEMPATH/Database/BaseConnection.php(620): CodeIgniter\Database\BaseConnection->simpleQuery()
 4 SYSTEMPATH/Database/BaseBuilder.php(1916): CodeIgniter\Database\BaseConnection->query()
 5 SYSTEMPATH/Model.php(279): CodeIgniter\Database\BaseBuilder->insert()
 6 SYSTEMPATH/BaseModel.php(738): CodeIgniter\Model->doInsert()
 7 SYSTEMPATH/Model.php(667): CodeIgniter\BaseModel->insert()
 8 SYSTEMPATH/BaseModel.php(658): CodeIgniter\Model->insert()
 9 APPPATH/Controllers/authorizedController.php(53): CodeIgniter\BaseModel->save()
10 SYSTEMPATH/CodeIgniter.php(907): App\Controllers\authorizedController->save()
11 SYSTEMPATH/CodeIgniter.php(457): CodeIgniter\CodeIgniter->runController()
12 SYSTEMPATH/CodeIgniter.php(340): CodeIgniter\CodeIgniter->handleRequest()
13 FCPATH/index.php(68): CodeIgniter\CodeIgniter->run()
ERROR - 2022-09-26 19:43:25 --> mysqli_sql_exception: Cannot add or update a child row: a foreign key constraint fails (`Condguard`.`authorized`, CONSTRAINT `authorized_condo_owner_id` FOREIGN KEY (`condo_owner_id`) REFERENCES `condo_owner` (`condo_owner_id`) ON DELETE CASCADE ON UPDATE CASCADE) in /var/www/vhosts/blissful-napier.87-106-198-119.plesk.page/httpdocs/vendor/codeigniter4/framework/system/Database/MySQLi/Connection.php:292
Stack trace:
#0 /var/www/vhosts/blissful-napier.87-106-198-119.plesk.page/httpdocs/vendor/codeigniter4/framework/system/Database/MySQLi/Connection.php(292): mysqli->query()
#1 /var/www/vhosts/blissful-napier.87-106-198-119.plesk.page/httpdocs/vendor/codeigniter4/framework/system/Database/BaseConnection.php(693): CodeIgniter\Database\MySQLi\Connection->execute()
#2 /var/www/vhosts/blissful-napier.87-106-198-119.plesk.page/httpdocs/vendor/codeigniter4/framework/system/Database/BaseConnection.php(620): CodeIgniter\Database\BaseConnection->simpleQuery()
#3 /var/www/vhosts/blissful-napier.87-106-198-119.plesk.page/httpdocs/vendor/codeigniter4/framework/system/Database/BaseBuilder.php(1916): CodeIgniter\Database\BaseConnection->query()
#4 /var/www/vhosts/blissful-napier.87-106-198-119.plesk.page/httpdocs/vendor/codeigniter4/framework/system/Model.php(279): CodeIgniter\Database\BaseBuilder->insert()
#5 /var/www/vhosts/blissful-napier.87-106-198-119.plesk.page/httpdocs/vendor/codeigniter4/framework/system/BaseModel.php(738): CodeIgniter\Model->doInsert()
#6 /var/www/vhosts/blissful-napier.87-106-198-119.plesk.page/httpdocs/vendor/codeigniter4/framework/system/Model.php(667): CodeIgniter\BaseModel->insert()
#7 /var/www/vhosts/blissful-napier.87-106-198-119.plesk.page/httpdocs/vendor/codeigniter4/framework/system/BaseModel.php(658): CodeIgniter\Model->insert()
#8 /var/www/vhosts/blissful-napier.87-106-198-119.plesk.page/httpdocs/app/Controllers/authorizedController.php(53): CodeIgniter\BaseModel->save()
#9 /var/www/vhosts/blissful-napier.87-106-198-119.plesk.page/httpdocs/vendor/codeigniter4/framework/system/CodeIgniter.php(907): App\Controllers\authorizedController->save()
#10 /var/www/vhosts/blissful-napier.87-106-198-119.plesk.page/httpdocs/vendor/codeigniter4/framework/system/CodeIgniter.php(457): CodeIgniter\CodeIgniter->runController()
#11 /var/www/vhosts/blissful-napier.87-106-198-119.plesk.page/httpdocs/vendor/codeigniter4/framework/system/CodeIgniter.php(340): CodeIgniter\CodeIgniter->handleRequest()
#12 /var/www/vhosts/blissful-napier.87-106-198-119.plesk.page/httpdocs/public/index.php(68): CodeIgniter\CodeIgniter->run()
#13 {main}
CRITICAL - 2022-09-26 19:43:25 --> Cannot add or update a child row: a foreign key constraint fails (`Condguard`.`authorized`, CONSTRAINT `authorized_condo_owner_id` FOREIGN KEY (`condo_owner_id`) REFERENCES `condo_owner` (`condo_owner_id`) ON DELETE CASCADE ON UPDATE CASCADE)
in SYSTEMPATH/Database/MySQLi/Connection.php on line 292.
 1 SYSTEMPATH/Database/MySQLi/Connection.php(292): mysqli->query()
 2 SYSTEMPATH/Database/BaseConnection.php(693): CodeIgniter\Database\MySQLi\Connection->execute()
 3 SYSTEMPATH/Database/BaseConnection.php(620): CodeIgniter\Database\BaseConnection->simpleQuery()
 4 SYSTEMPATH/Database/BaseBuilder.php(1916): CodeIgniter\Database\BaseConnection->query()
 5 SYSTEMPATH/Model.php(279): CodeIgniter\Database\BaseBuilder->insert()
 6 SYSTEMPATH/BaseModel.php(738): CodeIgniter\Model->doInsert()
 7 SYSTEMPATH/Model.php(667): CodeIgniter\BaseModel->insert()
 8 SYSTEMPATH/BaseModel.php(658): CodeIgniter\Model->insert()
 9 APPPATH/Controllers/authorizedController.php(53): CodeIgniter\BaseModel->save()
10 SYSTEMPATH/CodeIgniter.php(907): App\Controllers\authorizedController->save()
11 SYSTEMPATH/CodeIgniter.php(457): CodeIgniter\CodeIgniter->runController()
12 SYSTEMPATH/CodeIgniter.php(340): CodeIgniter\CodeIgniter->handleRequest()
13 FCPATH/index.php(68): CodeIgniter\CodeIgniter->run()
ERROR - 2022-09-26 20:46:30 --> mysqli_sql_exception: Cannot add or update a child row: a foreign key constraint fails (`Condguard`.`assembly_voting`, CONSTRAINT `assembly_id` FOREIGN KEY (`assembly_id`) REFERENCES `assembly` (`assembly_id`) ON DELETE CASCADE ON UPDATE CASCADE) in /var/www/vhosts/blissful-napier.87-106-198-119.plesk.page/httpdocs/vendor/codeigniter4/framework/system/Database/MySQLi/Connection.php:292
Stack trace:
#0 /var/www/vhosts/blissful-napier.87-106-198-119.plesk.page/httpdocs/vendor/codeigniter4/framework/system/Database/MySQLi/Connection.php(292): mysqli->query()
#1 /var/www/vhosts/blissful-napier.87-106-198-119.plesk.page/httpdocs/vendor/codeigniter4/framework/system/Database/BaseConnection.php(693): CodeIgniter\Database\MySQLi\Connection->execute()
#2 /var/www/vhosts/blissful-napier.87-106-198-119.plesk.page/httpdocs/vendor/codeigniter4/framework/system/Database/BaseConnection.php(620): CodeIgniter\Database\BaseConnection->simpleQuery()
#3 /var/www/vhosts/blissful-napier.87-106-198-119.plesk.page/httpdocs/vendor/codeigniter4/framework/system/Database/BaseBuilder.php(1916): CodeIgniter\Database\BaseConnection->query()
#4 /var/www/vhosts/blissful-napier.87-106-198-119.plesk.page/httpdocs/vendor/codeigniter4/framework/system/Model.php(279): CodeIgniter\Database\BaseBuilder->insert()
#5 /var/www/vhosts/blissful-napier.87-106-198-119.plesk.page/httpdocs/vendor/codeigniter4/framework/system/BaseModel.php(738): CodeIgniter\Model->doInsert()
#6 /var/www/vhosts/blissful-napier.87-106-198-119.plesk.page/httpdocs/vendor/codeigniter4/framework/system/Model.php(667): CodeIgniter\BaseModel->insert()
#7 /var/www/vhosts/blissful-napier.87-106-198-119.plesk.page/httpdocs/vendor/codeigniter4/framework/system/BaseModel.php(658): CodeIgniter\Model->insert()
#8 /var/www/vhosts/blissful-napier.87-106-198-119.plesk.page/httpdocs/app/Controllers/assembly_votingController.php(50): CodeIgniter\BaseModel->save()
#9 /var/www/vhosts/blissful-napier.87-106-198-119.plesk.page/httpdocs/vendor/codeigniter4/framework/system/CodeIgniter.php(907): App\Controllers\assembly_votingController->save()
#10 /var/www/vhosts/blissful-napier.87-106-198-119.plesk.page/httpdocs/vendor/codeigniter4/framework/system/CodeIgniter.php(457): CodeIgniter\CodeIgniter->runController()
#11 /var/www/vhosts/blissful-napier.87-106-198-119.plesk.page/httpdocs/vendor/codeigniter4/framework/system/CodeIgniter.php(340): CodeIgniter\CodeIgniter->handleRequest()
#12 /var/www/vhosts/blissful-napier.87-106-198-119.plesk.page/httpdocs/public/index.php(68): CodeIgniter\CodeIgniter->run()
#13 {main}
CRITICAL - 2022-09-26 20:46:30 --> Cannot add or update a child row: a foreign key constraint fails (`Condguard`.`assembly_voting`, CONSTRAINT `assembly_id` FOREIGN KEY (`assembly_id`) REFERENCES `assembly` (`assembly_id`) ON DELETE CASCADE ON UPDATE CASCADE)
in SYSTEMPATH/Database/MySQLi/Connection.php on line 292.
 1 SYSTEMPATH/Database/MySQLi/Connection.php(292): mysqli->query()
 2 SYSTEMPATH/Database/BaseConnection.php(693): CodeIgniter\Database\MySQLi\Connection->execute()
 3 SYSTEMPATH/Database/BaseConnection.php(620): CodeIgniter\Database\BaseConnection->simpleQuery()
 4 SYSTEMPATH/Database/BaseBuilder.php(1916): CodeIgniter\Database\BaseConnection->query()
 5 SYSTEMPATH/Model.php(279): CodeIgniter\Database\BaseBuilder->insert()
 6 SYSTEMPATH/BaseModel.php(738): CodeIgniter\Model->doInsert()
 7 SYSTEMPATH/Model.php(667): CodeIgniter\BaseModel->insert()
 8 SYSTEMPATH/BaseModel.php(658): CodeIgniter\Model->insert()
 9 APPPATH/Controllers/assembly_votingController.php(50): CodeIgniter\BaseModel->save()
10 SYSTEMPATH/CodeIgniter.php(907): App\Controllers\assembly_votingController->save()
11 SYSTEMPATH/CodeIgniter.php(457): CodeIgniter\CodeIgniter->runController()
12 SYSTEMPATH/CodeIgniter.php(340): CodeIgniter\CodeIgniter->handleRequest()
13 FCPATH/index.php(68): CodeIgniter\CodeIgniter->run()
ERROR - 2022-09-26 21:42:14 --> mysqli_sql_exception: Cannot add or update a child row: a foreign key constraint fails (`Condguard`.`relative_vehicle`, CONSTRAINT `relative_vehicle_relative_id` FOREIGN KEY (`relative_id`) REFERENCES `relative` (`relative_id`) ON DELETE CASCADE ON UPDATE CASCADE) in /var/www/vhosts/blissful-napier.87-106-198-119.plesk.page/httpdocs/vendor/codeigniter4/framework/system/Database/MySQLi/Connection.php:292
Stack trace:
#0 /var/www/vhosts/blissful-napier.87-106-198-119.plesk.page/httpdocs/vendor/codeigniter4/framework/system/Database/MySQLi/Connection.php(292): mysqli->query()
#1 /var/www/vhosts/blissful-napier.87-106-198-119.plesk.page/httpdocs/vendor/codeigniter4/framework/system/Database/BaseConnection.php(693): CodeIgniter\Database\MySQLi\Connection->execute()
#2 /var/www/vhosts/blissful-napier.87-106-198-119.plesk.page/httpdocs/vendor/codeigniter4/framework/system/Database/BaseConnection.php(620): CodeIgniter\Database\BaseConnection->simpleQuery()
#3 /var/www/vhosts/blissful-napier.87-106-198-119.plesk.page/httpdocs/vendor/codeigniter4/framework/system/Database/BaseBuilder.php(1916): CodeIgniter\Database\BaseConnection->query()
#4 /var/www/vhosts/blissful-napier.87-106-198-119.plesk.page/httpdocs/vendor/codeigniter4/framework/system/Model.php(279): CodeIgniter\Database\BaseBuilder->insert()
#5 /var/www/vhosts/blissful-napier.87-106-198-119.plesk.page/httpdocs/vendor/codeigniter4/framework/system/BaseModel.php(738): CodeIgniter\Model->doInsert()
#6 /var/www/vhosts/blissful-napier.87-106-198-119.plesk.page/httpdocs/vendor/codeigniter4/framework/system/Model.php(667): CodeIgniter\BaseModel->insert()
#7 /var/www/vhosts/blissful-napier.87-106-198-119.plesk.page/httpdocs/vendor/codeigniter4/framework/system/BaseModel.php(658): CodeIgniter\Model->insert()
#8 /var/www/vhosts/blissful-napier.87-106-198-119.plesk.page/httpdocs/app/Controllers/relative_vehicleController.php(50): CodeIgniter\BaseModel->save()
#9 /var/www/vhosts/blissful-napier.87-106-198-119.plesk.page/httpdocs/vendor/codeigniter4/framework/system/CodeIgniter.php(907): App\Controllers\relative_vehicleController->save()
#10 /var/www/vhosts/blissful-napier.87-106-198-119.plesk.page/httpdocs/vendor/codeigniter4/framework/system/CodeIgniter.php(457): CodeIgniter\CodeIgniter->runController()
#11 /var/www/vhosts/blissful-napier.87-106-198-119.plesk.page/httpdocs/vendor/codeigniter4/framework/system/CodeIgniter.php(340): CodeIgniter\CodeIgniter->handleRequest()
#12 /var/www/vhosts/blissful-napier.87-106-198-119.plesk.page/httpdocs/public/index.php(68): CodeIgniter\CodeIgniter->run()
#13 {main}
CRITICAL - 2022-09-26 21:42:14 --> Cannot add or update a child row: a foreign key constraint fails (`Condguard`.`relative_vehicle`, CONSTRAINT `relative_vehicle_relative_id` FOREIGN KEY (`relative_id`) REFERENCES `relative` (`relative_id`) ON DELETE CASCADE ON UPDATE CASCADE)
in SYSTEMPATH/Database/MySQLi/Connection.php on line 292.
 1 SYSTEMPATH/Database/MySQLi/Connection.php(292): mysqli->query()
 2 SYSTEMPATH/Database/BaseConnection.php(693): CodeIgniter\Database\MySQLi\Connection->execute()
 3 SYSTEMPATH/Database/BaseConnection.php(620): CodeIgniter\Database\BaseConnection->simpleQuery()
 4 SYSTEMPATH/Database/BaseBuilder.php(1916): CodeIgniter\Database\BaseConnection->query()
 5 SYSTEMPATH/Model.php(279): CodeIgniter\Database\BaseBuilder->insert()
 6 SYSTEMPATH/BaseModel.php(738): CodeIgniter\Model->doInsert()
 7 SYSTEMPATH/Model.php(667): CodeIgniter\BaseModel->insert()
 8 SYSTEMPATH/BaseModel.php(658): CodeIgniter\Model->insert()
 9 APPPATH/Controllers/relative_vehicleController.php(50): CodeIgniter\BaseModel->save()
10 SYSTEMPATH/CodeIgniter.php(907): App\Controllers\relative_vehicleController->save()
11 SYSTEMPATH/CodeIgniter.php(457): CodeIgniter\CodeIgniter->runController()
12 SYSTEMPATH/CodeIgniter.php(340): CodeIgniter\CodeIgniter->handleRequest()
13 FCPATH/index.php(68): CodeIgniter\CodeIgniter->run()
CRITICAL - 2022-09-26 21:42:44 --> Undefined array key "relative_vehicle"
in APPPATH/Views/relative_vehicle/form.php on line 64.
 1 APPPATH/Views/relative_vehicle/form.php(64): CodeIgniter\Debug\Exceptions->errorHandler()
 2 SYSTEMPATH/View/View.php(213): include('APPPATH/Views/relative_vehicle/form.php')
 3 SYSTEMPATH/View/View.php(216): CodeIgniter\View\View->CodeIgniter\View\{closure}()
 4 SYSTEMPATH/Common.php(1142): CodeIgniter\View\View->render()
 5 APPPATH/Controllers/relative_vehicleController.php(35): view()
 6 SYSTEMPATH/CodeIgniter.php(907): App\Controllers\relative_vehicleController->edit()
 7 SYSTEMPATH/CodeIgniter.php(457): CodeIgniter\CodeIgniter->runController()
 8 SYSTEMPATH/CodeIgniter.php(340): CodeIgniter\CodeIgniter->handleRequest()
 9 FCPATH/index.php(68): CodeIgniter\CodeIgniter->run()
ERROR - 2022-09-26 21:50:12 --> mysqli_sql_exception: Column 'name' cannot be null in /var/www/vhosts/blissful-napier.87-106-198-119.plesk.page/httpdocs/vendor/codeigniter4/framework/system/Database/MySQLi/Connection.php:292
Stack trace:
#0 /var/www/vhosts/blissful-napier.87-106-198-119.plesk.page/httpdocs/vendor/codeigniter4/framework/system/Database/MySQLi/Connection.php(292): mysqli->query()
#1 /var/www/vhosts/blissful-napier.87-106-198-119.plesk.page/httpdocs/vendor/codeigniter4/framework/system/Database/BaseConnection.php(693): CodeIgniter\Database\MySQLi\Connection->execute()
#2 /var/www/vhosts/blissful-napier.87-106-198-119.plesk.page/httpdocs/vendor/codeigniter4/framework/system/Database/BaseConnection.php(620): CodeIgniter\Database\BaseConnection->simpleQuery()
#3 /var/www/vhosts/blissful-napier.87-106-198-119.plesk.page/httpdocs/vendor/codeigniter4/framework/system/Database/BaseBuilder.php(1916): CodeIgniter\Database\BaseConnection->query()
#4 /var/www/vhosts/blissful-napier.87-106-198-119.plesk.page/httpdocs/vendor/codeigniter4/framework/system/Model.php(279): CodeIgniter\Database\BaseBuilder->insert()
#5 /var/www/vhosts/blissful-napier.87-106-198-119.plesk.page/httpdocs/vendor/codeigniter4/framework/system/BaseModel.php(738): CodeIgniter\Model->doInsert()
#6 /var/www/vhosts/blissful-napier.87-106-198-119.plesk.page/httpdocs/vendor/codeigniter4/framework/system/Model.php(667): CodeIgniter\BaseModel->insert()
#7 /var/www/vhosts/blissful-napier.87-106-198-119.plesk.page/httpdocs/vendor/codeigniter4/framework/system/BaseModel.php(658): CodeIgniter\Model->insert()
#8 /var/www/vhosts/blissful-napier.87-106-198-119.plesk.page/httpdocs/app/Controllers/assemblyController.php(50): CodeIgniter\BaseModel->save()
#9 /var/www/vhosts/blissful-napier.87-106-198-119.plesk.page/httpdocs/vendor/codeigniter4/framework/system/CodeIgniter.php(907): App\Controllers\assemblyController->save()
#10 /var/www/vhosts/blissful-napier.87-106-198-119.plesk.page/httpdocs/vendor/codeigniter4/framework/system/CodeIgniter.php(457): CodeIgniter\CodeIgniter->runController()
#11 /var/www/vhosts/blissful-napier.87-106-198-119.plesk.page/httpdocs/vendor/codeigniter4/framework/system/CodeIgniter.php(340): CodeIgniter\CodeIgniter->handleRequest()
#12 /var/www/vhosts/blissful-napier.87-106-198-119.plesk.page/httpdocs/public/index.php(68): CodeIgniter\CodeIgniter->run()
#13 {main}
CRITICAL - 2022-09-26 21:50:12 --> Column 'name' cannot be null
in SYSTEMPATH/Database/MySQLi/Connection.php on line 292.
 1 SYSTEMPATH/Database/MySQLi/Connection.php(292): mysqli->query()
 2 SYSTEMPATH/Database/BaseConnection.php(693): CodeIgniter\Database\MySQLi\Connection->execute()
 3 SYSTEMPATH/Database/BaseConnection.php(620): CodeIgniter\Database\BaseConnection->simpleQuery()
 4 SYSTEMPATH/Database/BaseBuilder.php(1916): CodeIgniter\Database\BaseConnection->query()
 5 SYSTEMPATH/Model.php(279): CodeIgniter\Database\BaseBuilder->insert()
 6 SYSTEMPATH/BaseModel.php(738): CodeIgniter\Model->doInsert()
 7 SYSTEMPATH/Model.php(667): CodeIgniter\BaseModel->insert()
 8 SYSTEMPATH/BaseModel.php(658): CodeIgniter\Model->insert()
 9 APPPATH/Controllers/assemblyController.php(50): CodeIgniter\BaseModel->save()
10 SYSTEMPATH/CodeIgniter.php(907): App\Controllers\assemblyController->save()
11 SYSTEMPATH/CodeIgniter.php(457): CodeIgniter\CodeIgniter->runController()
12 SYSTEMPATH/CodeIgniter.php(340): CodeIgniter\CodeIgniter->handleRequest()
13 FCPATH/index.php(68): CodeIgniter\CodeIgniter->run()
ERROR - 2022-09-26 21:50:52 --> mysqli_sql_exception: Column 'answer' cannot be null in /var/www/vhosts/blissful-napier.87-106-198-119.plesk.page/httpdocs/vendor/codeigniter4/framework/system/Database/MySQLi/Connection.php:292
Stack trace:
#0 /var/www/vhosts/blissful-napier.87-106-198-119.plesk.page/httpdocs/vendor/codeigniter4/framework/system/Database/MySQLi/Connection.php(292): mysqli->query()
#1 /var/www/vhosts/blissful-napier.87-106-198-119.plesk.page/httpdocs/vendor/codeigniter4/framework/system/Database/BaseConnection.php(693): CodeIgniter\Database\MySQLi\Connection->execute()
#2 /var/www/vhosts/blissful-napier.87-106-198-119.plesk.page/httpdocs/vendor/codeigniter4/framework/system/Database/BaseConnection.php(620): CodeIgniter\Database\BaseConnection->simpleQuery()
#3 /var/www/vhosts/blissful-napier.87-106-198-119.plesk.page/httpdocs/vendor/codeigniter4/framework/system/Database/BaseBuilder.php(1916): CodeIgniter\Database\BaseConnection->query()
#4 /var/www/vhosts/blissful-napier.87-106-198-119.plesk.page/httpdocs/vendor/codeigniter4/framework/system/Model.php(279): CodeIgniter\Database\BaseBuilder->insert()
#5 /var/www/vhosts/blissful-napier.87-106-198-119.plesk.page/httpdocs/vendor/codeigniter4/framework/system/BaseModel.php(738): CodeIgniter\Model->doInsert()
#6 /var/www/vhosts/blissful-napier.87-106-198-119.plesk.page/httpdocs/vendor/codeigniter4/framework/system/Model.php(667): CodeIgniter\BaseModel->insert()
#7 /var/www/vhosts/blissful-napier.87-106-198-119.plesk.page/httpdocs/vendor/codeigniter4/framework/system/BaseModel.php(658): CodeIgniter\Model->insert()
#8 /var/www/vhosts/blissful-napier.87-106-198-119.plesk.page/httpdocs/app/Controllers/voteController.php(49): CodeIgniter\BaseModel->save()
#9 /var/www/vhosts/blissful-napier.87-106-198-119.plesk.page/httpdocs/vendor/codeigniter4/framework/system/CodeIgniter.php(907): App\Controllers\voteController->save()
#10 /var/www/vhosts/blissful-napier.87-106-198-119.plesk.page/httpdocs/vendor/codeigniter4/framework/system/CodeIgniter.php(457): CodeIgniter\CodeIgniter->runController()
#11 /var/www/vhosts/blissful-napier.87-106-198-119.plesk.page/httpdocs/vendor/codeigniter4/framework/system/CodeIgniter.php(340): CodeIgniter\CodeIgniter->handleRequest()
#12 /var/www/vhosts/blissful-napier.87-106-198-119.plesk.page/httpdocs/public/index.php(68): CodeIgniter\CodeIgniter->run()
#13 {main}
CRITICAL - 2022-09-26 21:50:52 --> Column 'answer' cannot be null
in SYSTEMPATH/Database/MySQLi/Connection.php on line 292.
 1 SYSTEMPATH/Database/MySQLi/Connection.php(292): mysqli->query()
 2 SYSTEMPATH/Database/BaseConnection.php(693): CodeIgniter\Database\MySQLi\Connection->execute()
 3 SYSTEMPATH/Database/BaseConnection.php(620): CodeIgniter\Database\BaseConnection->simpleQuery()
 4 SYSTEMPATH/Database/BaseBuilder.php(1916): CodeIgniter\Database\BaseConnection->query()
 5 SYSTEMPATH/Model.php(279): CodeIgniter\Database\BaseBuilder->insert()
 6 SYSTEMPATH/BaseModel.php(738): CodeIgniter\Model->doInsert()
 7 SYSTEMPATH/Model.php(667): CodeIgniter\BaseModel->insert()
 8 SYSTEMPATH/BaseModel.php(658): CodeIgniter\Model->insert()
 9 APPPATH/Controllers/voteController.php(49): CodeIgniter\BaseModel->save()
10 SYSTEMPATH/CodeIgniter.php(907): App\Controllers\voteController->save()
11 SYSTEMPATH/CodeIgniter.php(457): CodeIgniter\CodeIgniter->runController()
12 SYSTEMPATH/CodeIgniter.php(340): CodeIgniter\CodeIgniter->handleRequest()
13 FCPATH/index.php(68): CodeIgniter\CodeIgniter->run()
ERROR - 2022-09-26 22:10:22 --> mysqli_sql_exception: Cannot add or update a child row: a foreign key constraint fails (`Condguard`.`reservation`, CONSTRAINT `reservation_common_area_id` FOREIGN KEY (`common_area_id`) REFERENCES `common_area` (`common_area_id`) ON DELETE CASCADE ON UPDATE CASCADE) in /var/www/vhosts/blissful-napier.87-106-198-119.plesk.page/httpdocs/vendor/codeigniter4/framework/system/Database/MySQLi/Connection.php:292
Stack trace:
#0 /var/www/vhosts/blissful-napier.87-106-198-119.plesk.page/httpdocs/vendor/codeigniter4/framework/system/Database/MySQLi/Connection.php(292): mysqli->query()
#1 /var/www/vhosts/blissful-napier.87-106-198-119.plesk.page/httpdocs/vendor/codeigniter4/framework/system/Database/BaseConnection.php(693): CodeIgniter\Database\MySQLi\Connection->execute()
#2 /var/www/vhosts/blissful-napier.87-106-198-119.plesk.page/httpdocs/vendor/codeigniter4/framework/system/Database/BaseConnection.php(620): CodeIgniter\Database\BaseConnection->simpleQuery()
#3 /var/www/vhosts/blissful-napier.87-106-198-119.plesk.page/httpdocs/vendor/codeigniter4/framework/system/Database/BaseBuilder.php(1916): CodeIgniter\Database\BaseConnection->query()
#4 /var/www/vhosts/blissful-napier.87-106-198-119.plesk.page/httpdocs/vendor/codeigniter4/framework/system/Model.php(279): CodeIgniter\Database\BaseBuilder->insert()
#5 /var/www/vhosts/blissful-napier.87-106-198-119.plesk.page/httpdocs/vendor/codeigniter4/framework/system/BaseModel.php(738): CodeIgniter\Model->doInsert()
#6 /var/www/vhosts/blissful-napier.87-106-198-119.plesk.page/httpdocs/vendor/codeigniter4/framework/system/Model.php(667): CodeIgniter\BaseModel->insert()
#7 /var/www/vhosts/blissful-napier.87-106-198-119.plesk.page/httpdocs/vendor/codeigniter4/framework/system/BaseModel.php(658): CodeIgniter\Model->insert()
#8 /var/www/vhosts/blissful-napier.87-106-198-119.plesk.page/httpdocs/app/Controllers/reservationController.php(50): CodeIgniter\BaseModel->save()
#9 /var/www/vhosts/blissful-napier.87-106-198-119.plesk.page/httpdocs/vendor/codeigniter4/framework/system/CodeIgniter.php(907): App\Controllers\reservationController->save()
#10 /var/www/vhosts/blissful-napier.87-106-198-119.plesk.page/httpdocs/vendor/codeigniter4/framework/system/CodeIgniter.php(457): CodeIgniter\CodeIgniter->runController()
#11 /var/www/vhosts/blissful-napier.87-106-198-119.plesk.page/httpdocs/vendor/codeigniter4/framework/system/CodeIgniter.php(340): CodeIgniter\CodeIgniter->handleRequest()
#12 /var/www/vhosts/blissful-napier.87-106-198-119.plesk.page/httpdocs/public/index.php(68): CodeIgniter\CodeIgniter->run()
#13 {main}
CRITICAL - 2022-09-26 22:10:22 --> Cannot add or update a child row: a foreign key constraint fails (`Condguard`.`reservation`, CONSTRAINT `reservation_common_area_id` FOREIGN KEY (`common_area_id`) REFERENCES `common_area` (`common_area_id`) ON DELETE CASCADE ON UPDATE CASCADE)
in SYSTEMPATH/Database/MySQLi/Connection.php on line 292.
 1 SYSTEMPATH/Database/MySQLi/Connection.php(292): mysqli->query()
 2 SYSTEMPATH/Database/BaseConnection.php(693): CodeIgniter\Database\MySQLi\Connection->execute()
 3 SYSTEMPATH/Database/BaseConnection.php(620): CodeIgniter\Database\BaseConnection->simpleQuery()
 4 SYSTEMPATH/Database/BaseBuilder.php(1916): CodeIgniter\Database\BaseConnection->query()
 5 SYSTEMPATH/Model.php(279): CodeIgniter\Database\BaseBuilder->insert()
 6 SYSTEMPATH/BaseModel.php(738): CodeIgniter\Model->doInsert()
 7 SYSTEMPATH/Model.php(667): CodeIgniter\BaseModel->insert()
 8 SYSTEMPATH/BaseModel.php(658): CodeIgniter\Model->insert()
 9 APPPATH/Controllers/reservationController.php(50): CodeIgniter\BaseModel->save()
10 SYSTEMPATH/CodeIgniter.php(907): App\Controllers\reservationController->save()
11 SYSTEMPATH/CodeIgniter.php(457): CodeIgniter\CodeIgniter->runController()
12 SYSTEMPATH/CodeIgniter.php(340): CodeIgniter\CodeIgniter->handleRequest()
13 FCPATH/index.php(68): CodeIgniter\CodeIgniter->run()
