CRITICAL - 2022-10-17 01:48:07 --> unlink(): Argument #2 ($context) must be of type resource or null, string given
in APPPATH/Controllers/common_areaController.php on line 107.
 1 APPPATH/Controllers/common_areaController.php(107): unlink()
 2 SYSTEMPATH/CodeIgniter.php(907): App\Controllers\common_areaController->save()
 3 SYSTEMPATH/CodeIgniter.php(457): CodeIgniter\CodeIgniter->runController()
 4 SYSTEMPATH/CodeIgniter.php(340): CodeIgniter\CodeIgniter->handleRequest()
 5 FCPATH/index.php(68): CodeIgniter\CodeIgniter->run()
CRITICAL - 2022-10-17 01:48:41 --> unlink(): Argument #2 ($context) must be of type resource or null, string given
in APPPATH/Controllers/common_areaController.php on line 107.
 1 APPPATH/Controllers/common_areaController.php(107): unlink()
 2 SYSTEMPATH/CodeIgniter.php(907): App\Controllers\common_areaController->save()
 3 SYSTEMPATH/CodeIgniter.php(457): CodeIgniter\CodeIgniter->runController()
 4 SYSTEMPATH/CodeIgniter.php(340): CodeIgniter\CodeIgniter->handleRequest()
 5 FCPATH/index.php(68): CodeIgniter\CodeIgniter->run()
CRITICAL - 2022-10-17 01:50:35 --> unlink(): Argument #2 ($context) must be of type resource or null, string given
in APPPATH/Controllers/common_areaController.php on line 108.
 1 APPPATH/Controllers/common_areaController.php(108): unlink()
 2 SYSTEMPATH/CodeIgniter.php(907): App\Controllers\common_areaController->save()
 3 SYSTEMPATH/CodeIgniter.php(457): CodeIgniter\CodeIgniter->runController()
 4 SYSTEMPATH/CodeIgniter.php(340): CodeIgniter\CodeIgniter->handleRequest()
 5 FCPATH/index.php(68): CodeIgniter\CodeIgniter->run()
CRITICAL - 2022-10-17 01:50:41 --> unlink(): Argument #2 ($context) must be of type resource or null, string given
in APPPATH/Controllers/common_areaController.php on line 108.
 1 APPPATH/Controllers/common_areaController.php(108): unlink()
 2 SYSTEMPATH/CodeIgniter.php(907): App\Controllers\common_areaController->save()
 3 SYSTEMPATH/CodeIgniter.php(457): CodeIgniter\CodeIgniter->runController()
 4 SYSTEMPATH/CodeIgniter.php(340): CodeIgniter\CodeIgniter->handleRequest()
 5 FCPATH/index.php(68): CodeIgniter\CodeIgniter->run()
CRITICAL - 2022-10-17 01:52:49 --> unlink(): Argument #2 ($context) must be of type resource or null, string given
in APPPATH/Controllers/common_areaController.php on line 113.
 1 APPPATH/Controllers/common_areaController.php(113): unlink()
 2 SYSTEMPATH/CodeIgniter.php(907): App\Controllers\common_areaController->save()
 3 SYSTEMPATH/CodeIgniter.php(457): CodeIgniter\CodeIgniter->runController()
 4 SYSTEMPATH/CodeIgniter.php(340): CodeIgniter\CodeIgniter->handleRequest()
 5 FCPATH/index.php(68): CodeIgniter\CodeIgniter->run()
CRITICAL - 2022-10-17 01:53:55 --> unlink(/var/www/vhosts/blissful-napier.87-106-198-119.plesk.page/httpdocs/public/assets//img/common_areas1665981903_78d9c0b25d096366959d.png): No such file or directory
in APPPATH/Controllers/common_areaController.php on line 113.
 1 [internal function]: CodeIgniter\Debug\Exceptions->errorHandler()
 2 APPPATH/Controllers/common_areaController.php(113): unlink()
 3 SYSTEMPATH/CodeIgniter.php(907): App\Controllers\common_areaController->save()
 4 SYSTEMPATH/CodeIgniter.php(457): CodeIgniter\CodeIgniter->runController()
 5 SYSTEMPATH/CodeIgniter.php(340): CodeIgniter\CodeIgniter->handleRequest()
 6 FCPATH/index.php(68): CodeIgniter\CodeIgniter->run()
CRITICAL - 2022-10-17 01:56:38 --> unlink(/var/www/vhosts/blissful-napier.87-106-198-119.plesk.page/httpdocs/public/assets/img/common_areas/1665981903_78d9c0b25d096366959d.png): No such file or directory
in APPPATH/Controllers/common_areaController.php on line 113.
 1 [internal function]: CodeIgniter\Debug\Exceptions->errorHandler()
 2 APPPATH/Controllers/common_areaController.php(113): unlink()
 3 SYSTEMPATH/CodeIgniter.php(907): App\Controllers\common_areaController->save()
 4 SYSTEMPATH/CodeIgniter.php(457): CodeIgniter\CodeIgniter->runController()
 5 SYSTEMPATH/CodeIgniter.php(340): CodeIgniter\CodeIgniter->handleRequest()
 6 FCPATH/index.php(68): CodeIgniter\CodeIgniter->run()
CRITICAL - 2022-10-17 02:13:12 --> Undefined array key "validation"
in APPPATH/Controllers/common_areaController.php on line 71.
 1 APPPATH/Controllers/common_areaController.php(71): CodeIgniter\Debug\Exceptions->errorHandler()
 2 APPPATH/Controllers/common_areaController.php(139): App\Controllers\common_areaController->edit()
 3 SYSTEMPATH/CodeIgniter.php(907): App\Controllers\common_areaController->save()
 4 SYSTEMPATH/CodeIgniter.php(457): CodeIgniter\CodeIgniter->runController()
 5 SYSTEMPATH/CodeIgniter.php(340): CodeIgniter\CodeIgniter->handleRequest()
 6 FCPATH/index.php(68): CodeIgniter\CodeIgniter->run()
CRITICAL - 2022-10-17 02:14:44 --> unlink(/var/www/vhosts/blissful-napier.87-106-198-119.plesk.page/httpdocs/public/assets/img/common_areas/1665990485_2391ae1fe331e7d338ba.png): No such file or directory
in APPPATH/Controllers/common_areaController.php on line 113.
 1 [internal function]: CodeIgniter\Debug\Exceptions->errorHandler()
 2 APPPATH/Controllers/common_areaController.php(113): unlink()
 3 SYSTEMPATH/CodeIgniter.php(907): App\Controllers\common_areaController->save()
 4 SYSTEMPATH/CodeIgniter.php(457): CodeIgniter\CodeIgniter->runController()
 5 SYSTEMPATH/CodeIgniter.php(340): CodeIgniter\CodeIgniter->handleRequest()
 6 FCPATH/index.php(68): CodeIgniter\CodeIgniter->run()
CRITICAL - 2022-10-17 02:15:52 --> Undefined array key "common_area_id"
in APPPATH/Views/common_area/form.php on line 75.
 1 APPPATH/Views/common_area/form.php(75): CodeIgniter\Debug\Exceptions->errorHandler()
 2 SYSTEMPATH/View/View.php(213): include('APPPATH/Views/common_area/form.php')
 3 SYSTEMPATH/View/View.php(216): CodeIgniter\View\View->CodeIgniter\View\{closure}()
 4 SYSTEMPATH/Common.php(1142): CodeIgniter\View\View->render()
 5 APPPATH/Controllers/common_areaController.php(81): view()
 6 APPPATH/Controllers/common_areaController.php(139): App\Controllers\common_areaController->edit()
 7 SYSTEMPATH/CodeIgniter.php(907): App\Controllers\common_areaController->save()
 8 SYSTEMPATH/CodeIgniter.php(457): CodeIgniter\CodeIgniter->runController()
 9 SYSTEMPATH/CodeIgniter.php(340): CodeIgniter\CodeIgniter->handleRequest()
10 FCPATH/index.php(68): CodeIgniter\CodeIgniter->run()
CRITICAL - 2022-10-17 02:24:04 --> Undefined array key "image"
in APPPATH/Views/common_area/form.php on line 101.
 1 APPPATH/Views/common_area/form.php(101): CodeIgniter\Debug\Exceptions->errorHandler()
 2 SYSTEMPATH/View/View.php(213): include('APPPATH/Views/common_area/form.php')
 3 SYSTEMPATH/View/View.php(216): CodeIgniter\View\View->CodeIgniter\View\{closure}()
 4 SYSTEMPATH/Common.php(1142): CodeIgniter\View\View->render()
 5 APPPATH/Controllers/common_areaController.php(81): view()
 6 APPPATH/Controllers/common_areaController.php(143): App\Controllers\common_areaController->edit()
 7 SYSTEMPATH/CodeIgniter.php(907): App\Controllers\common_areaController->save()
 8 SYSTEMPATH/CodeIgniter.php(457): CodeIgniter\CodeIgniter->runController()
 9 SYSTEMPATH/CodeIgniter.php(340): CodeIgniter\CodeIgniter->handleRequest()
10 FCPATH/index.php(68): CodeIgniter\CodeIgniter->run()
CRITICAL - 2022-10-17 02:29:42 --> Undefined array key "image"
in APPPATH/Views/common_area/form.php on line 101.
 1 APPPATH/Views/common_area/form.php(101): CodeIgniter\Debug\Exceptions->errorHandler()
 2 SYSTEMPATH/View/View.php(213): include('APPPATH/Views/common_area/form.php')
 3 SYSTEMPATH/View/View.php(216): CodeIgniter\View\View->CodeIgniter\View\{closure}()
 4 SYSTEMPATH/Common.php(1142): CodeIgniter\View\View->render()
 5 APPPATH/Controllers/common_areaController.php(81): view()
 6 APPPATH/Controllers/common_areaController.php(143): App\Controllers\common_areaController->edit()
 7 SYSTEMPATH/CodeIgniter.php(907): App\Controllers\common_areaController->save()
 8 SYSTEMPATH/CodeIgniter.php(457): CodeIgniter\CodeIgniter->runController()
 9 SYSTEMPATH/CodeIgniter.php(340): CodeIgniter\CodeIgniter->handleRequest()
10 FCPATH/index.php(68): CodeIgniter\CodeIgniter->run()
CRITICAL - 2022-10-17 02:33:14 --> Undefined array key "image"
in APPPATH/Views/common_area/form.php on line 101.
 1 APPPATH/Views/common_area/form.php(101): CodeIgniter\Debug\Exceptions->errorHandler()
 2 SYSTEMPATH/View/View.php(213): include('APPPATH/Views/common_area/form.php')
 3 SYSTEMPATH/View/View.php(216): CodeIgniter\View\View->CodeIgniter\View\{closure}()
 4 SYSTEMPATH/Common.php(1142): CodeIgniter\View\View->render()
 5 APPPATH/Controllers/common_areaController.php(81): view()
 6 APPPATH/Controllers/common_areaController.php(144): App\Controllers\common_areaController->edit()
 7 SYSTEMPATH/CodeIgniter.php(907): App\Controllers\common_areaController->save()
 8 SYSTEMPATH/CodeIgniter.php(457): CodeIgniter\CodeIgniter->runController()
 9 SYSTEMPATH/CodeIgniter.php(340): CodeIgniter\CodeIgniter->handleRequest()
10 FCPATH/index.php(68): CodeIgniter\CodeIgniter->run()
CRITICAL - 2022-10-17 02:34:51 --> Undefined array key "image"
in APPPATH/Views/common_area/form.php on line 101.
 1 APPPATH/Views/common_area/form.php(101): CodeIgniter\Debug\Exceptions->errorHandler()
 2 SYSTEMPATH/View/View.php(213): include('APPPATH/Views/common_area/form.php')
 3 SYSTEMPATH/View/View.php(216): CodeIgniter\View\View->CodeIgniter\View\{closure}()
 4 SYSTEMPATH/Common.php(1142): CodeIgniter\View\View->render()
 5 APPPATH/Controllers/common_areaController.php(81): view()
 6 APPPATH/Controllers/common_areaController.php(144): App\Controllers\common_areaController->edit()
 7 SYSTEMPATH/CodeIgniter.php(907): App\Controllers\common_areaController->save()
 8 SYSTEMPATH/CodeIgniter.php(457): CodeIgniter\CodeIgniter->runController()
 9 SYSTEMPATH/CodeIgniter.php(340): CodeIgniter\CodeIgniter->handleRequest()
10 FCPATH/index.php(68): CodeIgniter\CodeIgniter->run()
CRITICAL - 2022-10-17 02:35:14 --> Undefined array key "image"
in APPPATH/Views/common_area/form.php on line 101.
 1 APPPATH/Views/common_area/form.php(101): CodeIgniter\Debug\Exceptions->errorHandler()
 2 SYSTEMPATH/View/View.php(213): include('APPPATH/Views/common_area/form.php')
 3 SYSTEMPATH/View/View.php(216): CodeIgniter\View\View->CodeIgniter\View\{closure}()
 4 SYSTEMPATH/Common.php(1142): CodeIgniter\View\View->render()
 5 APPPATH/Controllers/common_areaController.php(81): view()
 6 APPPATH/Controllers/common_areaController.php(144): App\Controllers\common_areaController->edit()
 7 SYSTEMPATH/CodeIgniter.php(907): App\Controllers\common_areaController->save()
 8 SYSTEMPATH/CodeIgniter.php(457): CodeIgniter\CodeIgniter->runController()
 9 SYSTEMPATH/CodeIgniter.php(340): CodeIgniter\CodeIgniter->handleRequest()
10 FCPATH/index.php(68): CodeIgniter\CodeIgniter->run()
CRITICAL - 2022-10-17 18:14:52 --> Undefined array key "reservation_id"
in APPPATH/Views/reservation/common_areas.php on line 24.
 1 APPPATH/Views/reservation/common_areas.php(24): CodeIgniter\Debug\Exceptions->errorHandler()
 2 SYSTEMPATH/View/View.php(213): include('APPPATH/Views/reservation/common_areas.php')
 3 SYSTEMPATH/View/View.php(216): CodeIgniter\View\View->CodeIgniter\View\{closure}()
 4 SYSTEMPATH/Common.php(1142): CodeIgniter\View\View->render()
 5 APPPATH/Controllers/reservationController.php(38): view()
 6 SYSTEMPATH/CodeIgniter.php(907): App\Controllers\reservationController->common_areas()
 7 SYSTEMPATH/CodeIgniter.php(457): CodeIgniter\CodeIgniter->runController()
 8 SYSTEMPATH/CodeIgniter.php(340): CodeIgniter\CodeIgniter->handleRequest()
 9 FCPATH/index.php(68): CodeIgniter\CodeIgniter->run()
CRITICAL - 2022-10-17 18:50:19 --> Undefined array key "entry_at"
in APPPATH/Views/reservation/request.php on line 56.
 1 APPPATH/Views/reservation/request.php(56): CodeIgniter\Debug\Exceptions->errorHandler()
 2 SYSTEMPATH/View/View.php(213): include('APPPATH/Views/reservation/request.php')
 3 SYSTEMPATH/View/View.php(216): CodeIgniter\View\View->CodeIgniter\View\{closure}()
 4 SYSTEMPATH/Common.php(1142): CodeIgniter\View\View->render()
 5 APPPATH/Controllers/reservationController.php(57): view()
 6 SYSTEMPATH/CodeIgniter.php(907): App\Controllers\reservationController->request()
 7 SYSTEMPATH/CodeIgniter.php(457): CodeIgniter\CodeIgniter->runController()
 8 SYSTEMPATH/CodeIgniter.php(340): CodeIgniter\CodeIgniter->handleRequest()
 9 FCPATH/index.php(68): CodeIgniter\CodeIgniter->run()
CRITICAL - 2022-10-17 19:17:59 --> syntax error, unexpected single-quoted string "reservation/common_areas", expecting "]"
in APPPATH/Config/Filters.php on line 113.
 1 SYSTEMPATH/Autoloader/Autoloader.php(259): CodeIgniter\Autoloader\Autoloader->includeFile()
 2 SYSTEMPATH/Autoloader/Autoloader.php(237): CodeIgniter\Autoloader\Autoloader->loadInNamespace()
 3 [internal function]: CodeIgniter\Autoloader\Autoloader->loadClass()
 4 SYSTEMPATH/Config/Factories.php(152): class_exists()
 5 SYSTEMPATH/Config/Factories.php(122): CodeIgniter\Config\Factories::locateClass()
 6 SYSTEMPATH/Common.php(200): CodeIgniter\Config\Factories::__callStatic()
 7 SYSTEMPATH/Config/Services.php(283): config()
 8 SYSTEMPATH/Config/BaseService.php(253): CodeIgniter\Config\Services::filters()
 9 SYSTEMPATH/Config/BaseService.php(194): CodeIgniter\Config\BaseService::__callStatic()
10 SYSTEMPATH/Config/Services.php(280): CodeIgniter\Config\BaseService::getSharedInstance()
11 SYSTEMPATH/Config/BaseService.php(253): CodeIgniter\Config\Services::filters()
12 SYSTEMPATH/CodeIgniter.php(411): CodeIgniter\Config\BaseService::__callStatic()
13 SYSTEMPATH/CodeIgniter.php(340): CodeIgniter\CodeIgniter->handleRequest()
14 FCPATH/index.php(68): CodeIgniter\CodeIgniter->run()
CRITICAL - 2022-10-17 19:20:56 --> syntax error, unexpected token "endforeach", expecting end of file
in APPPATH/Views/reservation/request.php on line 46.
 1 SYSTEMPATH/View/View.php(216): CodeIgniter\View\View->CodeIgniter\View\{closure}()
 2 SYSTEMPATH/Common.php(1142): CodeIgniter\View\View->render()
 3 APPPATH/Controllers/reservationController.php(57): view()
 4 SYSTEMPATH/CodeIgniter.php(907): App\Controllers\reservationController->request()
 5 SYSTEMPATH/CodeIgniter.php(457): CodeIgniter\CodeIgniter->runController()
 6 SYSTEMPATH/CodeIgniter.php(340): CodeIgniter\CodeIgniter->handleRequest()
 7 FCPATH/index.php(68): CodeIgniter\CodeIgniter->run()
CRITICAL - 2022-10-17 18:25:06 --> Undefined variable $relacion
in APPPATH/Views/reservation/request.php on line 43.
 1 APPPATH/Views/reservation/request.php(43): CodeIgniter\Debug\Exceptions->errorHandler()
 2 SYSTEMPATH/View/View.php(213): include('APPPATH/Views/reservation/request.php')
 3 SYSTEMPATH/View/View.php(216): CodeIgniter\View\View->CodeIgniter\View\{closure}()
 4 SYSTEMPATH/Common.php(1142): CodeIgniter\View\View->render()
 5 APPPATH/Controllers/reservationController.php(57): view()
 6 SYSTEMPATH/CodeIgniter.php(907): App\Controllers\reservationController->request()
 7 SYSTEMPATH/CodeIgniter.php(457): CodeIgniter\CodeIgniter->runController()
 8 SYSTEMPATH/CodeIgniter.php(340): CodeIgniter\CodeIgniter->handleRequest()
 9 FCPATH/index.php(68): CodeIgniter\CodeIgniter->run()
ERROR - 2022-10-17 19:43:25 --> mysqli_sql_exception: Cannot add or update a child row: a foreign key constraint fails (`Condguard`.`reservation`, CONSTRAINT `reservation_relative_id` FOREIGN KEY (`relative_id`) REFERENCES `relative` (`relative_id`) ON DELETE CASCADE ON UPDATE CASCADE) in /var/www/vhosts/blissful-napier.87-106-198-119.plesk.page/httpdocs/vendor/codeigniter4/framework/system/Database/MySQLi/Connection.php:292
Stack trace:
#0 /var/www/vhosts/blissful-napier.87-106-198-119.plesk.page/httpdocs/vendor/codeigniter4/framework/system/Database/MySQLi/Connection.php(292): mysqli->query()
#1 /var/www/vhosts/blissful-napier.87-106-198-119.plesk.page/httpdocs/vendor/codeigniter4/framework/system/Database/BaseConnection.php(693): CodeIgniter\Database\MySQLi\Connection->execute()
#2 /var/www/vhosts/blissful-napier.87-106-198-119.plesk.page/httpdocs/vendor/codeigniter4/framework/system/Database/BaseConnection.php(620): CodeIgniter\Database\BaseConnection->simpleQuery()
#3 /var/www/vhosts/blissful-napier.87-106-198-119.plesk.page/httpdocs/vendor/codeigniter4/framework/system/Database/BaseBuilder.php(1916): CodeIgniter\Database\BaseConnection->query()
#4 /var/www/vhosts/blissful-napier.87-106-198-119.plesk.page/httpdocs/vendor/codeigniter4/framework/system/Model.php(279): CodeIgniter\Database\BaseBuilder->insert()
#5 /var/www/vhosts/blissful-napier.87-106-198-119.plesk.page/httpdocs/vendor/codeigniter4/framework/system/BaseModel.php(738): CodeIgniter\Model->doInsert()
#6 /var/www/vhosts/blissful-napier.87-106-198-119.plesk.page/httpdocs/vendor/codeigniter4/framework/system/Model.php(667): CodeIgniter\BaseModel->insert()
#7 /var/www/vhosts/blissful-napier.87-106-198-119.plesk.page/httpdocs/vendor/codeigniter4/framework/system/BaseModel.php(658): CodeIgniter\Model->insert()
#8 /var/www/vhosts/blissful-napier.87-106-198-119.plesk.page/httpdocs/app/Controllers/reservationController.php(149): CodeIgniter\BaseModel->save()
#9 /var/www/vhosts/blissful-napier.87-106-198-119.plesk.page/httpdocs/vendor/codeigniter4/framework/system/CodeIgniter.php(907): App\Controllers\reservationController->save()
#10 /var/www/vhosts/blissful-napier.87-106-198-119.plesk.page/httpdocs/vendor/codeigniter4/framework/system/CodeIgniter.php(457): CodeIgniter\CodeIgniter->runController()
#11 /var/www/vhosts/blissful-napier.87-106-198-119.plesk.page/httpdocs/vendor/codeigniter4/framework/system/CodeIgniter.php(340): CodeIgniter\CodeIgniter->handleRequest()
#12 /var/www/vhosts/blissful-napier.87-106-198-119.plesk.page/httpdocs/public/index.php(68): CodeIgniter\CodeIgniter->run()
#13 {main}
CRITICAL - 2022-10-17 19:43:25 --> Cannot add or update a child row: a foreign key constraint fails (`Condguard`.`reservation`, CONSTRAINT `reservation_relative_id` FOREIGN KEY (`relative_id`) REFERENCES `relative` (`relative_id`) ON DELETE CASCADE ON UPDATE CASCADE)
in SYSTEMPATH/Database/MySQLi/Connection.php on line 292.
 1 SYSTEMPATH/Database/MySQLi/Connection.php(292): mysqli->query()
 2 SYSTEMPATH/Database/BaseConnection.php(693): CodeIgniter\Database\MySQLi\Connection->execute()
 3 SYSTEMPATH/Database/BaseConnection.php(620): CodeIgniter\Database\BaseConnection->simpleQuery()
 4 SYSTEMPATH/Database/BaseBuilder.php(1916): CodeIgniter\Database\BaseConnection->query()
 5 SYSTEMPATH/Model.php(279): CodeIgniter\Database\BaseBuilder->insert()
 6 SYSTEMPATH/BaseModel.php(738): CodeIgniter\Model->doInsert()
 7 SYSTEMPATH/Model.php(667): CodeIgniter\BaseModel->insert()
 8 SYSTEMPATH/BaseModel.php(658): CodeIgniter\Model->insert()
 9 APPPATH/Controllers/reservationController.php(149): CodeIgniter\BaseModel->save()
10 SYSTEMPATH/CodeIgniter.php(907): App\Controllers\reservationController->save()
11 SYSTEMPATH/CodeIgniter.php(457): CodeIgniter\CodeIgniter->runController()
12 SYSTEMPATH/CodeIgniter.php(340): CodeIgniter\CodeIgniter->handleRequest()
13 FCPATH/index.php(68): CodeIgniter\CodeIgniter->run()
CRITICAL - 2022-10-17 18:49:15 --> Undefined array key "land_number"
in APPPATH/Views/reservation/request.php on line 41.
 1 APPPATH/Views/reservation/request.php(41): CodeIgniter\Debug\Exceptions->errorHandler()
 2 SYSTEMPATH/View/View.php(213): include('APPPATH/Views/reservation/request.php')
 3 SYSTEMPATH/View/View.php(216): CodeIgniter\View\View->CodeIgniter\View\{closure}()
 4 SYSTEMPATH/Common.php(1142): CodeIgniter\View\View->render()
 5 APPPATH/Controllers/reservationController.php(57): view()
 6 SYSTEMPATH/CodeIgniter.php(907): App\Controllers\reservationController->request()
 7 SYSTEMPATH/CodeIgniter.php(457): CodeIgniter\CodeIgniter->runController()
 8 SYSTEMPATH/CodeIgniter.php(340): CodeIgniter\CodeIgniter->handleRequest()
 9 FCPATH/index.php(68): CodeIgniter\CodeIgniter->run()
